
build/main.elf:     file format elf32-littlearm

Sections:
Idx Name          Size      VMA       LMA       File off  Algn
  0 .text         00000a60  08000000  0c000000  00010000  2**2
                  CONTENTS, ALLOC, LOAD, READONLY, CODE
  1 Stack         00000800  10000000  10000000  00030000  2**0
                  ALLOC
  2 .ram_code     00000000  10000800  10000800  00020430  2**0
                  CONTENTS
  3 PSRAM_DATA    00000000  10000800  10000800  00020430  2**0
                  CONTENTS
  4 PSRAM_BSS     00000000  10000800  10000800  00020430  2**0
                  CONTENTS
  5 .data         00000430  20000000  0c000a60  00020000  2**3
                  CONTENTS, ALLOC, LOAD, DATA
  6 .bss          00000008  20000430  0c000e90  00020430  2**2
                  ALLOC
  7 .no_init      00000014  2000ffc0  2000ffc0  0002ffc0  2**2
                  ALLOC
  8 DSRAM2_DATA   00000000  30000000  30000000  00020430  2**0
                  CONTENTS
  9 DSRAM2_BSS    00000000  30000000  30000000  00020430  2**0
                  CONTENTS
 10 .debug_aranges 00000108  00000000  00000000  00020430  2**3
                  CONTENTS, READONLY, DEBUGGING
 11 .debug_info   0000439f  00000000  00000000  00020538  2**0
                  CONTENTS, READONLY, DEBUGGING
 12 .debug_abbrev 00000a7e  00000000  00000000  000248d7  2**0
                  CONTENTS, READONLY, DEBUGGING
 13 .debug_line   00001212  00000000  00000000  00025355  2**0
                  CONTENTS, READONLY, DEBUGGING
 14 .debug_frame  000002ac  00000000  00000000  00026568  2**2
                  CONTENTS, READONLY, DEBUGGING
 15 .debug_str    00075866  00000000  00000000  00026814  2**0
                  CONTENTS, READONLY, DEBUGGING
 16 .debug_loc    0000043c  00000000  00000000  0009c07a  2**0
                  CONTENTS, READONLY, DEBUGGING
 17 .debug_ranges 00000098  00000000  00000000  0009c4b6  2**0
                  CONTENTS, READONLY, DEBUGGING
 18 .build_attributes 000001c2  00000000  00000000  0009c54e  2**0
                  CONTENTS, READONLY
 19 .debug_macro  000189de  00000000  00000000  0009c710  2**0
                  CONTENTS, READONLY, DEBUGGING

Disassembly of section .text:

08000000 <__Vectors>:
 8000000:	00 08 00 10 01 02 00 08 b1 02 00 08 b1 02 00 08     ................
 8000010:	b1 02 00 08 b1 02 00 08 b1 02 00 08 00 00 00 00     ................
	...
 800002c:	b1 02 00 08 b1 02 00 08 00 00 00 00 b1 02 00 08     ................
 800003c:	b1 02 00 08 b1 02 00 08 b1 02 00 08 b1 02 00 08     ................
 800004c:	b1 02 00 08 b1 02 00 08 b1 02 00 08 b1 02 00 08     ................
 800005c:	b1 02 00 08 b1 02 00 08 00 00 00 00 00 00 00 00     ................
 800006c:	00 00 00 00 b1 02 00 08 00 00 00 00 b1 02 00 08     ................
 800007c:	b1 02 00 08 b1 02 00 08 b1 02 00 08 b1 02 00 08     ................
 800008c:	b1 02 00 08 b1 02 00 08 b1 02 00 08 b1 02 00 08     ................
 800009c:	b1 02 00 08 b1 02 00 08 b1 02 00 08 b1 02 00 08     ................
 80000ac:	b1 02 00 08 b1 02 00 08 b1 02 00 08 b1 02 00 08     ................
 80000bc:	b1 02 00 08 b1 02 00 08 b1 02 00 08 b1 02 00 08     ................
 80000cc:	b1 02 00 08 b1 02 00 08 b1 02 00 08 b1 02 00 08     ................
 80000dc:	b1 02 00 08 b1 02 00 08 b1 02 00 08 b1 02 00 08     ................
 80000ec:	b1 02 00 08 b1 02 00 08 b1 02 00 08 b1 02 00 08     ................
 80000fc:	b1 02 00 08 b1 02 00 08 b1 02 00 08 b1 02 00 08     ................
 800010c:	b1 02 00 08 b1 02 00 08 b1 02 00 08 b1 02 00 08     ................
 800011c:	b1 02 00 08 b1 02 00 08 b1 02 00 08 b1 02 00 08     ................
 800012c:	b1 02 00 08 b1 02 00 08 b1 02 00 08 b1 02 00 08     ................
 800013c:	b1 02 00 08 b1 02 00 08 b1 02 00 08 b1 02 00 08     ................
 800014c:	b1 02 00 08 b1 02 00 08 b1 02 00 08 b1 02 00 08     ................
 800015c:	b1 02 00 08 00 00 00 00 00 00 00 00 00 00 00 00     ................
 800016c:	00 00 00 00 b1 02 00 08 b1 02 00 08 b1 02 00 08     ................
 800017c:	b1 02 00 08 b1 02 00 08 b1 02 00 08 b1 02 00 08     ................
 800018c:	b1 02 00 08 b1 02 00 08 b1 02 00 08 b1 02 00 08     ................
 800019c:	b1 02 00 08 b1 02 00 08 b1 02 00 08 b1 02 00 08     ................
 80001ac:	b1 02 00 08 b1 02 00 08 b1 02 00 08 b1 02 00 08     ................
 80001bc:	b1 02 00 08 b1 02 00 08 b1 02 00 08 b1 02 00 08     ................
 80001cc:	b1 02 00 08 b1 02 00 08 b1 02 00 08 b1 02 00 08     ................
 80001dc:	00 00 00 00 b1 02 00 08 b1 02 00 08 b1 02 00 08     ................
 80001ec:	b1 02 00 08 b1 02 00 08 00 00 00 00 b1 02 00 08     ................
 80001fc:	00 00 00 00                                         ....

08000200 <Reset_Handler>:
/* Reset Handler */
    .thumb_func
    .globl  Reset_Handler
    .type   Reset_Handler, %function
Reset_Handler:
    ldr sp,=__initial_sp
 8000200:	f8df d08c 	ldr.w	sp, [pc, #140]	; 8000290 <__zero_table_end__>

#ifndef __SKIP_SYSTEM_INIT
    ldr  r0, =SystemInit
 8000204:	4823      	ldr	r0, [pc, #140]	; (8000294 <__zero_table_end__+0x4>)
    blx  r0
 8000206:	4780      	blx	r0
 *    offset 4: VMA of start of a section to copy to
 *    offset 8: size of the section to copy. Must be multiply of 4
 *
 *  All addresses must be aligned to 4 bytes boundary.
 */
	ldr	r4, =__copy_table_start__
 8000208:	4c23      	ldr	r4, [pc, #140]	; (8000298 <__zero_table_end__+0x8>)
	ldr	r5, =__copy_table_end__
 800020a:	4d24      	ldr	r5, [pc, #144]	; (800029c <__zero_table_end__+0xc>)

.L_loop0:
	cmp	r4, r5
 800020c:	42ac      	cmp	r4, r5
	bge	.L_loop0_done
 800020e:	da09      	bge.n	8000224 <Reset_Handler+0x24>
	ldr	r1, [r4]
 8000210:	6821      	ldr	r1, [r4, #0]
	ldr	r2, [r4, #4]
 8000212:	6862      	ldr	r2, [r4, #4]
	ldr	r3, [r4, #8]
 8000214:	68a3      	ldr	r3, [r4, #8]

.L_loop0_0:
	subs	r3, #4
 8000216:	3b04      	subs	r3, #4
	ittt	ge
 8000218:	bfa2      	ittt	ge
	ldrge	r0, [r1, r3]
 800021a:	58c8      	ldrge	r0, [r1, r3]
	strge	r0, [r2, r3]
 800021c:	50d0      	strge	r0, [r2, r3]
	bge	.L_loop0_0
 800021e:	e7fa      	bge.n	8000216 <Reset_Handler+0x16>

	adds	r4, #12
 8000220:	340c      	adds	r4, #12
	b	.L_loop0
 8000222:	e7f3      	b.n	800020c <Reset_Handler+0xc>
 *    offset 4: Size of this BSS section. Must be multiply of 4
 *
 *  Define __SKIP_BSS_CLEAR to disable zeroing uninitialzed data in startup.
 */    
#ifndef __SKIP_BSS_CLEAR
	ldr	r3, =__zero_table_start__
 8000224:	4b1e      	ldr	r3, [pc, #120]	; (80002a0 <__zero_table_end__+0x10>)
	ldr	r4, =__zero_table_end__
 8000226:	4c1f      	ldr	r4, [pc, #124]	; (80002a4 <__zero_table_end__+0x14>)

.L_loop2:
	cmp	r3, r4
 8000228:	42a3      	cmp	r3, r4
	bge	.L_loop2_done
 800022a:	da08      	bge.n	800023e <Reset_Handler+0x3e>
	ldr	r1, [r3]
 800022c:	6819      	ldr	r1, [r3, #0]
	ldr	r2, [r3, #4]
 800022e:	685a      	ldr	r2, [r3, #4]
	movs	r0, 0
 8000230:	2000      	movs	r0, #0

.L_loop2_0:
	subs	r2, #4
 8000232:	3a04      	subs	r2, #4
	itt	ge
 8000234:	bfa4      	itt	ge
	strge	r0, [r1, r2]
 8000236:	5088      	strge	r0, [r1, r2]
	bge	.L_loop2_0
 8000238:	e7fb      	bge.n	8000232 <Reset_Handler+0x32>

	adds	r3, #8
 800023a:	3308      	adds	r3, #8
	b	.L_loop2
 800023c:	e7f4      	b.n	8000228 <Reset_Handler+0x28>
.L_loop2_done:    
#endif /* __SKIP_BSS_CLEAR */
   
#ifndef __SKIP_LIBC_INIT_ARRAY
    ldr  r0, =__libc_init_array
 800023e:	481a      	ldr	r0, [pc, #104]	; (80002a8 <__zero_table_end__+0x18>)
    blx  r0
 8000240:	4780      	blx	r0
#endif

    ldr  r0, =main
 8000242:	481a      	ldr	r0, [pc, #104]	; (80002ac <__zero_table_end__+0x1c>)
    blx  r0
 8000244:	4780      	blx	r0
	...

08000248 <__copy_table_start__>:
 8000248:	0c000a60 	.word	0x0c000a60
 800024c:	20000000 	.word	0x20000000
 8000250:	00000430 	.word	0x00000430
 8000254:	0c000e90 	.word	0x0c000e90
 8000258:	30000000 	.word	0x30000000
 800025c:	00000000 	.word	0x00000000
 8000260:	0c000a60 	.word	0x0c000a60
 8000264:	10000800 	.word	0x10000800
 8000268:	00000000 	.word	0x00000000
 800026c:	0c000a60 	.word	0x0c000a60
 8000270:	10000800 	.word	0x10000800
 8000274:	00000000 	.word	0x00000000

08000278 <__copy_table_end__>:
 8000278:	20000430 	.word	0x20000430
 800027c:	00000008 	.word	0x00000008
 8000280:	30000000 	.word	0x30000000
 8000284:	00000000 	.word	0x00000000
 8000288:	10000800 	.word	0x10000800
 800028c:	00000000 	.word	0x00000000

08000290 <__zero_table_end__>:
    ldr sp,=__initial_sp
 8000290:	10000800 	.word	0x10000800
    ldr  r0, =SystemInit
 8000294:	08000601 	.word	0x08000601
	ldr	r4, =__copy_table_start__
 8000298:	08000248 	.word	0x08000248
	ldr	r5, =__copy_table_end__
 800029c:	08000278 	.word	0x08000278
	ldr	r3, =__zero_table_start__
 80002a0:	08000278 	.word	0x08000278
	ldr	r4, =__zero_table_end__
 80002a4:	08000290 	.word	0x08000290
    ldr  r0, =__libc_init_array
 80002a8:	08000a09 	.word	0x08000a09
    ldr  r0, =main
 80002ac:	080002d9 	.word	0x080002d9

080002b0 <BusFault_Handler>:
	.align	1
    .thumb_func
    .weak Default_Handler
    .type Default_Handler, %function
Default_Handler:
    b .
 80002b0:	e7fe      	b.n	80002b0 <BusFault_Handler>

080002b2 <XMC_GPIO_ToggleOutput>:
 * and does not contain any flip-flop. A read action delivers the value of 0.
 *
 */

__STATIC_INLINE void XMC_GPIO_ToggleOutput(XMC_GPIO_PORT_t *const port, const uint8_t pin)
{
 80002b2:	b480      	push	{r7}
 80002b4:	b083      	sub	sp, #12
 80002b6:	af00      	add	r7, sp, #0
 80002b8:	6078      	str	r0, [r7, #4]
 80002ba:	460b      	mov	r3, r1
 80002bc:	70fb      	strb	r3, [r7, #3]
  XMC_ASSERT("XMC_GPIO_ToggleOutput: Invalid port", XMC_GPIO_CHECK_OUTPUT_PORT(port));

  port->OMR = 0x10001U << pin;
 80002be:	78fb      	ldrb	r3, [r7, #3]
 80002c0:	f04f 1201 	mov.w	r2, #65537	; 0x10001
 80002c4:	409a      	lsls	r2, r3
 80002c6:	687b      	ldr	r3, [r7, #4]
 80002c8:	605a      	str	r2, [r3, #4]
}
 80002ca:	bf00      	nop
 80002cc:	370c      	adds	r7, #12
 80002ce:	46bd      	mov	sp, r7
 80002d0:	f85d 7b04 	ldr.w	r7, [sp], #4
 80002d4:	4770      	bx	lr
	...

080002d8 <main>:
#include <xmc_gpio.h>

int main(void)
{
 80002d8:	b580      	push	{r7, lr}
 80002da:	b086      	sub	sp, #24
 80002dc:	af00      	add	r7, sp, #0

  const XMC_GPIO_CONFIG_t LED_config = 
 80002de:	4a17      	ldr	r2, [pc, #92]	; (800033c <main+0x64>)
 80002e0:	1d3b      	adds	r3, r7, #4
 80002e2:	ca07      	ldmia	r2, {r0, r1, r2}
 80002e4:	e883 0007 	stmia.w	r3, {r0, r1, r2}
        {.mode=XMC_GPIO_MODE_OUTPUT_PUSH_PULL,
         .output_level=XMC_GPIO_OUTPUT_LEVEL_LOW,
         .output_strength=XMC_GPIO_OUTPUT_STRENGTH_STRONG_SHARP_EDGE};

  XMC_GPIO_Init(XMC_GPIO_PORT1, 1, &LED_config);
 80002e8:	1d3b      	adds	r3, r7, #4
 80002ea:	461a      	mov	r2, r3
 80002ec:	2101      	movs	r1, #1
 80002ee:	4814      	ldr	r0, [pc, #80]	; (8000340 <main+0x68>)
 80002f0:	f000 f88c 	bl	800040c <XMC_GPIO_Init>
  XMC_GPIO_Init(XMC_GPIO_PORT1, 0, &LED_config);
 80002f4:	1d3b      	adds	r3, r7, #4
 80002f6:	461a      	mov	r2, r3
 80002f8:	2100      	movs	r1, #0
 80002fa:	4811      	ldr	r0, [pc, #68]	; (8000340 <main+0x68>)
 80002fc:	f000 f886 	bl	800040c <XMC_GPIO_Init>

  while(1) {
    for(int32_t waiter=(1<<20); waiter >= 0; waiter--);
 8000300:	f44f 1380 	mov.w	r3, #1048576	; 0x100000
 8000304:	617b      	str	r3, [r7, #20]
 8000306:	e002      	b.n	800030e <main+0x36>
 8000308:	697b      	ldr	r3, [r7, #20]
 800030a:	3b01      	subs	r3, #1
 800030c:	617b      	str	r3, [r7, #20]
 800030e:	697b      	ldr	r3, [r7, #20]
 8000310:	2b00      	cmp	r3, #0
 8000312:	daf9      	bge.n	8000308 <main+0x30>
    XMC_GPIO_ToggleOutput(XMC_GPIO_PORT1, 1);
 8000314:	2101      	movs	r1, #1
 8000316:	480a      	ldr	r0, [pc, #40]	; (8000340 <main+0x68>)
 8000318:	f7ff ffcb 	bl	80002b2 <XMC_GPIO_ToggleOutput>
    for(int32_t waiter=(1<<20); waiter >= 0; waiter--);
 800031c:	f44f 1380 	mov.w	r3, #1048576	; 0x100000
 8000320:	613b      	str	r3, [r7, #16]
 8000322:	e002      	b.n	800032a <main+0x52>
 8000324:	693b      	ldr	r3, [r7, #16]
 8000326:	3b01      	subs	r3, #1
 8000328:	613b      	str	r3, [r7, #16]
 800032a:	693b      	ldr	r3, [r7, #16]
 800032c:	2b00      	cmp	r3, #0
 800032e:	daf9      	bge.n	8000324 <main+0x4c>
    XMC_GPIO_ToggleOutput(XMC_GPIO_PORT1, 0);
 8000330:	2100      	movs	r1, #0
 8000332:	4803      	ldr	r0, [pc, #12]	; (8000340 <main+0x68>)
 8000334:	f7ff ffbd 	bl	80002b2 <XMC_GPIO_ToggleOutput>
    for(int32_t waiter=(1<<20); waiter >= 0; waiter--);
 8000338:	e7e2      	b.n	8000300 <main+0x28>
 800033a:	bf00      	nop
 800033c:	08000a50 	.word	0x08000a50
 8000340:	48028100 	.word	0x48028100

08000344 <XMC_GPIO_SetMode>:
/*******************************************************************************
 * API IMPLEMENTATION
 *******************************************************************************/

void XMC_GPIO_SetMode(XMC_GPIO_PORT_t *const port, const uint8_t pin, const XMC_GPIO_MODE_t mode)
{
 8000344:	b480      	push	{r7}
 8000346:	b083      	sub	sp, #12
 8000348:	af00      	add	r7, sp, #0
 800034a:	6078      	str	r0, [r7, #4]
 800034c:	460b      	mov	r3, r1
 800034e:	70fb      	strb	r3, [r7, #3]
 8000350:	4613      	mov	r3, r2
 8000352:	70bb      	strb	r3, [r7, #2]
  XMC_ASSERT("XMC_GPIO_SetMode: Invalid port", XMC_GPIO_CHECK_PORT(port));
  XMC_ASSERT("XMC_GPIO_SetMode: Invalid mode", XMC_GPIO_IsModeValid(mode));

  port->IOCR[(uint32_t)pin >> 2U] &= ~(uint32_t)((uint32_t)PORT_IOCR_PC_Msk << ((uint32_t)PORT_IOCR_PC_Size * ((uint32_t)pin & 0x3U)));
 8000354:	78fb      	ldrb	r3, [r7, #3]
 8000356:	089b      	lsrs	r3, r3, #2
 8000358:	b2db      	uxtb	r3, r3
 800035a:	461a      	mov	r2, r3
 800035c:	687b      	ldr	r3, [r7, #4]
 800035e:	3204      	adds	r2, #4
 8000360:	f853 2022 	ldr.w	r2, [r3, r2, lsl #2]
 8000364:	78fb      	ldrb	r3, [r7, #3]
 8000366:	f003 0303 	and.w	r3, r3, #3
 800036a:	00db      	lsls	r3, r3, #3
 800036c:	21f8      	movs	r1, #248	; 0xf8
 800036e:	fa01 f303 	lsl.w	r3, r1, r3
 8000372:	43db      	mvns	r3, r3
 8000374:	78f9      	ldrb	r1, [r7, #3]
 8000376:	0889      	lsrs	r1, r1, #2
 8000378:	b2c9      	uxtb	r1, r1
 800037a:	4608      	mov	r0, r1
 800037c:	ea02 0103 	and.w	r1, r2, r3
 8000380:	687b      	ldr	r3, [r7, #4]
 8000382:	1d02      	adds	r2, r0, #4
 8000384:	f843 1022 	str.w	r1, [r3, r2, lsl #2]
  port->IOCR[(uint32_t)pin >> 2U] |= (uint32_t)mode << ((uint32_t)PORT_IOCR_PC_Size * ((uint32_t)pin & 0x3U));
 8000388:	78fb      	ldrb	r3, [r7, #3]
 800038a:	089b      	lsrs	r3, r3, #2
 800038c:	b2db      	uxtb	r3, r3
 800038e:	461a      	mov	r2, r3
 8000390:	687b      	ldr	r3, [r7, #4]
 8000392:	3204      	adds	r2, #4
 8000394:	f853 2022 	ldr.w	r2, [r3, r2, lsl #2]
 8000398:	78b9      	ldrb	r1, [r7, #2]
 800039a:	78fb      	ldrb	r3, [r7, #3]
 800039c:	f003 0303 	and.w	r3, r3, #3
 80003a0:	00db      	lsls	r3, r3, #3
 80003a2:	fa01 f303 	lsl.w	r3, r1, r3
 80003a6:	78f9      	ldrb	r1, [r7, #3]
 80003a8:	0889      	lsrs	r1, r1, #2
 80003aa:	b2c9      	uxtb	r1, r1
 80003ac:	4608      	mov	r0, r1
 80003ae:	ea42 0103 	orr.w	r1, r2, r3
 80003b2:	687b      	ldr	r3, [r7, #4]
 80003b4:	1d02      	adds	r2, r0, #4
 80003b6:	f843 1022 	str.w	r1, [r3, r2, lsl #2]
}
 80003ba:	bf00      	nop
 80003bc:	370c      	adds	r7, #12
 80003be:	46bd      	mov	sp, r7
 80003c0:	f85d 7b04 	ldr.w	r7, [sp], #4
 80003c4:	4770      	bx	lr

080003c6 <XMC_GPIO_SetHardwareControl>:

void XMC_GPIO_SetHardwareControl(XMC_GPIO_PORT_t *const port, const uint8_t pin, const XMC_GPIO_HWCTRL_t hwctrl)
{
 80003c6:	b480      	push	{r7}
 80003c8:	b083      	sub	sp, #12
 80003ca:	af00      	add	r7, sp, #0
 80003cc:	6078      	str	r0, [r7, #4]
 80003ce:	460b      	mov	r3, r1
 80003d0:	70fb      	strb	r3, [r7, #3]
 80003d2:	4613      	mov	r3, r2
 80003d4:	70bb      	strb	r3, [r7, #2]
  XMC_ASSERT("XMC_GPIO_SetHardwareControl: Invalid port", XMC_GPIO_CHECK_PORT(port));
  XMC_ASSERT("XMC_GPIO_SetHardwareControl: Invalid hwctrl", XMC_GPIO_CHECK_HWCTRL(hwctrl));

  port->HWSEL &= ~(uint32_t)((uint32_t)PORT_HWSEL_Msk << ((uint32_t)pin << 1U));
 80003d6:	687b      	ldr	r3, [r7, #4]
 80003d8:	6f5a      	ldr	r2, [r3, #116]	; 0x74
 80003da:	78fb      	ldrb	r3, [r7, #3]
 80003dc:	005b      	lsls	r3, r3, #1
 80003de:	2103      	movs	r1, #3
 80003e0:	fa01 f303 	lsl.w	r3, r1, r3
 80003e4:	43db      	mvns	r3, r3
 80003e6:	401a      	ands	r2, r3
 80003e8:	687b      	ldr	r3, [r7, #4]
 80003ea:	675a      	str	r2, [r3, #116]	; 0x74
  port->HWSEL |= (uint32_t)hwctrl << ((uint32_t)pin << 1U);
 80003ec:	687b      	ldr	r3, [r7, #4]
 80003ee:	6f5a      	ldr	r2, [r3, #116]	; 0x74
 80003f0:	78b9      	ldrb	r1, [r7, #2]
 80003f2:	78fb      	ldrb	r3, [r7, #3]
 80003f4:	005b      	lsls	r3, r3, #1
 80003f6:	fa01 f303 	lsl.w	r3, r1, r3
 80003fa:	431a      	orrs	r2, r3
 80003fc:	687b      	ldr	r3, [r7, #4]
 80003fe:	675a      	str	r2, [r3, #116]	; 0x74
}
 8000400:	bf00      	nop
 8000402:	370c      	adds	r7, #12
 8000404:	46bd      	mov	sp, r7
 8000406:	f85d 7b04 	ldr.w	r7, [sp], #4
 800040a:	4770      	bx	lr

0800040c <XMC_GPIO_Init>:
/*******************************************************************************
 * API IMPLEMENTATION
 *******************************************************************************/

void XMC_GPIO_Init(XMC_GPIO_PORT_t *const port, const uint8_t pin, const XMC_GPIO_CONFIG_t *const config)
{
 800040c:	b480      	push	{r7}
 800040e:	b085      	sub	sp, #20
 8000410:	af00      	add	r7, sp, #0
 8000412:	60f8      	str	r0, [r7, #12]
 8000414:	460b      	mov	r3, r1
 8000416:	607a      	str	r2, [r7, #4]
 8000418:	72fb      	strb	r3, [r7, #11]
  XMC_ASSERT("XMC_GPIO_Init: Invalid port", XMC_GPIO_CHECK_PORT(port));
  XMC_ASSERT("XMC_GPIO_Init: Invalid mode", XMC_GPIO_IsModeValid(config->mode));
 
  /* Switch to input */
  port->IOCR[pin >> 2U] &= (uint32_t)~(PORT_IOCR_PC_Msk << (PORT_IOCR_PC_Size * (pin & 0x3U)));
 800041a:	7afb      	ldrb	r3, [r7, #11]
 800041c:	089b      	lsrs	r3, r3, #2
 800041e:	b2db      	uxtb	r3, r3
 8000420:	461a      	mov	r2, r3
 8000422:	68fb      	ldr	r3, [r7, #12]
 8000424:	3204      	adds	r2, #4
 8000426:	f853 2022 	ldr.w	r2, [r3, r2, lsl #2]
 800042a:	7afb      	ldrb	r3, [r7, #11]
 800042c:	f003 0303 	and.w	r3, r3, #3
 8000430:	00db      	lsls	r3, r3, #3
 8000432:	21f8      	movs	r1, #248	; 0xf8
 8000434:	fa01 f303 	lsl.w	r3, r1, r3
 8000438:	43db      	mvns	r3, r3
 800043a:	7af9      	ldrb	r1, [r7, #11]
 800043c:	0889      	lsrs	r1, r1, #2
 800043e:	b2c9      	uxtb	r1, r1
 8000440:	4608      	mov	r0, r1
 8000442:	ea02 0103 	and.w	r1, r2, r3
 8000446:	68fb      	ldr	r3, [r7, #12]
 8000448:	1d02      	adds	r2, r0, #4
 800044a:	f843 1022 	str.w	r1, [r3, r2, lsl #2]

  /* HW port control is disabled */
  port->HWSEL &= ~(uint32_t)((uint32_t)PORT_HWSEL_Msk << ((uint32_t)pin << 1U));
 800044e:	68fb      	ldr	r3, [r7, #12]
 8000450:	6f5a      	ldr	r2, [r3, #116]	; 0x74
 8000452:	7afb      	ldrb	r3, [r7, #11]
 8000454:	005b      	lsls	r3, r3, #1
 8000456:	2103      	movs	r1, #3
 8000458:	fa01 f303 	lsl.w	r3, r1, r3
 800045c:	43db      	mvns	r3, r3
 800045e:	401a      	ands	r2, r3
 8000460:	68fb      	ldr	r3, [r7, #12]
 8000462:	675a      	str	r2, [r3, #116]	; 0x74


  /* Enable digital input */
  if (XMC_GPIO_CHECK_ANALOG_PORT(port))
 8000464:	68fb      	ldr	r3, [r7, #12]
 8000466:	4a38      	ldr	r2, [pc, #224]	; (8000548 <XMC_GPIO_Init+0x13c>)
 8000468:	4293      	cmp	r3, r2
 800046a:	d003      	beq.n	8000474 <XMC_GPIO_Init+0x68>
 800046c:	68fb      	ldr	r3, [r7, #12]
 800046e:	4a37      	ldr	r2, [pc, #220]	; (800054c <XMC_GPIO_Init+0x140>)
 8000470:	4293      	cmp	r3, r2
 8000472:	d10a      	bne.n	800048a <XMC_GPIO_Init+0x7e>
  {
    port->PDISC &= ~(uint32_t)((uint32_t)0x1U << pin);
 8000474:	68fb      	ldr	r3, [r7, #12]
 8000476:	6e1a      	ldr	r2, [r3, #96]	; 0x60
 8000478:	7afb      	ldrb	r3, [r7, #11]
 800047a:	2101      	movs	r1, #1
 800047c:	fa01 f303 	lsl.w	r3, r1, r3
 8000480:	43db      	mvns	r3, r3
 8000482:	401a      	ands	r2, r3
 8000484:	68fb      	ldr	r3, [r7, #12]
 8000486:	661a      	str	r2, [r3, #96]	; 0x60
 8000488:	e03c      	b.n	8000504 <XMC_GPIO_Init+0xf8>
  }
  else
  {
    /* Set output level */
    port->OMR = (uint32_t)config->output_level << pin;
 800048a:	687b      	ldr	r3, [r7, #4]
 800048c:	685a      	ldr	r2, [r3, #4]
 800048e:	7afb      	ldrb	r3, [r7, #11]
 8000490:	409a      	lsls	r2, r3
 8000492:	68fb      	ldr	r3, [r7, #12]
 8000494:	605a      	str	r2, [r3, #4]

    /* Set output driver strength */
    port->PDR[pin >> 3U] &= (uint32_t)~(PORT_PDR_Msk << ((uint32_t)PORT_PDR_Size * ((uint32_t)pin & 0x7U)));
 8000496:	7afb      	ldrb	r3, [r7, #11]
 8000498:	08db      	lsrs	r3, r3, #3
 800049a:	b2db      	uxtb	r3, r3
 800049c:	461a      	mov	r2, r3
 800049e:	68fb      	ldr	r3, [r7, #12]
 80004a0:	3210      	adds	r2, #16
 80004a2:	f853 2022 	ldr.w	r2, [r3, r2, lsl #2]
 80004a6:	7afb      	ldrb	r3, [r7, #11]
 80004a8:	f003 0307 	and.w	r3, r3, #7
 80004ac:	009b      	lsls	r3, r3, #2
 80004ae:	2107      	movs	r1, #7
 80004b0:	fa01 f303 	lsl.w	r3, r1, r3
 80004b4:	43db      	mvns	r3, r3
 80004b6:	7af9      	ldrb	r1, [r7, #11]
 80004b8:	08c9      	lsrs	r1, r1, #3
 80004ba:	b2c9      	uxtb	r1, r1
 80004bc:	4608      	mov	r0, r1
 80004be:	ea02 0103 	and.w	r1, r2, r3
 80004c2:	68fb      	ldr	r3, [r7, #12]
 80004c4:	f100 0210 	add.w	r2, r0, #16
 80004c8:	f843 1022 	str.w	r1, [r3, r2, lsl #2]
    port->PDR[pin >> 3U] |= (uint32_t)config->output_strength << ((uint32_t)PORT_PDR_Size * ((uint32_t)pin & 0x7U));
 80004cc:	7afb      	ldrb	r3, [r7, #11]
 80004ce:	08db      	lsrs	r3, r3, #3
 80004d0:	b2db      	uxtb	r3, r3
 80004d2:	461a      	mov	r2, r3
 80004d4:	68fb      	ldr	r3, [r7, #12]
 80004d6:	3210      	adds	r2, #16
 80004d8:	f853 2022 	ldr.w	r2, [r3, r2, lsl #2]
 80004dc:	687b      	ldr	r3, [r7, #4]
 80004de:	7a1b      	ldrb	r3, [r3, #8]
 80004e0:	4619      	mov	r1, r3
 80004e2:	7afb      	ldrb	r3, [r7, #11]
 80004e4:	f003 0307 	and.w	r3, r3, #7
 80004e8:	009b      	lsls	r3, r3, #2
 80004ea:	fa01 f303 	lsl.w	r3, r1, r3
 80004ee:	7af9      	ldrb	r1, [r7, #11]
 80004f0:	08c9      	lsrs	r1, r1, #3
 80004f2:	b2c9      	uxtb	r1, r1
 80004f4:	4608      	mov	r0, r1
 80004f6:	ea42 0103 	orr.w	r1, r2, r3
 80004fa:	68fb      	ldr	r3, [r7, #12]
 80004fc:	f100 0210 	add.w	r2, r0, #16
 8000500:	f843 1022 	str.w	r1, [r3, r2, lsl #2]
  }

  /* Set mode */
  port->IOCR[pin >> 2U] |= (uint32_t)config->mode << ((uint32_t)PORT_IOCR_PC_Size * ((uint32_t)pin & 0x3U));
 8000504:	7afb      	ldrb	r3, [r7, #11]
 8000506:	089b      	lsrs	r3, r3, #2
 8000508:	b2db      	uxtb	r3, r3
 800050a:	461a      	mov	r2, r3
 800050c:	68fb      	ldr	r3, [r7, #12]
 800050e:	3204      	adds	r2, #4
 8000510:	f853 2022 	ldr.w	r2, [r3, r2, lsl #2]
 8000514:	687b      	ldr	r3, [r7, #4]
 8000516:	781b      	ldrb	r3, [r3, #0]
 8000518:	4619      	mov	r1, r3
 800051a:	7afb      	ldrb	r3, [r7, #11]
 800051c:	f003 0303 	and.w	r3, r3, #3
 8000520:	00db      	lsls	r3, r3, #3
 8000522:	fa01 f303 	lsl.w	r3, r1, r3
 8000526:	7af9      	ldrb	r1, [r7, #11]
 8000528:	0889      	lsrs	r1, r1, #2
 800052a:	b2c9      	uxtb	r1, r1
 800052c:	4608      	mov	r0, r1
 800052e:	ea42 0103 	orr.w	r1, r2, r3
 8000532:	68fb      	ldr	r3, [r7, #12]
 8000534:	1d02      	adds	r2, r0, #4
 8000536:	f843 1022 	str.w	r1, [r3, r2, lsl #2]
}
 800053a:	bf00      	nop
 800053c:	3714      	adds	r7, #20
 800053e:	46bd      	mov	sp, r7
 8000540:	f85d 7b04 	ldr.w	r7, [sp], #4
 8000544:	4770      	bx	lr
 8000546:	bf00      	nop
 8000548:	48028e00 	.word	0x48028e00
 800054c:	48028f00 	.word	0x48028f00

08000550 <XMC_GPIO_SetOutputStrength>:

void XMC_GPIO_SetOutputStrength(XMC_GPIO_PORT_t *const port, const uint8_t pin, XMC_GPIO_OUTPUT_STRENGTH_t strength)
{
 8000550:	b480      	push	{r7}
 8000552:	b083      	sub	sp, #12
 8000554:	af00      	add	r7, sp, #0
 8000556:	6078      	str	r0, [r7, #4]
 8000558:	460b      	mov	r3, r1
 800055a:	70fb      	strb	r3, [r7, #3]
 800055c:	4613      	mov	r3, r2
 800055e:	70bb      	strb	r3, [r7, #2]
  XMC_ASSERT("XMC_GPIO_Init: Invalid port", XMC_GPIO_CHECK_OUTPUT_PORT(port));
  XMC_ASSERT("XMC_GPIO_Init: Invalid output strength", XMC_GPIO_CHECK_OUTPUT_STRENGTH(strength));

  port->PDR[pin >> 3U] &= (uint32_t)~((uint32_t)PORT_PDR_Msk << ((uint32_t)PORT_PDR_Size * ((uint32_t)pin & 0x7U)));
 8000560:	78fb      	ldrb	r3, [r7, #3]
 8000562:	08db      	lsrs	r3, r3, #3
 8000564:	b2db      	uxtb	r3, r3
 8000566:	461a      	mov	r2, r3
 8000568:	687b      	ldr	r3, [r7, #4]
 800056a:	3210      	adds	r2, #16
 800056c:	f853 2022 	ldr.w	r2, [r3, r2, lsl #2]
 8000570:	78fb      	ldrb	r3, [r7, #3]
 8000572:	f003 0307 	and.w	r3, r3, #7
 8000576:	009b      	lsls	r3, r3, #2
 8000578:	2107      	movs	r1, #7
 800057a:	fa01 f303 	lsl.w	r3, r1, r3
 800057e:	43db      	mvns	r3, r3
 8000580:	78f9      	ldrb	r1, [r7, #3]
 8000582:	08c9      	lsrs	r1, r1, #3
 8000584:	b2c9      	uxtb	r1, r1
 8000586:	4608      	mov	r0, r1
 8000588:	ea02 0103 	and.w	r1, r2, r3
 800058c:	687b      	ldr	r3, [r7, #4]
 800058e:	f100 0210 	add.w	r2, r0, #16
 8000592:	f843 1022 	str.w	r1, [r3, r2, lsl #2]
  port->PDR[pin >> 3U] |= (uint32_t)strength << ((uint32_t)PORT_PDR_Size * ((uint32_t)pin & 0x7U));
 8000596:	78fb      	ldrb	r3, [r7, #3]
 8000598:	08db      	lsrs	r3, r3, #3
 800059a:	b2db      	uxtb	r3, r3
 800059c:	461a      	mov	r2, r3
 800059e:	687b      	ldr	r3, [r7, #4]
 80005a0:	3210      	adds	r2, #16
 80005a2:	f853 2022 	ldr.w	r2, [r3, r2, lsl #2]
 80005a6:	78b9      	ldrb	r1, [r7, #2]
 80005a8:	78fb      	ldrb	r3, [r7, #3]
 80005aa:	f003 0307 	and.w	r3, r3, #7
 80005ae:	009b      	lsls	r3, r3, #2
 80005b0:	fa01 f303 	lsl.w	r3, r1, r3
 80005b4:	78f9      	ldrb	r1, [r7, #3]
 80005b6:	08c9      	lsrs	r1, r1, #3
 80005b8:	b2c9      	uxtb	r1, r1
 80005ba:	4608      	mov	r0, r1
 80005bc:	ea42 0103 	orr.w	r1, r2, r3
 80005c0:	687b      	ldr	r3, [r7, #4]
 80005c2:	f100 0210 	add.w	r2, r0, #16
 80005c6:	f843 1022 	str.w	r1, [r3, r2, lsl #2]
}
 80005ca:	bf00      	nop
 80005cc:	370c      	adds	r7, #12
 80005ce:	46bd      	mov	sp, r7
 80005d0:	f85d 7b04 	ldr.w	r7, [sp], #4
 80005d4:	4770      	bx	lr

080005d6 <delay>:

/*******************************************************************************
 * LOCAL FUNCTIONS
 *******************************************************************************/
static void delay(uint32_t cycles)
{
 80005d6:	b480      	push	{r7}
 80005d8:	b085      	sub	sp, #20
 80005da:	af00      	add	r7, sp, #0
 80005dc:	6078      	str	r0, [r7, #4]
  volatile uint32_t i;

  for(i = 0UL; i < cycles ;++i)
 80005de:	2300      	movs	r3, #0
 80005e0:	60fb      	str	r3, [r7, #12]
 80005e2:	e003      	b.n	80005ec <delay+0x16>
  {
    __NOP();
 80005e4:	bf00      	nop
  for(i = 0UL; i < cycles ;++i)
 80005e6:	68fb      	ldr	r3, [r7, #12]
 80005e8:	3301      	adds	r3, #1
 80005ea:	60fb      	str	r3, [r7, #12]
 80005ec:	68fb      	ldr	r3, [r7, #12]
 80005ee:	687a      	ldr	r2, [r7, #4]
 80005f0:	429a      	cmp	r2, r3
 80005f2:	d8f7      	bhi.n	80005e4 <delay+0xe>
  }
}
 80005f4:	bf00      	nop
 80005f6:	3714      	adds	r7, #20
 80005f8:	46bd      	mov	sp, r7
 80005fa:	f85d 7b04 	ldr.w	r7, [sp], #4
 80005fe:	4770      	bx	lr

08000600 <SystemInit>:
/*******************************************************************************
 * API IMPLEMENTATION
 *******************************************************************************/

__WEAK void SystemInit(void)
{
 8000600:	b598      	push	{r3, r4, r7, lr}
 8000602:	af00      	add	r7, sp, #0
  memcpy(g_chipid, CHIPID_LOC, 16);
 8000604:	4a06      	ldr	r2, [pc, #24]	; (8000620 <SystemInit+0x20>)
 8000606:	f04f 5300 	mov.w	r3, #536870912	; 0x20000000
 800060a:	4614      	mov	r4, r2
 800060c:	cb0f      	ldmia	r3, {r0, r1, r2, r3}
 800060e:	e884 000f 	stmia.w	r4, {r0, r1, r2, r3}

  SystemCoreSetup();
 8000612:	f000 f807 	bl	8000624 <SystemCoreSetup>
  SystemCoreClockSetup(); 
 8000616:	f000 f83d 	bl	8000694 <SystemCoreClockSetup>
}
 800061a:	bf00      	nop
 800061c:	bd98      	pop	{r3, r4, r7, pc}
 800061e:	bf00      	nop
 8000620:	2000ffc4 	.word	0x2000ffc4

08000624 <SystemCoreSetup>:

__WEAK void SystemCoreSetup(void)
{
 8000624:	b480      	push	{r7}
 8000626:	b083      	sub	sp, #12
 8000628:	af00      	add	r7, sp, #0
  \details Disables IRQ interrupts by setting the I-bit in the CPSR.
           Can only be executed in Privileged modes.
 */
__attribute__((always_inline)) __STATIC_INLINE void __disable_irq(void)
{
  __ASM volatile ("cpsid i" : : : "memory");
 800062a:	b672      	cpsid	i
  uint32_t temp;
	
  /* relocate vector table */
  __disable_irq();
  SCB->VTOR = (uint32_t)(&__Vectors);
 800062c:	4b16      	ldr	r3, [pc, #88]	; (8000688 <SystemCoreSetup+0x64>)
 800062e:	4a17      	ldr	r2, [pc, #92]	; (800068c <SystemCoreSetup+0x68>)
 8000630:	609a      	str	r2, [r3, #8]
  \details Acts as a special kind of Data Memory Barrier.
           It completes when all explicit memory accesses before this instruction complete.
 */
__attribute__((always_inline)) __STATIC_INLINE void __DSB(void)
{
  __ASM volatile ("dsb 0xF":::"memory");
 8000632:	f3bf 8f4f 	dsb	sy
  __ASM volatile ("cpsie i" : : : "memory");
 8000636:	b662      	cpsie	i
  __DSB();
  __enable_irq();
    
#if ((__FPU_PRESENT == 1) && (__FPU_USED == 1))
  SCB->CPACR |= ((3UL << 10*2) |                 /* set CP10 Full Access */
 8000638:	4b13      	ldr	r3, [pc, #76]	; (8000688 <SystemCoreSetup+0x64>)
 800063a:	f8d3 3088 	ldr.w	r3, [r3, #136]	; 0x88
 800063e:	4a12      	ldr	r2, [pc, #72]	; (8000688 <SystemCoreSetup+0x64>)
 8000640:	f443 0370 	orr.w	r3, r3, #15728640	; 0xf00000
 8000644:	f8c2 3088 	str.w	r3, [r2, #136]	; 0x88
                 (3UL << 11*2)  );               /* set CP11 Full Access */
#endif

  /* Enable unaligned memory access - SCB_CCR.UNALIGN_TRP = 0 */
  SCB->CCR &= ~(SCB_CCR_UNALIGN_TRP_Msk);
 8000648:	4b0f      	ldr	r3, [pc, #60]	; (8000688 <SystemCoreSetup+0x64>)
 800064a:	695b      	ldr	r3, [r3, #20]
 800064c:	4a0e      	ldr	r2, [pc, #56]	; (8000688 <SystemCoreSetup+0x64>)
 800064e:	f023 0308 	bic.w	r3, r3, #8
 8000652:	6153      	str	r3, [r2, #20]

  temp = FLASH0->FCON;
 8000654:	4b0e      	ldr	r3, [pc, #56]	; (8000690 <SystemCoreSetup+0x6c>)
 8000656:	f503 5380 	add.w	r3, r3, #4096	; 0x1000
 800065a:	3314      	adds	r3, #20
 800065c:	681b      	ldr	r3, [r3, #0]
 800065e:	607b      	str	r3, [r7, #4]
  temp &= ~FLASH_FCON_WSPFLASH_Msk;
 8000660:	687b      	ldr	r3, [r7, #4]
 8000662:	f023 030f 	bic.w	r3, r3, #15
 8000666:	607b      	str	r3, [r7, #4]
  temp |= PMU_FLASH_WS;
 8000668:	687b      	ldr	r3, [r7, #4]
 800066a:	f043 0303 	orr.w	r3, r3, #3
 800066e:	607b      	str	r3, [r7, #4]
  FLASH0->FCON = temp;
 8000670:	4b07      	ldr	r3, [pc, #28]	; (8000690 <SystemCoreSetup+0x6c>)
 8000672:	f503 5380 	add.w	r3, r3, #4096	; 0x1000
 8000676:	3314      	adds	r3, #20
 8000678:	687a      	ldr	r2, [r7, #4]
 800067a:	601a      	str	r2, [r3, #0]
}
 800067c:	bf00      	nop
 800067e:	370c      	adds	r7, #12
 8000680:	46bd      	mov	sp, r7
 8000682:	f85d 7b04 	ldr.w	r7, [sp], #4
 8000686:	4770      	bx	lr
 8000688:	e000ed00 	.word	0xe000ed00
 800068c:	08000000 	.word	0x08000000
 8000690:	58001000 	.word	0x58001000

08000694 <SystemCoreClockSetup>:

__WEAK void SystemCoreClockSetup(void)
{
 8000694:	b580      	push	{r7, lr}
 8000696:	af00      	add	r7, sp, #0
#else
  /* Automatic calibration uses the fSTDBY */

  /* Enable HIB domain */
  /* Power up HIB domain if and only if it is currently powered down */
  if((SCU_POWER->PWRSTAT & SCU_POWER_PWRSTAT_HIBEN_Msk) == 0)
 8000698:	4b75      	ldr	r3, [pc, #468]	; (8000870 <SystemCoreClockSetup+0x1dc>)
 800069a:	681b      	ldr	r3, [r3, #0]
 800069c:	f003 0301 	and.w	r3, r3, #1
 80006a0:	2b00      	cmp	r3, #0
 80006a2:	d10c      	bne.n	80006be <SystemCoreClockSetup+0x2a>
  {
    SCU_POWER->PWRSET |= SCU_POWER_PWRSET_HIB_Msk;
 80006a4:	4b72      	ldr	r3, [pc, #456]	; (8000870 <SystemCoreClockSetup+0x1dc>)
 80006a6:	685b      	ldr	r3, [r3, #4]
 80006a8:	4a71      	ldr	r2, [pc, #452]	; (8000870 <SystemCoreClockSetup+0x1dc>)
 80006aa:	f043 0301 	orr.w	r3, r3, #1
 80006ae:	6053      	str	r3, [r2, #4]

    while((SCU_POWER->PWRSTAT & SCU_POWER_PWRSTAT_HIBEN_Msk) == 0)
 80006b0:	bf00      	nop
 80006b2:	4b6f      	ldr	r3, [pc, #444]	; (8000870 <SystemCoreClockSetup+0x1dc>)
 80006b4:	681b      	ldr	r3, [r3, #0]
 80006b6:	f003 0301 	and.w	r3, r3, #1
 80006ba:	2b00      	cmp	r3, #0
 80006bc:	d0f9      	beq.n	80006b2 <SystemCoreClockSetup+0x1e>
      /* wait until HIB domain is enabled */
    }
  }

  /* Remove the reset only if HIB domain were in a state of reset */
  if((SCU_RESET->RSTSTAT) & SCU_RESET_RSTSTAT_HIBRS_Msk)
 80006be:	4b6d      	ldr	r3, [pc, #436]	; (8000874 <SystemCoreClockSetup+0x1e0>)
 80006c0:	681b      	ldr	r3, [r3, #0]
 80006c2:	f403 7300 	and.w	r3, r3, #512	; 0x200
 80006c6:	2b00      	cmp	r3, #0
 80006c8:	d009      	beq.n	80006de <SystemCoreClockSetup+0x4a>
  {
    SCU_RESET->RSTCLR |= SCU_RESET_RSTCLR_HIBRS_Msk;
 80006ca:	4b6a      	ldr	r3, [pc, #424]	; (8000874 <SystemCoreClockSetup+0x1e0>)
 80006cc:	689b      	ldr	r3, [r3, #8]
 80006ce:	4a69      	ldr	r2, [pc, #420]	; (8000874 <SystemCoreClockSetup+0x1e0>)
 80006d0:	f443 7300 	orr.w	r3, r3, #512	; 0x200
 80006d4:	6093      	str	r3, [r2, #8]
    delay(DELAY_CNT_150US_50MHZ);
 80006d6:	f641 504c 	movw	r0, #7500	; 0x1d4c
 80006da:	f7ff ff7c 	bl	80005d6 <delay>
  SCU_HIBERNATE->HDCR |= SCU_HIBERNATE_HDCR_RCS_Msk | SCU_HIBERNATE_HDCR_STDBYSEL_Msk;

#endif /* STDBY_CLOCK_SRC == STDBY_CLOCK_SRC_OSCULP */

  /* Enable automatic calibration of internal fast oscillator */
  SCU_PLL->PLLCON0 |= SCU_PLL_PLLCON0_AOTREN_Msk;
 80006de:	4b66      	ldr	r3, [pc, #408]	; (8000878 <SystemCoreClockSetup+0x1e4>)
 80006e0:	685b      	ldr	r3, [r3, #4]
 80006e2:	4a65      	ldr	r2, [pc, #404]	; (8000878 <SystemCoreClockSetup+0x1e4>)
 80006e4:	f443 2300 	orr.w	r3, r3, #524288	; 0x80000
 80006e8:	6053      	str	r3, [r2, #4]
#endif /* FOFI_CALIBRATION_MODE == FOFI_CALIBRATION_MODE_AUTOMATIC */

  delay(DELAY_CNT_50US_50MHZ);
 80006ea:	f640 10c4 	movw	r0, #2500	; 0x9c4
 80006ee:	f7ff ff72 	bl	80005d6 <delay>

#if ENABLE_PLL

  /* enable PLL */
  SCU_PLL->PLLCON0 &= ~(SCU_PLL_PLLCON0_VCOPWD_Msk | SCU_PLL_PLLCON0_PLLPWD_Msk);
 80006f2:	4b61      	ldr	r3, [pc, #388]	; (8000878 <SystemCoreClockSetup+0x1e4>)
 80006f4:	685b      	ldr	r3, [r3, #4]
 80006f6:	4a60      	ldr	r2, [pc, #384]	; (8000878 <SystemCoreClockSetup+0x1e4>)
 80006f8:	f423 3380 	bic.w	r3, r3, #65536	; 0x10000
 80006fc:	f023 0302 	bic.w	r3, r3, #2
 8000700:	6053      	str	r3, [r2, #4]

#if PLL_CLOCK_SRC != PLL_CLOCK_SRC_OFI
  /* enable OSC_HP */
  if ((SCU_OSC->OSCHPCTRL & SCU_OSC_OSCHPCTRL_MODE_Msk) != 0U)
 8000702:	4b5e      	ldr	r3, [pc, #376]	; (800087c <SystemCoreClockSetup+0x1e8>)
 8000704:	685b      	ldr	r3, [r3, #4]
 8000706:	f003 0330 	and.w	r3, r3, #48	; 0x30
 800070a:	2b00      	cmp	r3, #0
 800070c:	d029      	beq.n	8000762 <SystemCoreClockSetup+0xce>
  {
    SCU_OSC->OSCHPCTRL &= ~(SCU_OSC_OSCHPCTRL_MODE_Msk | SCU_OSC_OSCHPCTRL_OSCVAL_Msk);
 800070e:	4b5b      	ldr	r3, [pc, #364]	; (800087c <SystemCoreClockSetup+0x1e8>)
 8000710:	685b      	ldr	r3, [r3, #4]
 8000712:	4a5a      	ldr	r2, [pc, #360]	; (800087c <SystemCoreClockSetup+0x1e8>)
 8000714:	f423 2370 	bic.w	r3, r3, #983040	; 0xf0000
 8000718:	f023 0330 	bic.w	r3, r3, #48	; 0x30
 800071c:	6053      	str	r3, [r2, #4]
    SCU_OSC->OSCHPCTRL |= ((OSCHP_GetFrequency() / FOSCREF) - 1UL) << SCU_OSC_OSCHPCTRL_OSCVAL_Pos;
 800071e:	f000 f927 	bl	8000970 <OSCHP_GetFrequency>
 8000722:	4602      	mov	r2, r0
 8000724:	4b56      	ldr	r3, [pc, #344]	; (8000880 <SystemCoreClockSetup+0x1ec>)
 8000726:	fba3 2302 	umull	r2, r3, r3, r2
 800072a:	0d1b      	lsrs	r3, r3, #20
 800072c:	3b01      	subs	r3, #1
 800072e:	041a      	lsls	r2, r3, #16
 8000730:	4b52      	ldr	r3, [pc, #328]	; (800087c <SystemCoreClockSetup+0x1e8>)
 8000732:	685b      	ldr	r3, [r3, #4]
 8000734:	4951      	ldr	r1, [pc, #324]	; (800087c <SystemCoreClockSetup+0x1e8>)
 8000736:	4313      	orrs	r3, r2
 8000738:	604b      	str	r3, [r1, #4]

    /* select OSC_HP clock as PLL input */
    SCU_PLL->PLLCON2 &= ~SCU_PLL_PLLCON2_PINSEL_Msk;
 800073a:	4b4f      	ldr	r3, [pc, #316]	; (8000878 <SystemCoreClockSetup+0x1e4>)
 800073c:	68db      	ldr	r3, [r3, #12]
 800073e:	4a4e      	ldr	r2, [pc, #312]	; (8000878 <SystemCoreClockSetup+0x1e4>)
 8000740:	f023 0301 	bic.w	r3, r3, #1
 8000744:	60d3      	str	r3, [r2, #12]

    /* restart OSC Watchdog */
    SCU_PLL->PLLCON0 &= ~SCU_PLL_PLLCON0_OSCRES_Msk;
 8000746:	4b4c      	ldr	r3, [pc, #304]	; (8000878 <SystemCoreClockSetup+0x1e4>)
 8000748:	685b      	ldr	r3, [r3, #4]
 800074a:	4a4b      	ldr	r2, [pc, #300]	; (8000878 <SystemCoreClockSetup+0x1e4>)
 800074c:	f423 3300 	bic.w	r3, r3, #131072	; 0x20000
 8000750:	6053      	str	r3, [r2, #4]

    while ((SCU_PLL->PLLSTAT & SCU_PLL_PLLSTAT_OSC_USABLE) != SCU_PLL_PLLSTAT_OSC_USABLE)
 8000752:	bf00      	nop
 8000754:	4b48      	ldr	r3, [pc, #288]	; (8000878 <SystemCoreClockSetup+0x1e4>)
 8000756:	681b      	ldr	r3, [r3, #0]
 8000758:	f403 7360 	and.w	r3, r3, #896	; 0x380
 800075c:	f5b3 7f60 	cmp.w	r3, #896	; 0x380
 8000760:	d1f8      	bne.n	8000754 <SystemCoreClockSetup+0xc0>
  /* select backup clock as PLL input */
  SCU_PLL->PLLCON2 |= SCU_PLL_PLLCON2_PINSEL_Msk;
#endif

  /* Go to bypass the Main PLL */
  SCU_PLL->PLLCON0 |= SCU_PLL_PLLCON0_VCOBYP_Msk;
 8000762:	4b45      	ldr	r3, [pc, #276]	; (8000878 <SystemCoreClockSetup+0x1e4>)
 8000764:	685b      	ldr	r3, [r3, #4]
 8000766:	4a44      	ldr	r2, [pc, #272]	; (8000878 <SystemCoreClockSetup+0x1e4>)
 8000768:	f043 0301 	orr.w	r3, r3, #1
 800076c:	6053      	str	r3, [r2, #4]

  /* disconnect Oscillator from PLL */
  SCU_PLL->PLLCON0 |= SCU_PLL_PLLCON0_FINDIS_Msk;
 800076e:	4b42      	ldr	r3, [pc, #264]	; (8000878 <SystemCoreClockSetup+0x1e4>)
 8000770:	685b      	ldr	r3, [r3, #4]
 8000772:	4a41      	ldr	r2, [pc, #260]	; (8000878 <SystemCoreClockSetup+0x1e4>)
 8000774:	f043 0310 	orr.w	r3, r3, #16
 8000778:	6053      	str	r3, [r2, #4]

  /* Setup divider settings for main PLL */
  SCU_PLL->PLLCON1 = ((PLL_NDIV << SCU_PLL_PLLCON1_NDIV_Pos) |
 800077a:	4b3f      	ldr	r3, [pc, #252]	; (8000878 <SystemCoreClockSetup+0x1e4>)
 800077c:	4a41      	ldr	r2, [pc, #260]	; (8000884 <SystemCoreClockSetup+0x1f0>)
 800077e:	609a      	str	r2, [r3, #8]
                      (PLL_K2DIV_0 << SCU_PLL_PLLCON1_K2DIV_Pos) |
                      (PLL_PDIV << SCU_PLL_PLLCON1_PDIV_Pos));

  /* Set OSCDISCDIS */
  SCU_PLL->PLLCON0 |= SCU_PLL_PLLCON0_OSCDISCDIS_Msk;
 8000780:	4b3d      	ldr	r3, [pc, #244]	; (8000878 <SystemCoreClockSetup+0x1e4>)
 8000782:	685b      	ldr	r3, [r3, #4]
 8000784:	4a3c      	ldr	r2, [pc, #240]	; (8000878 <SystemCoreClockSetup+0x1e4>)
 8000786:	f043 0340 	orr.w	r3, r3, #64	; 0x40
 800078a:	6053      	str	r3, [r2, #4]

  /* connect Oscillator to PLL */
  SCU_PLL->PLLCON0 &= ~SCU_PLL_PLLCON0_FINDIS_Msk;
 800078c:	4b3a      	ldr	r3, [pc, #232]	; (8000878 <SystemCoreClockSetup+0x1e4>)
 800078e:	685b      	ldr	r3, [r3, #4]
 8000790:	4a39      	ldr	r2, [pc, #228]	; (8000878 <SystemCoreClockSetup+0x1e4>)
 8000792:	f023 0310 	bic.w	r3, r3, #16
 8000796:	6053      	str	r3, [r2, #4]

  /* restart PLL Lock detection */
  SCU_PLL->PLLCON0 |= SCU_PLL_PLLCON0_RESLD_Msk;
 8000798:	4b37      	ldr	r3, [pc, #220]	; (8000878 <SystemCoreClockSetup+0x1e4>)
 800079a:	685b      	ldr	r3, [r3, #4]
 800079c:	4a36      	ldr	r2, [pc, #216]	; (8000878 <SystemCoreClockSetup+0x1e4>)
 800079e:	f443 2380 	orr.w	r3, r3, #262144	; 0x40000
 80007a2:	6053      	str	r3, [r2, #4]

  while ((SCU_PLL->PLLSTAT & SCU_PLL_PLLSTAT_VCOLOCK_Msk) == 0U)
 80007a4:	bf00      	nop
 80007a6:	4b34      	ldr	r3, [pc, #208]	; (8000878 <SystemCoreClockSetup+0x1e4>)
 80007a8:	681b      	ldr	r3, [r3, #0]
 80007aa:	f003 0304 	and.w	r3, r3, #4
 80007ae:	2b00      	cmp	r3, #0
 80007b0:	d0f9      	beq.n	80007a6 <SystemCoreClockSetup+0x112>
  {
    /* wait for PLL Lock */
  }

  /* Disable bypass- put PLL clock back */
  SCU_PLL->PLLCON0 &= ~SCU_PLL_PLLCON0_VCOBYP_Msk;
 80007b2:	4b31      	ldr	r3, [pc, #196]	; (8000878 <SystemCoreClockSetup+0x1e4>)
 80007b4:	685b      	ldr	r3, [r3, #4]
 80007b6:	4a30      	ldr	r2, [pc, #192]	; (8000878 <SystemCoreClockSetup+0x1e4>)
 80007b8:	f023 0301 	bic.w	r3, r3, #1
 80007bc:	6053      	str	r3, [r2, #4]
  while ((SCU_PLL->PLLSTAT & SCU_PLL_PLLSTAT_VCOBYST_Msk) != 0U)
 80007be:	bf00      	nop
 80007c0:	4b2d      	ldr	r3, [pc, #180]	; (8000878 <SystemCoreClockSetup+0x1e4>)
 80007c2:	681b      	ldr	r3, [r3, #0]
 80007c4:	f003 0301 	and.w	r3, r3, #1
 80007c8:	2b00      	cmp	r3, #0
 80007ca:	d1f9      	bne.n	80007c0 <SystemCoreClockSetup+0x12c>
  }
#endif /* ENABLE_PLL */

#if (SYS_CLOCK_SRC == SYS_CLOCK_SRC_PLL)
  /* Switch system clock to PLL */
  SCU_CLK->SYSCLKCR |= SCU_CLK_SYSCLKCR_SYSSEL_Msk;
 80007cc:	4b2e      	ldr	r3, [pc, #184]	; (8000888 <SystemCoreClockSetup+0x1f4>)
 80007ce:	68db      	ldr	r3, [r3, #12]
 80007d0:	4a2d      	ldr	r2, [pc, #180]	; (8000888 <SystemCoreClockSetup+0x1f4>)
 80007d2:	f443 3380 	orr.w	r3, r3, #65536	; 0x10000
 80007d6:	60d3      	str	r3, [r2, #12]
  /* Switch system clock to backup clock */
  SCU_CLK->SYSCLKCR &= ~SCU_CLK_SYSCLKCR_SYSSEL_Msk;
#endif

  /* Before scaling to final frequency we need to setup the clock dividers */
  SCU_CLK->PBCLKCR = PBCLKDIV;
 80007d8:	4b2b      	ldr	r3, [pc, #172]	; (8000888 <SystemCoreClockSetup+0x1f4>)
 80007da:	2200      	movs	r2, #0
 80007dc:	615a      	str	r2, [r3, #20]
  SCU_CLK->CPUCLKCR = CPUCLKDIV;
 80007de:	4b2a      	ldr	r3, [pc, #168]	; (8000888 <SystemCoreClockSetup+0x1f4>)
 80007e0:	2200      	movs	r2, #0
 80007e2:	611a      	str	r2, [r3, #16]
  SCU_CLK->CCUCLKCR = CCUCLKDIV;
 80007e4:	4b28      	ldr	r3, [pc, #160]	; (8000888 <SystemCoreClockSetup+0x1f4>)
 80007e6:	2200      	movs	r2, #0
 80007e8:	621a      	str	r2, [r3, #32]
  SCU_CLK->WDTCLKCR = WDTCLKDIV;
 80007ea:	4b27      	ldr	r3, [pc, #156]	; (8000888 <SystemCoreClockSetup+0x1f4>)
 80007ec:	2200      	movs	r2, #0
 80007ee:	625a      	str	r2, [r3, #36]	; 0x24
  SCU_CLK->EBUCLKCR = EBUCLKDIV;
 80007f0:	4b25      	ldr	r3, [pc, #148]	; (8000888 <SystemCoreClockSetup+0x1f4>)
 80007f2:	2200      	movs	r2, #0
 80007f4:	61da      	str	r2, [r3, #28]
  SCU_CLK->USBCLKCR = USBCLKDIV;
 80007f6:	4b24      	ldr	r3, [pc, #144]	; (8000888 <SystemCoreClockSetup+0x1f4>)
 80007f8:	2203      	movs	r2, #3
 80007fa:	619a      	str	r2, [r3, #24]

#if ENABLE_PLL
  /* PLL frequency stepping...*/
  /* Reset OSCDISCDIS */
  SCU_PLL->PLLCON0 &= ~SCU_PLL_PLLCON0_OSCDISCDIS_Msk;
 80007fc:	4b1e      	ldr	r3, [pc, #120]	; (8000878 <SystemCoreClockSetup+0x1e4>)
 80007fe:	685b      	ldr	r3, [r3, #4]
 8000800:	4a1d      	ldr	r2, [pc, #116]	; (8000878 <SystemCoreClockSetup+0x1e4>)
 8000802:	f023 0340 	bic.w	r3, r3, #64	; 0x40
 8000806:	6053      	str	r3, [r2, #4]

  SCU_PLL->PLLCON1 = ((PLL_NDIV << SCU_PLL_PLLCON1_NDIV_Pos) |
 8000808:	4b1b      	ldr	r3, [pc, #108]	; (8000878 <SystemCoreClockSetup+0x1e4>)
 800080a:	4a20      	ldr	r2, [pc, #128]	; (800088c <SystemCoreClockSetup+0x1f8>)
 800080c:	609a      	str	r2, [r3, #8]
	                    (PLL_K2DIV_1 << SCU_PLL_PLLCON1_K2DIV_Pos) |
	                    (PLL_PDIV << SCU_PLL_PLLCON1_PDIV_Pos));


  delay(DELAY_CNT_50US_60MHZ);
 800080e:	f640 30b8 	movw	r0, #3000	; 0xbb8
 8000812:	f7ff fee0 	bl	80005d6 <delay>
  while ((SCU_PLL->PLLSTAT & SCU_PLL_PLLSTAT_VCOLOCK_Msk) == 0U)
 8000816:	bf00      	nop
 8000818:	4b17      	ldr	r3, [pc, #92]	; (8000878 <SystemCoreClockSetup+0x1e4>)
 800081a:	681b      	ldr	r3, [r3, #0]
 800081c:	f003 0304 	and.w	r3, r3, #4
 8000820:	2b00      	cmp	r3, #0
 8000822:	d0f9      	beq.n	8000818 <SystemCoreClockSetup+0x184>
  {
    /* wait for PLL Lock */
  }

  SCU_PLL->PLLCON1 = ((PLL_NDIV << SCU_PLL_PLLCON1_NDIV_Pos) |
 8000824:	4b14      	ldr	r3, [pc, #80]	; (8000878 <SystemCoreClockSetup+0x1e4>)
 8000826:	4a1a      	ldr	r2, [pc, #104]	; (8000890 <SystemCoreClockSetup+0x1fc>)
 8000828:	609a      	str	r2, [r3, #8]
	                    (PLL_K2DIV_2 << SCU_PLL_PLLCON1_K2DIV_Pos) |
	                    (PLL_PDIV << SCU_PLL_PLLCON1_PDIV_Pos));


  delay(DELAY_CNT_50US_90MHZ);
 800082a:	f241 1094 	movw	r0, #4500	; 0x1194
 800082e:	f7ff fed2 	bl	80005d6 <delay>
  while ((SCU_PLL->PLLSTAT & SCU_PLL_PLLSTAT_VCOLOCK_Msk) == 0U)
 8000832:	bf00      	nop
 8000834:	4b10      	ldr	r3, [pc, #64]	; (8000878 <SystemCoreClockSetup+0x1e4>)
 8000836:	681b      	ldr	r3, [r3, #0]
 8000838:	f003 0304 	and.w	r3, r3, #4
 800083c:	2b00      	cmp	r3, #0
 800083e:	d0f9      	beq.n	8000834 <SystemCoreClockSetup+0x1a0>
  {
    /* wait for PLL Lock */
  }

  SCU_PLL->PLLCON1 = ((PLL_NDIV << SCU_PLL_PLLCON1_NDIV_Pos) |
 8000840:	4b0d      	ldr	r3, [pc, #52]	; (8000878 <SystemCoreClockSetup+0x1e4>)
 8000842:	4a14      	ldr	r2, [pc, #80]	; (8000894 <SystemCoreClockSetup+0x200>)
 8000844:	609a      	str	r2, [r3, #8]
	                    (PLL_K2DIV << SCU_PLL_PLLCON1_K2DIV_Pos) |
	                    (PLL_PDIV << SCU_PLL_PLLCON1_PDIV_Pos));


  delay(DELAY_CNT_50US_120MHZ);
 8000846:	f241 7070 	movw	r0, #6000	; 0x1770
 800084a:	f7ff fec4 	bl	80005d6 <delay>
  while ((SCU_PLL->PLLSTAT & SCU_PLL_PLLSTAT_VCOLOCK_Msk) == 0U)
 800084e:	bf00      	nop
 8000850:	4b09      	ldr	r3, [pc, #36]	; (8000878 <SystemCoreClockSetup+0x1e4>)
 8000852:	681b      	ldr	r3, [r3, #0]
 8000854:	f003 0304 	and.w	r3, r3, #4
 8000858:	2b00      	cmp	r3, #0
 800085a:	d0f9      	beq.n	8000850 <SystemCoreClockSetup+0x1bc>
  {
    /* wait for PLL Lock */
  }

  SCU_TRAP->TRAPCLR = SCU_TRAP_TRAPCLR_SOSCWDGT_Msk | SCU_TRAP_TRAPCLR_SVCOLCKT_Msk;
 800085c:	4b0e      	ldr	r3, [pc, #56]	; (8000898 <SystemCoreClockSetup+0x204>)
 800085e:	2205      	movs	r2, #5
 8000860:	60da      	str	r2, [r3, #12]
    /* wait for PLL Lock */
  }
#endif /* (USBCLKDIV & SCU_CLK_USBCLKCR_USBSEL_Msk) */

  /* Enable selected clocks */
  SCU_CLK->CLKSET = ENABLE_SCUCLK;
 8000862:	4b09      	ldr	r3, [pc, #36]	; (8000888 <SystemCoreClockSetup+0x1f4>)
 8000864:	2200      	movs	r2, #0
 8000866:	605a      	str	r2, [r3, #4]
  PORT0->IOCR8 = (PORT0->IOCR8 & ~PORT0_IOCR8_PC8_Msk) | (0x11U << PORT0_IOCR8_PC8_Pos);
#endif

#endif  /* ENABLE_EXTCLK == 1  */

  SystemCoreClockUpdate();
 8000868:	f000 f818 	bl	800089c <SystemCoreClockUpdate>
}
 800086c:	bf00      	nop
 800086e:	bd80      	pop	{r7, pc}
 8000870:	50004200 	.word	0x50004200
 8000874:	50004400 	.word	0x50004400
 8000878:	50004710 	.word	0x50004710
 800087c:	50004700 	.word	0x50004700
 8000880:	6b5fca6b 	.word	0x6b5fca6b
 8000884:	01134f00 	.word	0x01134f00
 8000888:	50004600 	.word	0x50004600
 800088c:	01074f00 	.word	0x01074f00
 8000890:	01044f00 	.word	0x01044f00
 8000894:	01034f00 	.word	0x01034f00
 8000898:	50004160 	.word	0x50004160

0800089c <SystemCoreClockUpdate>:

__WEAK void SystemCoreClockUpdate(void)
{
 800089c:	b580      	push	{r7, lr}
 800089e:	b084      	sub	sp, #16
 80008a0:	af00      	add	r7, sp, #0
  uint32_t pdiv;
  uint32_t ndiv;
  uint32_t kdiv;
  uint32_t temp;

  if (SCU_CLK->SYSCLKCR & SCU_CLK_SYSCLKCR_SYSSEL_Msk)
 80008a2:	4b2f      	ldr	r3, [pc, #188]	; (8000960 <SystemCoreClockUpdate+0xc4>)
 80008a4:	68db      	ldr	r3, [r3, #12]
 80008a6:	f403 3380 	and.w	r3, r3, #65536	; 0x10000
 80008aa:	2b00      	cmp	r3, #0
 80008ac:	d03e      	beq.n	800092c <SystemCoreClockUpdate+0x90>
  {
    /* fPLL is clock source for fSYS */
    if(SCU_PLL->PLLCON2 & SCU_PLL_PLLCON2_PINSEL_Msk)
 80008ae:	4b2d      	ldr	r3, [pc, #180]	; (8000964 <SystemCoreClockUpdate+0xc8>)
 80008b0:	68db      	ldr	r3, [r3, #12]
 80008b2:	f003 0301 	and.w	r3, r3, #1
 80008b6:	2b00      	cmp	r3, #0
 80008b8:	d002      	beq.n	80008c0 <SystemCoreClockUpdate+0x24>
    {
      /* PLL input clock is the backup clock (fOFI) */
      temp = OFI_FREQUENCY;
 80008ba:	4b2b      	ldr	r3, [pc, #172]	; (8000968 <SystemCoreClockUpdate+0xcc>)
 80008bc:	60fb      	str	r3, [r7, #12]
 80008be:	e002      	b.n	80008c6 <SystemCoreClockUpdate+0x2a>
    }
    else
    {
      /* PLL input clock is the high performance osicllator (fOSCHP) */
      temp = OSCHP_GetFrequency();
 80008c0:	f000 f856 	bl	8000970 <OSCHP_GetFrequency>
 80008c4:	60f8      	str	r0, [r7, #12]
    }

    /* check if PLL is locked */
    if (SCU_PLL->PLLSTAT & SCU_PLL_PLLSTAT_VCOLOCK_Msk)
 80008c6:	4b27      	ldr	r3, [pc, #156]	; (8000964 <SystemCoreClockUpdate+0xc8>)
 80008c8:	681b      	ldr	r3, [r3, #0]
 80008ca:	f003 0304 	and.w	r3, r3, #4
 80008ce:	2b00      	cmp	r3, #0
 80008d0:	d020      	beq.n	8000914 <SystemCoreClockUpdate+0x78>
    {
      /* PLL normal mode */
      /* read back divider settings */
      pdiv = ((SCU_PLL->PLLCON1 & SCU_PLL_PLLCON1_PDIV_Msk) >> SCU_PLL_PLLCON1_PDIV_Pos) + 1;
 80008d2:	4b24      	ldr	r3, [pc, #144]	; (8000964 <SystemCoreClockUpdate+0xc8>)
 80008d4:	689b      	ldr	r3, [r3, #8]
 80008d6:	0e1b      	lsrs	r3, r3, #24
 80008d8:	f003 030f 	and.w	r3, r3, #15
 80008dc:	3301      	adds	r3, #1
 80008de:	607b      	str	r3, [r7, #4]
      ndiv = ((SCU_PLL->PLLCON1 & SCU_PLL_PLLCON1_NDIV_Msk) >> SCU_PLL_PLLCON1_NDIV_Pos) + 1;
 80008e0:	4b20      	ldr	r3, [pc, #128]	; (8000964 <SystemCoreClockUpdate+0xc8>)
 80008e2:	689b      	ldr	r3, [r3, #8]
 80008e4:	0a1b      	lsrs	r3, r3, #8
 80008e6:	f003 037f 	and.w	r3, r3, #127	; 0x7f
 80008ea:	3301      	adds	r3, #1
 80008ec:	603b      	str	r3, [r7, #0]
      kdiv = ((SCU_PLL->PLLCON1 & SCU_PLL_PLLCON1_K2DIV_Msk) >> SCU_PLL_PLLCON1_K2DIV_Pos) + 1;
 80008ee:	4b1d      	ldr	r3, [pc, #116]	; (8000964 <SystemCoreClockUpdate+0xc8>)
 80008f0:	689b      	ldr	r3, [r3, #8]
 80008f2:	0c1b      	lsrs	r3, r3, #16
 80008f4:	f003 037f 	and.w	r3, r3, #127	; 0x7f
 80008f8:	3301      	adds	r3, #1
 80008fa:	60bb      	str	r3, [r7, #8]

      temp = (temp / (pdiv * kdiv)) * ndiv;
 80008fc:	687b      	ldr	r3, [r7, #4]
 80008fe:	68ba      	ldr	r2, [r7, #8]
 8000900:	fb02 f303 	mul.w	r3, r2, r3
 8000904:	68fa      	ldr	r2, [r7, #12]
 8000906:	fbb2 f2f3 	udiv	r2, r2, r3
 800090a:	683b      	ldr	r3, [r7, #0]
 800090c:	fb02 f303 	mul.w	r3, r2, r3
 8000910:	60fb      	str	r3, [r7, #12]
 8000912:	e00d      	b.n	8000930 <SystemCoreClockUpdate+0x94>
    }
    else
    {
      /* PLL prescalar mode */
      /* read back divider settings */
      kdiv  = ((SCU_PLL->PLLCON1 & SCU_PLL_PLLCON1_K1DIV_Msk) >> SCU_PLL_PLLCON1_K1DIV_Pos) + 1;
 8000914:	4b13      	ldr	r3, [pc, #76]	; (8000964 <SystemCoreClockUpdate+0xc8>)
 8000916:	689b      	ldr	r3, [r3, #8]
 8000918:	f003 037f 	and.w	r3, r3, #127	; 0x7f
 800091c:	3301      	adds	r3, #1
 800091e:	60bb      	str	r3, [r7, #8]
      
      temp = (temp / kdiv);
 8000920:	68fa      	ldr	r2, [r7, #12]
 8000922:	68bb      	ldr	r3, [r7, #8]
 8000924:	fbb2 f3f3 	udiv	r3, r2, r3
 8000928:	60fb      	str	r3, [r7, #12]
 800092a:	e001      	b.n	8000930 <SystemCoreClockUpdate+0x94>
    }
  }
  else
  {
    /* fOFI is clock source for fSYS */    
    temp = OFI_FREQUENCY;
 800092c:	4b0e      	ldr	r3, [pc, #56]	; (8000968 <SystemCoreClockUpdate+0xcc>)
 800092e:	60fb      	str	r3, [r7, #12]
  }

  temp = temp / ((SCU_CLK->SYSCLKCR & SCU_CLK_SYSCLKCR_SYSDIV_Msk) + 1);
 8000930:	4b0b      	ldr	r3, [pc, #44]	; (8000960 <SystemCoreClockUpdate+0xc4>)
 8000932:	68db      	ldr	r3, [r3, #12]
 8000934:	b2db      	uxtb	r3, r3
 8000936:	3301      	adds	r3, #1
 8000938:	68fa      	ldr	r2, [r7, #12]
 800093a:	fbb2 f3f3 	udiv	r3, r2, r3
 800093e:	60fb      	str	r3, [r7, #12]
  temp = temp / ((SCU_CLK->CPUCLKCR & SCU_CLK_CPUCLKCR_CPUDIV_Msk) + 1);
 8000940:	4b07      	ldr	r3, [pc, #28]	; (8000960 <SystemCoreClockUpdate+0xc4>)
 8000942:	691b      	ldr	r3, [r3, #16]
 8000944:	f003 0301 	and.w	r3, r3, #1
 8000948:	3301      	adds	r3, #1
 800094a:	68fa      	ldr	r2, [r7, #12]
 800094c:	fbb2 f3f3 	udiv	r3, r2, r3
 8000950:	60fb      	str	r3, [r7, #12]

  SystemCoreClock = temp;
 8000952:	4a06      	ldr	r2, [pc, #24]	; (800096c <SystemCoreClockUpdate+0xd0>)
 8000954:	68fb      	ldr	r3, [r7, #12]
 8000956:	6013      	str	r3, [r2, #0]
}
 8000958:	bf00      	nop
 800095a:	3710      	adds	r7, #16
 800095c:	46bd      	mov	sp, r7
 800095e:	bd80      	pop	{r7, pc}
 8000960:	50004600 	.word	0x50004600
 8000964:	50004710 	.word	0x50004710
 8000968:	016e3600 	.word	0x016e3600
 800096c:	2000ffc0 	.word	0x2000ffc0

08000970 <OSCHP_GetFrequency>:

__WEAK uint32_t OSCHP_GetFrequency(void)
{
 8000970:	b480      	push	{r7}
 8000972:	af00      	add	r7, sp, #0
  return OSCHP_FREQUENCY;
 8000974:	4b02      	ldr	r3, [pc, #8]	; (8000980 <OSCHP_GetFrequency+0x10>)
}
 8000976:	4618      	mov	r0, r3
 8000978:	46bd      	mov	sp, r7
 800097a:	f85d 7b04 	ldr.w	r7, [sp], #4
 800097e:	4770      	bx	lr
 8000980:	00b71b00 	.word	0x00b71b00

08000984 <_sbrk>:

// defined in linker script
extern caddr_t Heap_Bank1_Start;
extern caddr_t Heap_Bank1_End;
caddr_t _sbrk(int nbytes)
{
 8000984:	b580      	push	{r7, lr}
 8000986:	b084      	sub	sp, #16
 8000988:	af00      	add	r7, sp, #0
 800098a:	6078      	str	r0, [r7, #4]
  static caddr_t heap_ptr = NULL;
  caddr_t base;

  if (heap_ptr == NULL) {
 800098c:	4b14      	ldr	r3, [pc, #80]	; (80009e0 <_sbrk+0x5c>)
 800098e:	681b      	ldr	r3, [r3, #0]
 8000990:	2b00      	cmp	r3, #0
 8000992:	d102      	bne.n	800099a <_sbrk+0x16>
    heap_ptr = (caddr_t)&Heap_Bank1_Start;
 8000994:	4b12      	ldr	r3, [pc, #72]	; (80009e0 <_sbrk+0x5c>)
 8000996:	4a13      	ldr	r2, [pc, #76]	; (80009e4 <_sbrk+0x60>)
 8000998:	601a      	str	r2, [r3, #0]
  }

  base = heap_ptr;
 800099a:	4b11      	ldr	r3, [pc, #68]	; (80009e0 <_sbrk+0x5c>)
 800099c:	681b      	ldr	r3, [r3, #0]
 800099e:	60fb      	str	r3, [r7, #12]

  /* heap word alignment */
  nbytes = (nbytes + 3) & ~0x3U;
 80009a0:	687b      	ldr	r3, [r7, #4]
 80009a2:	3303      	adds	r3, #3
 80009a4:	f023 0303 	bic.w	r3, r3, #3
 80009a8:	607b      	str	r3, [r7, #4]
  if ((caddr_t)&Heap_Bank1_End > (heap_ptr + nbytes))
 80009aa:	4b0d      	ldr	r3, [pc, #52]	; (80009e0 <_sbrk+0x5c>)
 80009ac:	681a      	ldr	r2, [r3, #0]
 80009ae:	687b      	ldr	r3, [r7, #4]
 80009b0:	4413      	add	r3, r2
 80009b2:	4a0d      	ldr	r2, [pc, #52]	; (80009e8 <_sbrk+0x64>)
 80009b4:	4293      	cmp	r3, r2
 80009b6:	d207      	bcs.n	80009c8 <_sbrk+0x44>
  {
    heap_ptr += nbytes;
 80009b8:	4b09      	ldr	r3, [pc, #36]	; (80009e0 <_sbrk+0x5c>)
 80009ba:	681a      	ldr	r2, [r3, #0]
 80009bc:	687b      	ldr	r3, [r7, #4]
 80009be:	4413      	add	r3, r2
 80009c0:	4a07      	ldr	r2, [pc, #28]	; (80009e0 <_sbrk+0x5c>)
 80009c2:	6013      	str	r3, [r2, #0]
    return (base);
 80009c4:	68fb      	ldr	r3, [r7, #12]
 80009c6:	e006      	b.n	80009d6 <_sbrk+0x52>
  }
  else
  {
    /* Heap overflow */
    errno = ENOMEM;
 80009c8:	f000 f818 	bl	80009fc <__errno>
 80009cc:	4602      	mov	r2, r0
 80009ce:	230c      	movs	r3, #12
 80009d0:	6013      	str	r3, [r2, #0]
    return ((caddr_t)-1);
 80009d2:	f04f 33ff 	mov.w	r3, #4294967295	; 0xffffffff
  }
}
 80009d6:	4618      	mov	r0, r3
 80009d8:	3710      	adds	r7, #16
 80009da:	46bd      	mov	sp, r7
 80009dc:	bd80      	pop	{r7, pc}
 80009de:	bf00      	nop
 80009e0:	20000434 	.word	0x20000434
 80009e4:	20000438 	.word	0x20000438
 80009e8:	2000ffc0 	.word	0x2000ffc0

080009ec <_init>:

/* Init */
void _init(void)
{}
 80009ec:	b480      	push	{r7}
 80009ee:	af00      	add	r7, sp, #0
 80009f0:	bf00      	nop
 80009f2:	46bd      	mov	sp, r7
 80009f4:	f85d 7b04 	ldr.w	r7, [sp], #4
 80009f8:	4770      	bx	lr
	...

080009fc <__errno>:
 80009fc:	4b01      	ldr	r3, [pc, #4]	; (8000a04 <__errno+0x8>)
 80009fe:	6818      	ldr	r0, [r3, #0]
 8000a00:	4770      	bx	lr
 8000a02:	bf00      	nop
 8000a04:	20000000 	.word	0x20000000

08000a08 <__libc_init_array>:
 8000a08:	b570      	push	{r4, r5, r6, lr}
 8000a0a:	4e0d      	ldr	r6, [pc, #52]	; (8000a40 <__libc_init_array+0x38>)
 8000a0c:	4d0d      	ldr	r5, [pc, #52]	; (8000a44 <__libc_init_array+0x3c>)
 8000a0e:	1b76      	subs	r6, r6, r5
 8000a10:	10b6      	asrs	r6, r6, #2
 8000a12:	d006      	beq.n	8000a22 <__libc_init_array+0x1a>
 8000a14:	2400      	movs	r4, #0
 8000a16:	3401      	adds	r4, #1
 8000a18:	f855 3b04 	ldr.w	r3, [r5], #4
 8000a1c:	4798      	blx	r3
 8000a1e:	42a6      	cmp	r6, r4
 8000a20:	d1f9      	bne.n	8000a16 <__libc_init_array+0xe>
 8000a22:	4e09      	ldr	r6, [pc, #36]	; (8000a48 <__libc_init_array+0x40>)
 8000a24:	4d09      	ldr	r5, [pc, #36]	; (8000a4c <__libc_init_array+0x44>)
 8000a26:	1b76      	subs	r6, r6, r5
 8000a28:	f7ff ffe0 	bl	80009ec <_init>
 8000a2c:	10b6      	asrs	r6, r6, #2
 8000a2e:	d006      	beq.n	8000a3e <__libc_init_array+0x36>
 8000a30:	2400      	movs	r4, #0
 8000a32:	3401      	adds	r4, #1
 8000a34:	f855 3b04 	ldr.w	r3, [r5], #4
 8000a38:	4798      	blx	r3
 8000a3a:	42a6      	cmp	r6, r4
 8000a3c:	d1f9      	bne.n	8000a32 <__libc_init_array+0x2a>
 8000a3e:	bd70      	pop	{r4, r5, r6, pc}
 8000a40:	20000430 	.word	0x20000430
 8000a44:	20000430 	.word	0x20000430
 8000a48:	20000430 	.word	0x20000430
 8000a4c:	20000430 	.word	0x20000430
 8000a50:	00000080 	.word	0x00000080
 8000a54:	00010000 	.word	0x00010000
 8000a58:	00000000 	.word	0x00000000

08000a5c <_global_impure_ptr>:
 8000a5c:	20000008                                ... 
