   1              		.cpu cortex-m4
   2              		.eabi_attribute 27, 1
   3              		.eabi_attribute 20, 1
   4              		.eabi_attribute 21, 1
   5              		.eabi_attribute 23, 3
   6              		.eabi_attribute 24, 1
   7              		.eabi_attribute 25, 1
   8              		.eabi_attribute 26, 1
   9              		.eabi_attribute 30, 6
  10              		.eabi_attribute 34, 1
  11              		.eabi_attribute 18, 4
  12              		.file	"xmc4_eru.c"
  13              		.text
  14              	.Ltext0:
  15              		.cfi_sections	.debug_frame
  16              		.section	.text.XMC_ERU_Enable,"ax",%progbits
  17              		.align	1
  18              		.global	XMC_ERU_Enable
  19              		.syntax unified
  20              		.thumb
  21              		.thumb_func
  22              		.fpu fpv4-sp-d16
  24              	XMC_ERU_Enable:
  25              	.LFB166:
  26              		.file 1 "/opt/XMClib/XMC_Peripheral_Library_v2.1.16/XMCLib/src/xmc4_eru.c"
   1:/opt/XMClib/XMC_Peripheral_Library_v2.1.16/XMCLib/src/xmc4_eru.c **** /**
   2:/opt/XMClib/XMC_Peripheral_Library_v2.1.16/XMCLib/src/xmc4_eru.c ****  * @file xmc4_eru.c
   3:/opt/XMClib/XMC_Peripheral_Library_v2.1.16/XMCLib/src/xmc4_eru.c ****  * @date 2015-02-20
   4:/opt/XMClib/XMC_Peripheral_Library_v2.1.16/XMCLib/src/xmc4_eru.c ****  *
   5:/opt/XMClib/XMC_Peripheral_Library_v2.1.16/XMCLib/src/xmc4_eru.c ****  * @cond
   6:/opt/XMClib/XMC_Peripheral_Library_v2.1.16/XMCLib/src/xmc4_eru.c ****  **************************************************************************************************
   7:/opt/XMClib/XMC_Peripheral_Library_v2.1.16/XMCLib/src/xmc4_eru.c ****  * XMClib v2.1.16 - XMC Peripheral Driver Library 
   8:/opt/XMClib/XMC_Peripheral_Library_v2.1.16/XMCLib/src/xmc4_eru.c ****  *
   9:/opt/XMClib/XMC_Peripheral_Library_v2.1.16/XMCLib/src/xmc4_eru.c ****  * Copyright (c) 2015-2017, Infineon Technologies AG
  10:/opt/XMClib/XMC_Peripheral_Library_v2.1.16/XMCLib/src/xmc4_eru.c ****  * All rights reserved.                        
  11:/opt/XMClib/XMC_Peripheral_Library_v2.1.16/XMCLib/src/xmc4_eru.c ****  *                                             
  12:/opt/XMClib/XMC_Peripheral_Library_v2.1.16/XMCLib/src/xmc4_eru.c ****  * Redistribution and use in source and binary forms, with or without modification,are permitted pr
  13:/opt/XMClib/XMC_Peripheral_Library_v2.1.16/XMCLib/src/xmc4_eru.c ****  * following conditions are met:   
  14:/opt/XMClib/XMC_Peripheral_Library_v2.1.16/XMCLib/src/xmc4_eru.c ****  *                                                                              
  15:/opt/XMClib/XMC_Peripheral_Library_v2.1.16/XMCLib/src/xmc4_eru.c ****  * Redistributions of source code must retain the above copyright notice, this list of conditions a
  16:/opt/XMClib/XMC_Peripheral_Library_v2.1.16/XMCLib/src/xmc4_eru.c ****  * disclaimer.                        
  17:/opt/XMClib/XMC_Peripheral_Library_v2.1.16/XMCLib/src/xmc4_eru.c ****  * 
  18:/opt/XMClib/XMC_Peripheral_Library_v2.1.16/XMCLib/src/xmc4_eru.c ****  * Redistributions in binary form must reproduce the above copyright notice, this list of condition
  19:/opt/XMClib/XMC_Peripheral_Library_v2.1.16/XMCLib/src/xmc4_eru.c ****  * disclaimer in the documentation and/or other materials provided with the distribution.          
  20:/opt/XMClib/XMC_Peripheral_Library_v2.1.16/XMCLib/src/xmc4_eru.c ****  * 
  21:/opt/XMClib/XMC_Peripheral_Library_v2.1.16/XMCLib/src/xmc4_eru.c ****  * Neither the name of the copyright holders nor the names of its contributors may be used to endor
  22:/opt/XMClib/XMC_Peripheral_Library_v2.1.16/XMCLib/src/xmc4_eru.c ****  * products derived from this software without specific prior written permission.                  
  23:/opt/XMClib/XMC_Peripheral_Library_v2.1.16/XMCLib/src/xmc4_eru.c ****  *                                                                              
  24:/opt/XMClib/XMC_Peripheral_Library_v2.1.16/XMCLib/src/xmc4_eru.c ****  * THIS SOFTWARE IS PROVIDED BY THE COPYRIGHT HOLDERS AND CONTRIBUTORS "AS IS" AND ANY EXPRESS OR I
  25:/opt/XMClib/XMC_Peripheral_Library_v2.1.16/XMCLib/src/xmc4_eru.c ****  * INCLUDING, BUT NOT LIMITED TO, THE IMPLIED WARRANTIES OF MERCHANTABILITY AND FITNESS FOR A PARTI
  26:/opt/XMClib/XMC_Peripheral_Library_v2.1.16/XMCLib/src/xmc4_eru.c ****  * DISCLAIMED. IN NO EVENT SHALL THE COPYRIGHT HOLDER OR CONTRIBUTORS BE LIABLE  FOR ANY DIRECT, IN
  27:/opt/XMClib/XMC_Peripheral_Library_v2.1.16/XMCLib/src/xmc4_eru.c ****  * SPECIAL, EXEMPLARY, OR CONSEQUENTIAL DAMAGES (INCLUDING, BUT NOT LIMITED TO, PROCUREMENT OF SUBS
  28:/opt/XMClib/XMC_Peripheral_Library_v2.1.16/XMCLib/src/xmc4_eru.c ****  * SERVICES; LOSS OF USE, DATA, OR PROFITS; OR BUSINESS INTERRUPTION) HOWEVER CAUSED AND ON ANY THE
  29:/opt/XMClib/XMC_Peripheral_Library_v2.1.16/XMCLib/src/xmc4_eru.c ****  * WHETHER IN CONTRACT, STRICT LIABILITY,OR TORT (INCLUDING NEGLIGENCE OR OTHERWISE) ARISING IN ANY
  30:/opt/XMClib/XMC_Peripheral_Library_v2.1.16/XMCLib/src/xmc4_eru.c ****  * OF THIS SOFTWARE, EVEN IF ADVISED OF THE POSSIBILITY OF SUCH DAMAGE.                            
  31:/opt/XMClib/XMC_Peripheral_Library_v2.1.16/XMCLib/src/xmc4_eru.c ****  *                                                                              
  32:/opt/XMClib/XMC_Peripheral_Library_v2.1.16/XMCLib/src/xmc4_eru.c ****  * To improve the quality of the software, users are encouraged to share modifications, enhancement
  33:/opt/XMClib/XMC_Peripheral_Library_v2.1.16/XMCLib/src/xmc4_eru.c ****  * Infineon Technologies AG dave@infineon.com).                                                    
  34:/opt/XMClib/XMC_Peripheral_Library_v2.1.16/XMCLib/src/xmc4_eru.c ****  **************************************************************************************************
  35:/opt/XMClib/XMC_Peripheral_Library_v2.1.16/XMCLib/src/xmc4_eru.c ****  *
  36:/opt/XMClib/XMC_Peripheral_Library_v2.1.16/XMCLib/src/xmc4_eru.c ****  * Change History
  37:/opt/XMClib/XMC_Peripheral_Library_v2.1.16/XMCLib/src/xmc4_eru.c ****  * --------------
  38:/opt/XMClib/XMC_Peripheral_Library_v2.1.16/XMCLib/src/xmc4_eru.c ****  *
  39:/opt/XMClib/XMC_Peripheral_Library_v2.1.16/XMCLib/src/xmc4_eru.c ****  * 2015-02-20:
  40:/opt/XMClib/XMC_Peripheral_Library_v2.1.16/XMCLib/src/xmc4_eru.c ****  *     - Initial <br>
  41:/opt/XMClib/XMC_Peripheral_Library_v2.1.16/XMCLib/src/xmc4_eru.c ****  *
  42:/opt/XMClib/XMC_Peripheral_Library_v2.1.16/XMCLib/src/xmc4_eru.c ****  * @endcond
  43:/opt/XMClib/XMC_Peripheral_Library_v2.1.16/XMCLib/src/xmc4_eru.c ****  */
  44:/opt/XMClib/XMC_Peripheral_Library_v2.1.16/XMCLib/src/xmc4_eru.c **** #include "xmc_eru.h"
  45:/opt/XMClib/XMC_Peripheral_Library_v2.1.16/XMCLib/src/xmc4_eru.c **** 
  46:/opt/XMClib/XMC_Peripheral_Library_v2.1.16/XMCLib/src/xmc4_eru.c **** #if UC_FAMILY == XMC4
  47:/opt/XMClib/XMC_Peripheral_Library_v2.1.16/XMCLib/src/xmc4_eru.c **** #include "xmc_scu.h"
  48:/opt/XMClib/XMC_Peripheral_Library_v2.1.16/XMCLib/src/xmc4_eru.c **** 
  49:/opt/XMClib/XMC_Peripheral_Library_v2.1.16/XMCLib/src/xmc4_eru.c **** /**************************************************************************************************
  50:/opt/XMClib/XMC_Peripheral_Library_v2.1.16/XMCLib/src/xmc4_eru.c ****  * API IMPLEMENTATION
  51:/opt/XMClib/XMC_Peripheral_Library_v2.1.16/XMCLib/src/xmc4_eru.c ****  **************************************************************************************************
  52:/opt/XMClib/XMC_Peripheral_Library_v2.1.16/XMCLib/src/xmc4_eru.c **** /* Enable the clock and De-assert the ERU module from the reset state. */
  53:/opt/XMClib/XMC_Peripheral_Library_v2.1.16/XMCLib/src/xmc4_eru.c **** void XMC_ERU_Enable(XMC_ERU_t *const eru)
  54:/opt/XMClib/XMC_Peripheral_Library_v2.1.16/XMCLib/src/xmc4_eru.c **** {
  27              		.loc 1 54 0
  28              		.cfi_startproc
  29              		@ args = 0, pretend = 0, frame = 8
  30              		@ frame_needed = 1, uses_anonymous_args = 0
  31 0000 80B5     		push	{r7, lr}
  32              	.LCFI0:
  33              		.cfi_def_cfa_offset 8
  34              		.cfi_offset 7, -8
  35              		.cfi_offset 14, -4
  36 0002 82B0     		sub	sp, sp, #8
  37              	.LCFI1:
  38              		.cfi_def_cfa_offset 16
  39 0004 00AF     		add	r7, sp, #0
  40              	.LCFI2:
  41              		.cfi_def_cfa_register 7
  42 0006 7860     		str	r0, [r7, #4]
  55:/opt/XMClib/XMC_Peripheral_Library_v2.1.16/XMCLib/src/xmc4_eru.c **** #if defined(XMC_ERU1)
  56:/opt/XMClib/XMC_Peripheral_Library_v2.1.16/XMCLib/src/xmc4_eru.c ****   if (eru == XMC_ERU1)
  43              		.loc 1 56 0
  44 0008 7B68     		ldr	r3, [r7, #4]
  45 000a 054A     		ldr	r2, .L4
  46 000c 9342     		cmp	r3, r2
  47 000e 03D1     		bne	.L3
  57:/opt/XMClib/XMC_Peripheral_Library_v2.1.16/XMCLib/src/xmc4_eru.c ****   {
  58:/opt/XMClib/XMC_Peripheral_Library_v2.1.16/XMCLib/src/xmc4_eru.c **** #if defined(CLOCK_GATING_SUPPORTED)
  59:/opt/XMClib/XMC_Peripheral_Library_v2.1.16/XMCLib/src/xmc4_eru.c ****     XMC_SCU_CLOCK_UngatePeripheralClock(XMC_SCU_PERIPHERAL_CLOCK_ERU1);
  60:/opt/XMClib/XMC_Peripheral_Library_v2.1.16/XMCLib/src/xmc4_eru.c **** #endif
  61:/opt/XMClib/XMC_Peripheral_Library_v2.1.16/XMCLib/src/xmc4_eru.c ****     XMC_SCU_RESET_DeassertPeripheralReset(XMC_SCU_PERIPHERAL_RESET_ERU1);
  48              		.loc 1 61 0
  49 0010 4FF48030 		mov	r0, #65536
  50 0014 FFF7FEFF 		bl	XMC_SCU_RESET_DeassertPeripheralReset
  51              	.L3:
  62:/opt/XMClib/XMC_Peripheral_Library_v2.1.16/XMCLib/src/xmc4_eru.c ****   }
  63:/opt/XMClib/XMC_Peripheral_Library_v2.1.16/XMCLib/src/xmc4_eru.c **** #else
  64:/opt/XMClib/XMC_Peripheral_Library_v2.1.16/XMCLib/src/xmc4_eru.c ****   XMC_UNUSED_ARG(eru);
  65:/opt/XMClib/XMC_Peripheral_Library_v2.1.16/XMCLib/src/xmc4_eru.c ****   #endif
  66:/opt/XMClib/XMC_Peripheral_Library_v2.1.16/XMCLib/src/xmc4_eru.c **** }
  52              		.loc 1 66 0
  53 0018 00BF     		nop
  54 001a 0837     		adds	r7, r7, #8
  55              	.LCFI3:
  56              		.cfi_def_cfa_offset 8
  57 001c BD46     		mov	sp, r7
  58              	.LCFI4:
  59              		.cfi_def_cfa_register 13
  60              		@ sp needed
  61 001e 80BD     		pop	{r7, pc}
  62              	.L5:
  63              		.align	2
  64              	.L4:
  65 0020 00400440 		.word	1074020352
  66              		.cfi_endproc
  67              	.LFE166:
  69              		.section	.text.XMC_ERU_Disable,"ax",%progbits
  70              		.align	1
  71              		.global	XMC_ERU_Disable
  72              		.syntax unified
  73              		.thumb
  74              		.thumb_func
  75              		.fpu fpv4-sp-d16
  77              	XMC_ERU_Disable:
  78              	.LFB167:
  67:/opt/XMClib/XMC_Peripheral_Library_v2.1.16/XMCLib/src/xmc4_eru.c **** 
  68:/opt/XMClib/XMC_Peripheral_Library_v2.1.16/XMCLib/src/xmc4_eru.c **** /* Disable the clock and Reset the ERU module. */
  69:/opt/XMClib/XMC_Peripheral_Library_v2.1.16/XMCLib/src/xmc4_eru.c **** void XMC_ERU_Disable(XMC_ERU_t *const eru)
  70:/opt/XMClib/XMC_Peripheral_Library_v2.1.16/XMCLib/src/xmc4_eru.c **** {
  79              		.loc 1 70 0
  80              		.cfi_startproc
  81              		@ args = 0, pretend = 0, frame = 8
  82              		@ frame_needed = 1, uses_anonymous_args = 0
  83 0000 80B5     		push	{r7, lr}
  84              	.LCFI5:
  85              		.cfi_def_cfa_offset 8
  86              		.cfi_offset 7, -8
  87              		.cfi_offset 14, -4
  88 0002 82B0     		sub	sp, sp, #8
  89              	.LCFI6:
  90              		.cfi_def_cfa_offset 16
  91 0004 00AF     		add	r7, sp, #0
  92              	.LCFI7:
  93              		.cfi_def_cfa_register 7
  94 0006 7860     		str	r0, [r7, #4]
  71:/opt/XMClib/XMC_Peripheral_Library_v2.1.16/XMCLib/src/xmc4_eru.c **** #if defined(XMC_ERU1)
  72:/opt/XMClib/XMC_Peripheral_Library_v2.1.16/XMCLib/src/xmc4_eru.c ****   if (eru == XMC_ERU1)
  95              		.loc 1 72 0
  96 0008 7B68     		ldr	r3, [r7, #4]
  97 000a 054A     		ldr	r2, .L9
  98 000c 9342     		cmp	r3, r2
  99 000e 03D1     		bne	.L8
  73:/opt/XMClib/XMC_Peripheral_Library_v2.1.16/XMCLib/src/xmc4_eru.c ****   {
  74:/opt/XMClib/XMC_Peripheral_Library_v2.1.16/XMCLib/src/xmc4_eru.c ****     XMC_SCU_RESET_AssertPeripheralReset(XMC_SCU_PERIPHERAL_RESET_ERU1);
 100              		.loc 1 74 0
 101 0010 4FF48030 		mov	r0, #65536
 102 0014 FFF7FEFF 		bl	XMC_SCU_RESET_AssertPeripheralReset
 103              	.L8:
  75:/opt/XMClib/XMC_Peripheral_Library_v2.1.16/XMCLib/src/xmc4_eru.c **** #if defined(CLOCK_GATING_SUPPORTED)
  76:/opt/XMClib/XMC_Peripheral_Library_v2.1.16/XMCLib/src/xmc4_eru.c ****       XMC_SCU_CLOCK_GatePeripheralClock(XMC_SCU_PERIPHERAL_CLOCK_ERU1);
  77:/opt/XMClib/XMC_Peripheral_Library_v2.1.16/XMCLib/src/xmc4_eru.c ****     #endif
  78:/opt/XMClib/XMC_Peripheral_Library_v2.1.16/XMCLib/src/xmc4_eru.c ****   }
  79:/opt/XMClib/XMC_Peripheral_Library_v2.1.16/XMCLib/src/xmc4_eru.c **** #else
  80:/opt/XMClib/XMC_Peripheral_Library_v2.1.16/XMCLib/src/xmc4_eru.c ****   XMC_UNUSED_ARG(eru);
  81:/opt/XMClib/XMC_Peripheral_Library_v2.1.16/XMCLib/src/xmc4_eru.c **** #endif
  82:/opt/XMClib/XMC_Peripheral_Library_v2.1.16/XMCLib/src/xmc4_eru.c **** }
 104              		.loc 1 82 0
 105 0018 00BF     		nop
 106 001a 0837     		adds	r7, r7, #8
 107              	.LCFI8:
 108              		.cfi_def_cfa_offset 8
 109 001c BD46     		mov	sp, r7
 110              	.LCFI9:
 111              		.cfi_def_cfa_register 13
 112              		@ sp needed
 113 001e 80BD     		pop	{r7, pc}
 114              	.L10:
 115              		.align	2
 116              	.L9:
 117 0020 00400440 		.word	1074020352
 118              		.cfi_endproc
 119              	.LFE167:
 121              		.text
 122              	.Letext0:
 123              		.file 2 "/usr/arm-none-eabi/include/machine/_default_types.h"
 124              		.file 3 "/usr/arm-none-eabi/include/sys/_stdint.h"
 125              		.file 4 "/usr/arm-none-eabi/include/sys/lock.h"
 126              		.file 5 "/usr/arm-none-eabi/include/sys/_types.h"
 127              		.file 6 "/usr/lib/gcc/arm-none-eabi/7.3.1/include/stddef.h"
 128              		.file 7 "/usr/arm-none-eabi/include/sys/reent.h"
 129              		.file 8 "/opt/XMClib/XMC_Peripheral_Library_v2.1.16/CMSIS/Include/core_cm4.h"
 130              		.file 9 "/opt/XMClib/XMC_Peripheral_Library_v2.1.16/CMSIS/Infineon/XMC4500_series/Include/system_X
 131              		.file 10 "/opt/XMClib/XMC_Peripheral_Library_v2.1.16/XMCLib/inc/xmc_eru.h"
 132              		.file 11 "/opt/XMClib/XMC_Peripheral_Library_v2.1.16/XMCLib/inc/xmc4_scu.h"
DEFINED SYMBOLS
                            *ABS*:0000000000000000 xmc4_eru.c
     /tmp/ccQFfgL6.s:17     .text.XMC_ERU_Enable:0000000000000000 $t
     /tmp/ccQFfgL6.s:24     .text.XMC_ERU_Enable:0000000000000000 XMC_ERU_Enable
     /tmp/ccQFfgL6.s:65     .text.XMC_ERU_Enable:0000000000000020 $d
     /tmp/ccQFfgL6.s:70     .text.XMC_ERU_Disable:0000000000000000 $t
     /tmp/ccQFfgL6.s:77     .text.XMC_ERU_Disable:0000000000000000 XMC_ERU_Disable
     /tmp/ccQFfgL6.s:117    .text.XMC_ERU_Disable:0000000000000020 $d
                           .group:0000000000000000 wm4.0.7a9f4dea188ccacb7d502cdcabb040c1
                           .group:0000000000000000 wm4.stddef.h.39.99b5021e28f91cdb161c889e07266673
                           .group:0000000000000000 wm4._newlib_version.h.4.875b979a44719054cd750d0952ad3fd6
                           .group:0000000000000000 wm4.features.h.33.5bd1eea2d80518b50f7af0b5ce6750e0
                           .group:0000000000000000 wm4._default_types.h.15.247e5cd201eca3442cbf5404108c4935
                           .group:0000000000000000 wm4._intsup.h.10.cce27fed8484c08a33f522034c30d2b5
                           .group:0000000000000000 wm4._stdint.h.10.c24fa3af3bc1706662bb5593a907e841
                           .group:0000000000000000 wm4.stdint.h.23.d53047a68f4a85177f80b422d52785ed
                           .group:0000000000000000 wm4.stdbool.h.29.07dce69c3b78884144b7f7bd19483461
                           .group:0000000000000000 wm4.newlib.h.8.f6e543eac3f2f65163ba2ffe3b04987b
                           .group:0000000000000000 wm4.ieeefp.h.77.220d9cccac42cd58761758bee2df4ce6
                           .group:0000000000000000 wm4.config.h.220.6cac6a9685cfce5e83c17784171638d9
                           .group:0000000000000000 wm4._ansi.h.31.de524f58584151836e90d8620a16f8e8
                           .group:0000000000000000 wm4.lock.h.2.1461d1fff82dffe8bfddc23307f6484f
                           .group:0000000000000000 wm4._types.h.125.5cf8a495f1f7ef36777ad868a1e32068
                           .group:0000000000000000 wm4.stddef.h.161.5349cb105733e8777bfb0cf53c4e3f34
                           .group:0000000000000000 wm4._types.h.184.03611d4f6b5bec9997bcf4279eceba07
                           .group:0000000000000000 wm4.reent.h.17.90c2574d4acdcfce933db5cb09ff35fe
                           .group:0000000000000000 wm4.cdefs.h.47.14fad0b327eb9dcf106599b738d85132
                           .group:0000000000000000 wm4.string.h.15.dab3980bf35408a4c507182805e2de3a
                           .group:0000000000000000 wm4.stddef.h.161.19e15733342b50ead2919490b095303e
                           .group:0000000000000000 wm4.xmc_device.h.61.ba2d082e12f51240746cffdd60d42b81
                           .group:0000000000000000 wm4.XMC4500.h.55.9aa45b9b5790506b2dcb963e4e7adeaf
                           .group:0000000000000000 wm4.core_cm4.h.32.6c6eb1c8daeca23ce7ba79c8e8120d52
                           .group:0000000000000000 wm4.cmsis_gcc.h.26.91b63349961c35637933e4fba51b867b
                           .group:0000000000000000 wm4.core_cm4.h.172.fdd5a388a160bb6ff767b7d7ee212268
                           .group:0000000000000000 wm4.system_XMC4500.h.42.99124977c10ca8844a71949adbeabd70
                           .group:0000000000000000 wm4.XMC4500.h.208.b340195df97f067735c4c769ba59985a
                           .group:0000000000000000 wm4.xmc_device.h.1460.8860499b404961ffcfbb8d1fefcb2146
                           .group:0000000000000000 wm4.xmc_common.h.92.3f4336a80569affab05a81145b87c2fc
                           .group:0000000000000000 wm4.xmc_eru.h.106.a3cf8ffd1ed81795507a0e5515e61c9f
                           .group:0000000000000000 wm4.xmc4_eru_map.h.52.8e49f278b9c05a3381adfb852b367c5c
                           .group:0000000000000000 wm4.xmc4_scu.h.83.0449f5880ac071460ec1a8072311ea51

UNDEFINED SYMBOLS
XMC_SCU_RESET_DeassertPeripheralReset
XMC_SCU_RESET_AssertPeripheralReset
