   1              		.cpu cortex-m4
   2              		.eabi_attribute 27, 1
   3              		.eabi_attribute 20, 1
   4              		.eabi_attribute 21, 1
   5              		.eabi_attribute 23, 3
   6              		.eabi_attribute 24, 1
   7              		.eabi_attribute 25, 1
   8              		.eabi_attribute 26, 1
   9              		.eabi_attribute 30, 6
  10              		.eabi_attribute 34, 1
  11              		.eabi_attribute 18, 4
  12              		.file	"xmc_eru.c"
  13              		.text
  14              	.Ltext0:
  15              		.cfi_sections	.debug_frame
  16              		.section	.text.XMC_ERU_ETL_Init,"ax",%progbits
  17              		.align	1
  18              		.global	XMC_ERU_ETL_Init
  19              		.syntax unified
  20              		.thumb
  21              		.thumb_func
  22              		.fpu fpv4-sp-d16
  24              	XMC_ERU_ETL_Init:
  25              	.LFB132:
  26              		.file 1 "/opt/XMClib/XMC_Peripheral_Library_v2.1.16/XMCLib/src/xmc_eru.c"
   1:/opt/XMClib/XMC_Peripheral_Library_v2.1.16/XMCLib/src/xmc_eru.c **** /**
   2:/opt/XMClib/XMC_Peripheral_Library_v2.1.16/XMCLib/src/xmc_eru.c ****  * @file xmc_eru.c
   3:/opt/XMClib/XMC_Peripheral_Library_v2.1.16/XMCLib/src/xmc_eru.c ****  * @date 2016-03-10
   4:/opt/XMClib/XMC_Peripheral_Library_v2.1.16/XMCLib/src/xmc_eru.c ****  *
   5:/opt/XMClib/XMC_Peripheral_Library_v2.1.16/XMCLib/src/xmc_eru.c ****  * @cond
   6:/opt/XMClib/XMC_Peripheral_Library_v2.1.16/XMCLib/src/xmc_eru.c ****  **************************************************************************************************
   7:/opt/XMClib/XMC_Peripheral_Library_v2.1.16/XMCLib/src/xmc_eru.c ****  * XMClib v2.1.16 - XMC Peripheral Driver Library 
   8:/opt/XMClib/XMC_Peripheral_Library_v2.1.16/XMCLib/src/xmc_eru.c ****  *
   9:/opt/XMClib/XMC_Peripheral_Library_v2.1.16/XMCLib/src/xmc_eru.c ****  * Copyright (c) 2015-2017, Infineon Technologies AG
  10:/opt/XMClib/XMC_Peripheral_Library_v2.1.16/XMCLib/src/xmc_eru.c ****  * All rights reserved.                        
  11:/opt/XMClib/XMC_Peripheral_Library_v2.1.16/XMCLib/src/xmc_eru.c ****  *                                             
  12:/opt/XMClib/XMC_Peripheral_Library_v2.1.16/XMCLib/src/xmc_eru.c ****  * Redistribution and use in source and binary forms, with or without modification,are permitted pr
  13:/opt/XMClib/XMC_Peripheral_Library_v2.1.16/XMCLib/src/xmc_eru.c ****  * following conditions are met:   
  14:/opt/XMClib/XMC_Peripheral_Library_v2.1.16/XMCLib/src/xmc_eru.c ****  *                                                                              
  15:/opt/XMClib/XMC_Peripheral_Library_v2.1.16/XMCLib/src/xmc_eru.c ****  * Redistributions of source code must retain the above copyright notice, this list of conditions a
  16:/opt/XMClib/XMC_Peripheral_Library_v2.1.16/XMCLib/src/xmc_eru.c ****  * disclaimer.                        
  17:/opt/XMClib/XMC_Peripheral_Library_v2.1.16/XMCLib/src/xmc_eru.c ****  * 
  18:/opt/XMClib/XMC_Peripheral_Library_v2.1.16/XMCLib/src/xmc_eru.c ****  * Redistributions in binary form must reproduce the above copyright notice, this list of condition
  19:/opt/XMClib/XMC_Peripheral_Library_v2.1.16/XMCLib/src/xmc_eru.c ****  * disclaimer in the documentation and/or other materials provided with the distribution.          
  20:/opt/XMClib/XMC_Peripheral_Library_v2.1.16/XMCLib/src/xmc_eru.c ****  * 
  21:/opt/XMClib/XMC_Peripheral_Library_v2.1.16/XMCLib/src/xmc_eru.c ****  * Neither the name of the copyright holders nor the names of its contributors may be used to endor
  22:/opt/XMClib/XMC_Peripheral_Library_v2.1.16/XMCLib/src/xmc_eru.c ****  * products derived from this software without specific prior written permission.                  
  23:/opt/XMClib/XMC_Peripheral_Library_v2.1.16/XMCLib/src/xmc_eru.c ****  *                                                                              
  24:/opt/XMClib/XMC_Peripheral_Library_v2.1.16/XMCLib/src/xmc_eru.c ****  * THIS SOFTWARE IS PROVIDED BY THE COPYRIGHT HOLDERS AND CONTRIBUTORS "AS IS" AND ANY EXPRESS OR I
  25:/opt/XMClib/XMC_Peripheral_Library_v2.1.16/XMCLib/src/xmc_eru.c ****  * INCLUDING, BUT NOT LIMITED TO, THE IMPLIED WARRANTIES OF MERCHANTABILITY AND FITNESS FOR A PARTI
  26:/opt/XMClib/XMC_Peripheral_Library_v2.1.16/XMCLib/src/xmc_eru.c ****  * DISCLAIMED. IN NO EVENT SHALL THE COPYRIGHT HOLDER OR CONTRIBUTORS BE LIABLE  FOR ANY DIRECT, IN
  27:/opt/XMClib/XMC_Peripheral_Library_v2.1.16/XMCLib/src/xmc_eru.c ****  * SPECIAL, EXEMPLARY, OR CONSEQUENTIAL DAMAGES (INCLUDING, BUT NOT LIMITED TO, PROCUREMENT OF SUBS
  28:/opt/XMClib/XMC_Peripheral_Library_v2.1.16/XMCLib/src/xmc_eru.c ****  * SERVICES; LOSS OF USE, DATA, OR PROFITS; OR BUSINESS INTERRUPTION) HOWEVER CAUSED AND ON ANY THE
  29:/opt/XMClib/XMC_Peripheral_Library_v2.1.16/XMCLib/src/xmc_eru.c ****  * WHETHER IN CONTRACT, STRICT LIABILITY,OR TORT (INCLUDING NEGLIGENCE OR OTHERWISE) ARISING IN ANY
  30:/opt/XMClib/XMC_Peripheral_Library_v2.1.16/XMCLib/src/xmc_eru.c ****  * OF THIS SOFTWARE, EVEN IF ADVISED OF THE POSSIBILITY OF SUCH DAMAGE.                            
  31:/opt/XMClib/XMC_Peripheral_Library_v2.1.16/XMCLib/src/xmc_eru.c ****  *                                                                              
  32:/opt/XMClib/XMC_Peripheral_Library_v2.1.16/XMCLib/src/xmc_eru.c ****  * To improve the quality of the software, users are encouraged to share modifications, enhancement
  33:/opt/XMClib/XMC_Peripheral_Library_v2.1.16/XMCLib/src/xmc_eru.c ****  * Infineon Technologies AG dave@infineon.com).                                                    
  34:/opt/XMClib/XMC_Peripheral_Library_v2.1.16/XMCLib/src/xmc_eru.c ****  **************************************************************************************************
  35:/opt/XMClib/XMC_Peripheral_Library_v2.1.16/XMCLib/src/xmc_eru.c ****  *
  36:/opt/XMClib/XMC_Peripheral_Library_v2.1.16/XMCLib/src/xmc_eru.c ****  * Change History
  37:/opt/XMClib/XMC_Peripheral_Library_v2.1.16/XMCLib/src/xmc_eru.c ****  * --------------
  38:/opt/XMClib/XMC_Peripheral_Library_v2.1.16/XMCLib/src/xmc_eru.c ****  *
  39:/opt/XMClib/XMC_Peripheral_Library_v2.1.16/XMCLib/src/xmc_eru.c ****  * 2015-02-20:
  40:/opt/XMClib/XMC_Peripheral_Library_v2.1.16/XMCLib/src/xmc_eru.c ****  *     - Initial <br>
  41:/opt/XMClib/XMC_Peripheral_Library_v2.1.16/XMCLib/src/xmc_eru.c ****  *
  42:/opt/XMClib/XMC_Peripheral_Library_v2.1.16/XMCLib/src/xmc_eru.c ****  * 2015-06-20:
  43:/opt/XMClib/XMC_Peripheral_Library_v2.1.16/XMCLib/src/xmc_eru.c ****  *     - Removed definition of GetDriverVersion API <br>
  44:/opt/XMClib/XMC_Peripheral_Library_v2.1.16/XMCLib/src/xmc_eru.c ****  *
  45:/opt/XMClib/XMC_Peripheral_Library_v2.1.16/XMCLib/src/xmc_eru.c ****  * 2016-03-10:
  46:/opt/XMClib/XMC_Peripheral_Library_v2.1.16/XMCLib/src/xmc_eru.c ****  *     - XMC_ERU_ETL_GetEdgeDetection() API is added to get the configured edge for event generatio
  47:/opt/XMClib/XMC_Peripheral_Library_v2.1.16/XMCLib/src/xmc_eru.c ****  *
  48:/opt/XMClib/XMC_Peripheral_Library_v2.1.16/XMCLib/src/xmc_eru.c ****  * @endcond
  49:/opt/XMClib/XMC_Peripheral_Library_v2.1.16/XMCLib/src/xmc_eru.c ****  */
  50:/opt/XMClib/XMC_Peripheral_Library_v2.1.16/XMCLib/src/xmc_eru.c **** 
  51:/opt/XMClib/XMC_Peripheral_Library_v2.1.16/XMCLib/src/xmc_eru.c **** /**************************************************************************************************
  52:/opt/XMClib/XMC_Peripheral_Library_v2.1.16/XMCLib/src/xmc_eru.c ****  * HEADER FILES
  53:/opt/XMClib/XMC_Peripheral_Library_v2.1.16/XMCLib/src/xmc_eru.c ****  **************************************************************************************************
  54:/opt/XMClib/XMC_Peripheral_Library_v2.1.16/XMCLib/src/xmc_eru.c **** 
  55:/opt/XMClib/XMC_Peripheral_Library_v2.1.16/XMCLib/src/xmc_eru.c **** #include "xmc_eru.h"
  56:/opt/XMClib/XMC_Peripheral_Library_v2.1.16/XMCLib/src/xmc_eru.c **** 
  57:/opt/XMClib/XMC_Peripheral_Library_v2.1.16/XMCLib/src/xmc_eru.c **** /**************************************************************************************************
  58:/opt/XMClib/XMC_Peripheral_Library_v2.1.16/XMCLib/src/xmc_eru.c ****  * MACROS
  59:/opt/XMClib/XMC_Peripheral_Library_v2.1.16/XMCLib/src/xmc_eru.c ****  **************************************************************************************************
  60:/opt/XMClib/XMC_Peripheral_Library_v2.1.16/XMCLib/src/xmc_eru.c **** 
  61:/opt/XMClib/XMC_Peripheral_Library_v2.1.16/XMCLib/src/xmc_eru.c **** #define ERU_EXISEL_BITSIZE (4UL) /* Used to set the input for path A and path B based on the channe
  62:/opt/XMClib/XMC_Peripheral_Library_v2.1.16/XMCLib/src/xmc_eru.c **** #define ERU_EXISEL_INPUT_BITSIZE (2UL)
  63:/opt/XMClib/XMC_Peripheral_Library_v2.1.16/XMCLib/src/xmc_eru.c **** 
  64:/opt/XMClib/XMC_Peripheral_Library_v2.1.16/XMCLib/src/xmc_eru.c **** #define XMC_ERU_ETL_CHECK_INPUT_A(input) \
  65:/opt/XMClib/XMC_Peripheral_Library_v2.1.16/XMCLib/src/xmc_eru.c ****     ((input == XMC_ERU_ETL_INPUT_A0) || \
  66:/opt/XMClib/XMC_Peripheral_Library_v2.1.16/XMCLib/src/xmc_eru.c ****      (input == XMC_ERU_ETL_INPUT_A1) || \
  67:/opt/XMClib/XMC_Peripheral_Library_v2.1.16/XMCLib/src/xmc_eru.c ****      (input == XMC_ERU_ETL_INPUT_A2) || \
  68:/opt/XMClib/XMC_Peripheral_Library_v2.1.16/XMCLib/src/xmc_eru.c ****      (input == XMC_ERU_ETL_INPUT_A3))
  69:/opt/XMClib/XMC_Peripheral_Library_v2.1.16/XMCLib/src/xmc_eru.c **** 
  70:/opt/XMClib/XMC_Peripheral_Library_v2.1.16/XMCLib/src/xmc_eru.c **** #define XMC_ERU_ETL_CHECK_INPUT_B(input) \
  71:/opt/XMClib/XMC_Peripheral_Library_v2.1.16/XMCLib/src/xmc_eru.c ****     ((input == XMC_ERU_ETL_INPUT_B0) || \
  72:/opt/XMClib/XMC_Peripheral_Library_v2.1.16/XMCLib/src/xmc_eru.c ****      (input == XMC_ERU_ETL_INPUT_B1) || \
  73:/opt/XMClib/XMC_Peripheral_Library_v2.1.16/XMCLib/src/xmc_eru.c ****      (input == XMC_ERU_ETL_INPUT_B2) || \
  74:/opt/XMClib/XMC_Peripheral_Library_v2.1.16/XMCLib/src/xmc_eru.c ****      (input == XMC_ERU_ETL_INPUT_B3))
  75:/opt/XMClib/XMC_Peripheral_Library_v2.1.16/XMCLib/src/xmc_eru.c **** 
  76:/opt/XMClib/XMC_Peripheral_Library_v2.1.16/XMCLib/src/xmc_eru.c **** #define XMC_ERU_ETL_CHECK_STATUS_FLAG_MODE(mode) \
  77:/opt/XMClib/XMC_Peripheral_Library_v2.1.16/XMCLib/src/xmc_eru.c ****     ((mode == XMC_ERU_ETL_STATUS_FLAG_MODE_SWCTRL) || \
  78:/opt/XMClib/XMC_Peripheral_Library_v2.1.16/XMCLib/src/xmc_eru.c ****      (mode == XMC_ERU_ETL_STATUS_FLAG_MODE_HWCTRL))
  79:/opt/XMClib/XMC_Peripheral_Library_v2.1.16/XMCLib/src/xmc_eru.c **** 
  80:/opt/XMClib/XMC_Peripheral_Library_v2.1.16/XMCLib/src/xmc_eru.c **** #define XMC_ERU_ETL_CHECK_EVENT_SOURCE(source) \
  81:/opt/XMClib/XMC_Peripheral_Library_v2.1.16/XMCLib/src/xmc_eru.c ****     ((source == XMC_ERU_ETL_SOURCE_A)              || \
  82:/opt/XMClib/XMC_Peripheral_Library_v2.1.16/XMCLib/src/xmc_eru.c ****      (source == XMC_ERU_ETL_SOURCE_B)              || \
  83:/opt/XMClib/XMC_Peripheral_Library_v2.1.16/XMCLib/src/xmc_eru.c ****      (source == XMC_ERU_ETL_SOURCE_A_OR_B)         || \
  84:/opt/XMClib/XMC_Peripheral_Library_v2.1.16/XMCLib/src/xmc_eru.c ****      (source == XMC_ERU_ETL_SOURCE_A_AND_B)        || \
  85:/opt/XMClib/XMC_Peripheral_Library_v2.1.16/XMCLib/src/xmc_eru.c ****      (source == XMC_ERU_ETL_SOURCE_NOT_A)          || \
  86:/opt/XMClib/XMC_Peripheral_Library_v2.1.16/XMCLib/src/xmc_eru.c ****      (source == XMC_ERU_ETL_SOURCE_NOT_A_OR_B)     || \
  87:/opt/XMClib/XMC_Peripheral_Library_v2.1.16/XMCLib/src/xmc_eru.c ****      (source == XMC_ERU_ETL_SOURCE_NOT_A_AND_B)    || \
  88:/opt/XMClib/XMC_Peripheral_Library_v2.1.16/XMCLib/src/xmc_eru.c ****      (source == XMC_ERU_ETL_SOURCE_NOT_B)          || \
  89:/opt/XMClib/XMC_Peripheral_Library_v2.1.16/XMCLib/src/xmc_eru.c ****      (source == XMC_ERU_ETL_SOURCE_A_OR_NOT_B)     || \
  90:/opt/XMClib/XMC_Peripheral_Library_v2.1.16/XMCLib/src/xmc_eru.c ****      (source == XMC_ERU_ETL_SOURCE_A_AND_NOT_B)    || \
  91:/opt/XMClib/XMC_Peripheral_Library_v2.1.16/XMCLib/src/xmc_eru.c ****      (source == XMC_ERU_ETL_SOURCE_NOT_A_OR_NOT_B) || \
  92:/opt/XMClib/XMC_Peripheral_Library_v2.1.16/XMCLib/src/xmc_eru.c ****      (source == XMC_ERU_ETL_SOURCE_NOT_A_AND_NOT_B))
  93:/opt/XMClib/XMC_Peripheral_Library_v2.1.16/XMCLib/src/xmc_eru.c **** 
  94:/opt/XMClib/XMC_Peripheral_Library_v2.1.16/XMCLib/src/xmc_eru.c **** #define XMC_ERU_ETL_CHECK_TRIGGER_EDGE(edge) \
  95:/opt/XMClib/XMC_Peripheral_Library_v2.1.16/XMCLib/src/xmc_eru.c ****     ((edge == XMC_ERU_ETL_EDGE_DETECTION_DISABLED) || \
  96:/opt/XMClib/XMC_Peripheral_Library_v2.1.16/XMCLib/src/xmc_eru.c ****      (edge == XMC_ERU_ETL_EDGE_DETECTION_RISING) || \
  97:/opt/XMClib/XMC_Peripheral_Library_v2.1.16/XMCLib/src/xmc_eru.c ****      (edge == XMC_ERU_ETL_EDGE_DETECTION_FALLING) || \
  98:/opt/XMClib/XMC_Peripheral_Library_v2.1.16/XMCLib/src/xmc_eru.c ****      (edge == XMC_ERU_ETL_EDGE_DETECTION_BOTH))
  99:/opt/XMClib/XMC_Peripheral_Library_v2.1.16/XMCLib/src/xmc_eru.c **** 
 100:/opt/XMClib/XMC_Peripheral_Library_v2.1.16/XMCLib/src/xmc_eru.c **** #define XMC_ERU_ETL_CHECK_TRIGGER_CHANNEL(channel) \
 101:/opt/XMClib/XMC_Peripheral_Library_v2.1.16/XMCLib/src/xmc_eru.c ****     ((channel == XMC_ERU_ETL_OUTPUT_TRIGGER_CHANNEL0) || \
 102:/opt/XMClib/XMC_Peripheral_Library_v2.1.16/XMCLib/src/xmc_eru.c ****      (channel == XMC_ERU_ETL_OUTPUT_TRIGGER_CHANNEL1) || \
 103:/opt/XMClib/XMC_Peripheral_Library_v2.1.16/XMCLib/src/xmc_eru.c ****      (channel == XMC_ERU_ETL_OUTPUT_TRIGGER_CHANNEL2) || \
 104:/opt/XMClib/XMC_Peripheral_Library_v2.1.16/XMCLib/src/xmc_eru.c ****      (channel == XMC_ERU_ETL_OUTPUT_TRIGGER_CHANNEL3))
 105:/opt/XMClib/XMC_Peripheral_Library_v2.1.16/XMCLib/src/xmc_eru.c **** 
 106:/opt/XMClib/XMC_Peripheral_Library_v2.1.16/XMCLib/src/xmc_eru.c **** #define XMC_ERU_OGU_CHECK_PATTERN_INPUT(input) \
 107:/opt/XMClib/XMC_Peripheral_Library_v2.1.16/XMCLib/src/xmc_eru.c ****     ((input == XMC_ERU_OGU_PATTERN_DETECTION_INPUT0) || \
 108:/opt/XMClib/XMC_Peripheral_Library_v2.1.16/XMCLib/src/xmc_eru.c ****      (input == XMC_ERU_OGU_PATTERN_DETECTION_INPUT1) || \
 109:/opt/XMClib/XMC_Peripheral_Library_v2.1.16/XMCLib/src/xmc_eru.c ****      (input == XMC_ERU_OGU_PATTERN_DETECTION_INPUT2) || \
 110:/opt/XMClib/XMC_Peripheral_Library_v2.1.16/XMCLib/src/xmc_eru.c ****      (input == XMC_ERU_OGU_PATTERN_DETECTION_INPUT3))
 111:/opt/XMClib/XMC_Peripheral_Library_v2.1.16/XMCLib/src/xmc_eru.c **** 
 112:/opt/XMClib/XMC_Peripheral_Library_v2.1.16/XMCLib/src/xmc_eru.c **** #define XMC_ERU_OGU_CHECK_PERIPHERAL_TRIGGER(trigger) \
 113:/opt/XMClib/XMC_Peripheral_Library_v2.1.16/XMCLib/src/xmc_eru.c ****     ((trigger == XMC_ERU_OGU_PERIPHERAL_TRIGGER1) || \
 114:/opt/XMClib/XMC_Peripheral_Library_v2.1.16/XMCLib/src/xmc_eru.c ****      (trigger == XMC_ERU_OGU_PERIPHERAL_TRIGGER2) || \
 115:/opt/XMClib/XMC_Peripheral_Library_v2.1.16/XMCLib/src/xmc_eru.c ****      (trigger == XMC_ERU_OGU_PERIPHERAL_TRIGGER3))
 116:/opt/XMClib/XMC_Peripheral_Library_v2.1.16/XMCLib/src/xmc_eru.c **** 
 117:/opt/XMClib/XMC_Peripheral_Library_v2.1.16/XMCLib/src/xmc_eru.c **** #define XMC_ERU_OGU_CHECK_SERIVCE_REQUEST(service) \
 118:/opt/XMClib/XMC_Peripheral_Library_v2.1.16/XMCLib/src/xmc_eru.c ****     ((service == XMC_ERU_OGU_SERVICE_REQUEST_DISABLED) || \
 119:/opt/XMClib/XMC_Peripheral_Library_v2.1.16/XMCLib/src/xmc_eru.c ****      (service == XMC_ERU_OGU_SERVICE_REQUEST_ON_TRIGGER) || \
 120:/opt/XMClib/XMC_Peripheral_Library_v2.1.16/XMCLib/src/xmc_eru.c ****      (service == XMC_ERU_OGU_SERVICE_REQUEST_ON_TRIGGER_AND_PATTERN_MATCH) || \
 121:/opt/XMClib/XMC_Peripheral_Library_v2.1.16/XMCLib/src/xmc_eru.c ****      (service == XMC_ERU_OGU_SERVICE_REQUEST_ON_TRIGGER_AND_PATTERN_MISMATCH))
 122:/opt/XMClib/XMC_Peripheral_Library_v2.1.16/XMCLib/src/xmc_eru.c ****  
 123:/opt/XMClib/XMC_Peripheral_Library_v2.1.16/XMCLib/src/xmc_eru.c **** /**************************************************************************************************
 124:/opt/XMClib/XMC_Peripheral_Library_v2.1.16/XMCLib/src/xmc_eru.c ****  * API IMPLEMENTATION
 125:/opt/XMClib/XMC_Peripheral_Library_v2.1.16/XMCLib/src/xmc_eru.c ****  **************************************************************************************************
 126:/opt/XMClib/XMC_Peripheral_Library_v2.1.16/XMCLib/src/xmc_eru.c **** /* Initializes the selected ERU_ETLx channel with the config structure.  */
 127:/opt/XMClib/XMC_Peripheral_Library_v2.1.16/XMCLib/src/xmc_eru.c **** void XMC_ERU_ETL_Init(XMC_ERU_t *const eru,
 128:/opt/XMClib/XMC_Peripheral_Library_v2.1.16/XMCLib/src/xmc_eru.c ****                       const uint8_t channel,
 129:/opt/XMClib/XMC_Peripheral_Library_v2.1.16/XMCLib/src/xmc_eru.c ****                       const XMC_ERU_ETL_CONFIG_t *const config)
 130:/opt/XMClib/XMC_Peripheral_Library_v2.1.16/XMCLib/src/xmc_eru.c **** { 
  27              		.loc 1 130 0
  28              		.cfi_startproc
  29              		@ args = 0, pretend = 0, frame = 16
  30              		@ frame_needed = 1, uses_anonymous_args = 0
  31 0000 80B5     		push	{r7, lr}
  32              	.LCFI0:
  33              		.cfi_def_cfa_offset 8
  34              		.cfi_offset 7, -8
  35              		.cfi_offset 14, -4
  36 0002 84B0     		sub	sp, sp, #16
  37              	.LCFI1:
  38              		.cfi_def_cfa_offset 24
  39 0004 00AF     		add	r7, sp, #0
  40              	.LCFI2:
  41              		.cfi_def_cfa_register 7
  42 0006 F860     		str	r0, [r7, #12]
  43 0008 0B46     		mov	r3, r1
  44 000a 7A60     		str	r2, [r7, #4]
  45 000c FB72     		strb	r3, [r7, #11]
 131:/opt/XMClib/XMC_Peripheral_Library_v2.1.16/XMCLib/src/xmc_eru.c ****   XMC_ASSERT("XMC_ERU_ETL_Init:Invalid Module Pointer", XMC_ERU_CHECK_MODULE_PTR(eru));
 132:/opt/XMClib/XMC_Peripheral_Library_v2.1.16/XMCLib/src/xmc_eru.c ****   XMC_ASSERT("XMC_ERU_ETL_Init:Invalid Channel Number", (channel < 4U));
 133:/opt/XMClib/XMC_Peripheral_Library_v2.1.16/XMCLib/src/xmc_eru.c **** 
 134:/opt/XMClib/XMC_Peripheral_Library_v2.1.16/XMCLib/src/xmc_eru.c ****   XMC_ERU_Enable(eru);
  46              		.loc 1 134 0
  47 000e F868     		ldr	r0, [r7, #12]
  48 0010 FFF7FEFF 		bl	XMC_ERU_Enable
 135:/opt/XMClib/XMC_Peripheral_Library_v2.1.16/XMCLib/src/xmc_eru.c **** 
 136:/opt/XMClib/XMC_Peripheral_Library_v2.1.16/XMCLib/src/xmc_eru.c ****   eru->EXISEL = (eru->EXISEL & 
  49              		.loc 1 136 0
  50 0014 FB68     		ldr	r3, [r7, #12]
  51 0016 1A68     		ldr	r2, [r3]
 137:/opt/XMClib/XMC_Peripheral_Library_v2.1.16/XMCLib/src/xmc_eru.c ****                  ~((uint32_t)(ERU_EXISEL_EXS0A_Msk | ERU_EXISEL_EXS0B_Msk) << (channel * ERU_EXISEL
  52              		.loc 1 137 0
  53 0018 FB7A     		ldrb	r3, [r7, #11]	@ zero_extendqisi2
  54 001a 9B00     		lsls	r3, r3, #2
  55 001c 0F21     		movs	r1, #15
  56 001e 01FA03F3 		lsl	r3, r1, r3
  57 0022 DB43     		mvns	r3, r3
 136:/opt/XMClib/XMC_Peripheral_Library_v2.1.16/XMCLib/src/xmc_eru.c ****                  ~((uint32_t)(ERU_EXISEL_EXS0A_Msk | ERU_EXISEL_EXS0B_Msk) << (channel * ERU_EXISEL
  58              		.loc 1 136 0
  59 0024 1A40     		ands	r2, r2, r3
 138:/opt/XMClib/XMC_Peripheral_Library_v2.1.16/XMCLib/src/xmc_eru.c ****                 (config->input << (channel * (uint32_t)ERU_EXISEL_BITSIZE));
  60              		.loc 1 138 0
  61 0026 7B68     		ldr	r3, [r7, #4]
  62 0028 1968     		ldr	r1, [r3]
  63 002a FB7A     		ldrb	r3, [r7, #11]	@ zero_extendqisi2
  64 002c 9B00     		lsls	r3, r3, #2
  65 002e 01FA03F3 		lsl	r3, r1, r3
 137:/opt/XMClib/XMC_Peripheral_Library_v2.1.16/XMCLib/src/xmc_eru.c ****                  ~((uint32_t)(ERU_EXISEL_EXS0A_Msk | ERU_EXISEL_EXS0B_Msk) << (channel * ERU_EXISEL
  66              		.loc 1 137 0
  67 0032 1A43     		orrs	r2, r2, r3
 136:/opt/XMClib/XMC_Peripheral_Library_v2.1.16/XMCLib/src/xmc_eru.c ****                  ~((uint32_t)(ERU_EXISEL_EXS0A_Msk | ERU_EXISEL_EXS0B_Msk) << (channel * ERU_EXISEL
  68              		.loc 1 136 0
  69 0034 FB68     		ldr	r3, [r7, #12]
  70 0036 1A60     		str	r2, [r3]
 139:/opt/XMClib/XMC_Peripheral_Library_v2.1.16/XMCLib/src/xmc_eru.c ****   
 140:/opt/XMClib/XMC_Peripheral_Library_v2.1.16/XMCLib/src/xmc_eru.c ****   eru->EXICON[channel] = config->raw;
  71              		.loc 1 140 0
  72 0038 FA7A     		ldrb	r2, [r7, #11]	@ zero_extendqisi2
  73 003a 7B68     		ldr	r3, [r7, #4]
  74 003c 5968     		ldr	r1, [r3, #4]
  75 003e FB68     		ldr	r3, [r7, #12]
  76 0040 0432     		adds	r2, r2, #4
  77 0042 43F82210 		str	r1, [r3, r2, lsl #2]
 141:/opt/XMClib/XMC_Peripheral_Library_v2.1.16/XMCLib/src/xmc_eru.c **** }
  78              		.loc 1 141 0
  79 0046 00BF     		nop
  80 0048 1037     		adds	r7, r7, #16
  81              	.LCFI3:
  82              		.cfi_def_cfa_offset 8
  83 004a BD46     		mov	sp, r7
  84              	.LCFI4:
  85              		.cfi_def_cfa_register 13
  86              		@ sp needed
  87 004c 80BD     		pop	{r7, pc}
  88              		.cfi_endproc
  89              	.LFE132:
  91              		.section	.text.XMC_ERU_OGU_Init,"ax",%progbits
  92              		.align	1
  93              		.global	XMC_ERU_OGU_Init
  94              		.syntax unified
  95              		.thumb
  96              		.thumb_func
  97              		.fpu fpv4-sp-d16
  99              	XMC_ERU_OGU_Init:
 100              	.LFB133:
 142:/opt/XMClib/XMC_Peripheral_Library_v2.1.16/XMCLib/src/xmc_eru.c **** 
 143:/opt/XMClib/XMC_Peripheral_Library_v2.1.16/XMCLib/src/xmc_eru.c **** /* Initializes the selected ERU_OGUy channel with the config structure.  */
 144:/opt/XMClib/XMC_Peripheral_Library_v2.1.16/XMCLib/src/xmc_eru.c **** void XMC_ERU_OGU_Init(XMC_ERU_t *const eru,
 145:/opt/XMClib/XMC_Peripheral_Library_v2.1.16/XMCLib/src/xmc_eru.c ****                       const uint8_t channel,
 146:/opt/XMClib/XMC_Peripheral_Library_v2.1.16/XMCLib/src/xmc_eru.c ****                       const XMC_ERU_OGU_CONFIG_t *const config)
 147:/opt/XMClib/XMC_Peripheral_Library_v2.1.16/XMCLib/src/xmc_eru.c **** {
 101              		.loc 1 147 0
 102              		.cfi_startproc
 103              		@ args = 0, pretend = 0, frame = 16
 104              		@ frame_needed = 1, uses_anonymous_args = 0
 105 0000 80B5     		push	{r7, lr}
 106              	.LCFI5:
 107              		.cfi_def_cfa_offset 8
 108              		.cfi_offset 7, -8
 109              		.cfi_offset 14, -4
 110 0002 84B0     		sub	sp, sp, #16
 111              	.LCFI6:
 112              		.cfi_def_cfa_offset 24
 113 0004 00AF     		add	r7, sp, #0
 114              	.LCFI7:
 115              		.cfi_def_cfa_register 7
 116 0006 F860     		str	r0, [r7, #12]
 117 0008 0B46     		mov	r3, r1
 118 000a 7A60     		str	r2, [r7, #4]
 119 000c FB72     		strb	r3, [r7, #11]
 148:/opt/XMClib/XMC_Peripheral_Library_v2.1.16/XMCLib/src/xmc_eru.c ****   XMC_ASSERT("XMC_ERU_OGU_Init:Invalid Module Pointer", XMC_ERU_CHECK_MODULE_PTR(eru));
 149:/opt/XMClib/XMC_Peripheral_Library_v2.1.16/XMCLib/src/xmc_eru.c ****   XMC_ASSERT("XMC_ERU_OGU_Init:Invalid Channel Number", (channel < 4U));
 150:/opt/XMClib/XMC_Peripheral_Library_v2.1.16/XMCLib/src/xmc_eru.c **** 
 151:/opt/XMClib/XMC_Peripheral_Library_v2.1.16/XMCLib/src/xmc_eru.c ****   XMC_ERU_Enable(eru);
 120              		.loc 1 151 0
 121 000e F868     		ldr	r0, [r7, #12]
 122 0010 FFF7FEFF 		bl	XMC_ERU_Enable
 152:/opt/XMClib/XMC_Peripheral_Library_v2.1.16/XMCLib/src/xmc_eru.c **** 
 153:/opt/XMClib/XMC_Peripheral_Library_v2.1.16/XMCLib/src/xmc_eru.c ****   eru->EXOCON[channel] = config->raw;
 123              		.loc 1 153 0
 124 0014 FA7A     		ldrb	r2, [r7, #11]	@ zero_extendqisi2
 125 0016 7B68     		ldr	r3, [r7, #4]
 126 0018 1968     		ldr	r1, [r3]
 127 001a FB68     		ldr	r3, [r7, #12]
 128 001c 0832     		adds	r2, r2, #8
 129 001e 43F82210 		str	r1, [r3, r2, lsl #2]
 154:/opt/XMClib/XMC_Peripheral_Library_v2.1.16/XMCLib/src/xmc_eru.c **** }
 130              		.loc 1 154 0
 131 0022 00BF     		nop
 132 0024 1037     		adds	r7, r7, #16
 133              	.LCFI8:
 134              		.cfi_def_cfa_offset 8
 135 0026 BD46     		mov	sp, r7
 136              	.LCFI9:
 137              		.cfi_def_cfa_register 13
 138              		@ sp needed
 139 0028 80BD     		pop	{r7, pc}
 140              		.cfi_endproc
 141              	.LFE133:
 143              		.section	.text.XMC_ERU_ETL_SetInput,"ax",%progbits
 144              		.align	1
 145              		.global	XMC_ERU_ETL_SetInput
 146              		.syntax unified
 147              		.thumb
 148              		.thumb_func
 149              		.fpu fpv4-sp-d16
 151              	XMC_ERU_ETL_SetInput:
 152              	.LFB134:
 155:/opt/XMClib/XMC_Peripheral_Library_v2.1.16/XMCLib/src/xmc_eru.c **** 
 156:/opt/XMClib/XMC_Peripheral_Library_v2.1.16/XMCLib/src/xmc_eru.c **** /* Configures the event source for path A and path B, with selected input_a and input_b respectivel
 157:/opt/XMClib/XMC_Peripheral_Library_v2.1.16/XMCLib/src/xmc_eru.c **** void XMC_ERU_ETL_SetInput(XMC_ERU_t *const eru,
 158:/opt/XMClib/XMC_Peripheral_Library_v2.1.16/XMCLib/src/xmc_eru.c ****                           const uint8_t channel,
 159:/opt/XMClib/XMC_Peripheral_Library_v2.1.16/XMCLib/src/xmc_eru.c ****                           const XMC_ERU_ETL_INPUT_A_t input_a,
 160:/opt/XMClib/XMC_Peripheral_Library_v2.1.16/XMCLib/src/xmc_eru.c ****                           const XMC_ERU_ETL_INPUT_B_t input_b)
 161:/opt/XMClib/XMC_Peripheral_Library_v2.1.16/XMCLib/src/xmc_eru.c **** {
 153              		.loc 1 161 0
 154              		.cfi_startproc
 155              		@ args = 0, pretend = 0, frame = 8
 156              		@ frame_needed = 1, uses_anonymous_args = 0
 157              		@ link register save eliminated.
 158 0000 80B4     		push	{r7}
 159              	.LCFI10:
 160              		.cfi_def_cfa_offset 4
 161              		.cfi_offset 7, -4
 162 0002 83B0     		sub	sp, sp, #12
 163              	.LCFI11:
 164              		.cfi_def_cfa_offset 16
 165 0004 00AF     		add	r7, sp, #0
 166              	.LCFI12:
 167              		.cfi_def_cfa_register 7
 168 0006 7860     		str	r0, [r7, #4]
 169 0008 0846     		mov	r0, r1
 170 000a 1146     		mov	r1, r2
 171 000c 1A46     		mov	r2, r3
 172 000e 0346     		mov	r3, r0
 173 0010 FB70     		strb	r3, [r7, #3]
 174 0012 0B46     		mov	r3, r1
 175 0014 BB70     		strb	r3, [r7, #2]
 176 0016 1346     		mov	r3, r2
 177 0018 7B70     		strb	r3, [r7, #1]
 162:/opt/XMClib/XMC_Peripheral_Library_v2.1.16/XMCLib/src/xmc_eru.c ****   XMC_ASSERT("XMC_ERU_ETL_SetInput:Invalid Module Pointer", XMC_ERU_CHECK_MODULE_PTR(eru));
 163:/opt/XMClib/XMC_Peripheral_Library_v2.1.16/XMCLib/src/xmc_eru.c ****   XMC_ASSERT("XMC_ERU_ETL_SetInput:Invalid Channel Number", (channel < 4U));
 164:/opt/XMClib/XMC_Peripheral_Library_v2.1.16/XMCLib/src/xmc_eru.c ****   XMC_ASSERT("XMC_ERU_ETL_SetInput:Invalid A", XMC_ERU_ETL_CHECK_INPUT_A(input_a));
 165:/opt/XMClib/XMC_Peripheral_Library_v2.1.16/XMCLib/src/xmc_eru.c ****   XMC_ASSERT("XMC_ERU_ETL_SetInput:Invalid B", XMC_ERU_ETL_CHECK_INPUT_B(input_b));
 166:/opt/XMClib/XMC_Peripheral_Library_v2.1.16/XMCLib/src/xmc_eru.c **** 
 167:/opt/XMClib/XMC_Peripheral_Library_v2.1.16/XMCLib/src/xmc_eru.c ****   eru->EXISEL = (eru->EXISEL & ~((uint32_t)(ERU_EXISEL_EXS0A_Msk | ERU_EXISEL_EXS0B_Msk) << (channe
 178              		.loc 1 167 0
 179 001a 7B68     		ldr	r3, [r7, #4]
 180 001c 1A68     		ldr	r2, [r3]
 181 001e FB78     		ldrb	r3, [r7, #3]	@ zero_extendqisi2
 182 0020 9B00     		lsls	r3, r3, #2
 183 0022 0F21     		movs	r1, #15
 184 0024 01FA03F3 		lsl	r3, r1, r3
 185 0028 DB43     		mvns	r3, r3
 186 002a 1A40     		ands	r2, r2, r3
 168:/opt/XMClib/XMC_Peripheral_Library_v2.1.16/XMCLib/src/xmc_eru.c ****                 (((uint32_t)input_a | (uint32_t)(input_b << ERU_EXISEL_INPUT_BITSIZE))  << (channel
 187              		.loc 1 168 0
 188 002c BB78     		ldrb	r3, [r7, #2]	@ zero_extendqisi2
 189 002e 7978     		ldrb	r1, [r7, #1]	@ zero_extendqisi2
 190 0030 8900     		lsls	r1, r1, #2
 191 0032 1943     		orrs	r1, r1, r3
 192 0034 FB78     		ldrb	r3, [r7, #3]	@ zero_extendqisi2
 193 0036 9B00     		lsls	r3, r3, #2
 194 0038 01FA03F3 		lsl	r3, r1, r3
 167:/opt/XMClib/XMC_Peripheral_Library_v2.1.16/XMCLib/src/xmc_eru.c ****                 (((uint32_t)input_a | (uint32_t)(input_b << ERU_EXISEL_INPUT_BITSIZE))  << (channel
 195              		.loc 1 167 0
 196 003c 1A43     		orrs	r2, r2, r3
 197 003e 7B68     		ldr	r3, [r7, #4]
 198 0040 1A60     		str	r2, [r3]
 169:/opt/XMClib/XMC_Peripheral_Library_v2.1.16/XMCLib/src/xmc_eru.c **** }
 199              		.loc 1 169 0
 200 0042 00BF     		nop
 201 0044 0C37     		adds	r7, r7, #12
 202              	.LCFI13:
 203              		.cfi_def_cfa_offset 4
 204 0046 BD46     		mov	sp, r7
 205              	.LCFI14:
 206              		.cfi_def_cfa_register 13
 207              		@ sp needed
 208 0048 5DF8047B 		ldr	r7, [sp], #4
 209              	.LCFI15:
 210              		.cfi_restore 7
 211              		.cfi_def_cfa_offset 0
 212 004c 7047     		bx	lr
 213              		.cfi_endproc
 214              	.LFE134:
 216              		.section	.text.XMC_ERU_ETL_SetSource,"ax",%progbits
 217              		.align	1
 218              		.global	XMC_ERU_ETL_SetSource
 219              		.syntax unified
 220              		.thumb
 221              		.thumb_func
 222              		.fpu fpv4-sp-d16
 224              	XMC_ERU_ETL_SetSource:
 225              	.LFB135:
 170:/opt/XMClib/XMC_Peripheral_Library_v2.1.16/XMCLib/src/xmc_eru.c **** 
 171:/opt/XMClib/XMC_Peripheral_Library_v2.1.16/XMCLib/src/xmc_eru.c **** /* Select input path combination along with polarity for event generation by setting (SS, NA, NB) b
 172:/opt/XMClib/XMC_Peripheral_Library_v2.1.16/XMCLib/src/xmc_eru.c ****    EXICONx(x = [0 to 3]) register */
 173:/opt/XMClib/XMC_Peripheral_Library_v2.1.16/XMCLib/src/xmc_eru.c **** void XMC_ERU_ETL_SetSource(XMC_ERU_t *const eru,
 174:/opt/XMClib/XMC_Peripheral_Library_v2.1.16/XMCLib/src/xmc_eru.c ****                           const uint8_t channel,
 175:/opt/XMClib/XMC_Peripheral_Library_v2.1.16/XMCLib/src/xmc_eru.c ****                           const XMC_ERU_ETL_SOURCE_t source)
 176:/opt/XMClib/XMC_Peripheral_Library_v2.1.16/XMCLib/src/xmc_eru.c **** {
 226              		.loc 1 176 0
 227              		.cfi_startproc
 228              		@ args = 0, pretend = 0, frame = 8
 229              		@ frame_needed = 1, uses_anonymous_args = 0
 230              		@ link register save eliminated.
 231 0000 80B4     		push	{r7}
 232              	.LCFI16:
 233              		.cfi_def_cfa_offset 4
 234              		.cfi_offset 7, -4
 235 0002 83B0     		sub	sp, sp, #12
 236              	.LCFI17:
 237              		.cfi_def_cfa_offset 16
 238 0004 00AF     		add	r7, sp, #0
 239              	.LCFI18:
 240              		.cfi_def_cfa_register 7
 241 0006 7860     		str	r0, [r7, #4]
 242 0008 0B46     		mov	r3, r1
 243 000a FB70     		strb	r3, [r7, #3]
 244 000c 1346     		mov	r3, r2
 245 000e BB70     		strb	r3, [r7, #2]
 177:/opt/XMClib/XMC_Peripheral_Library_v2.1.16/XMCLib/src/xmc_eru.c ****   XMC_ASSERT("XMC_ERU_ETL_SetSource:Invalid Module Pointer", XMC_ERU_CHECK_MODULE_PTR(eru));
 178:/opt/XMClib/XMC_Peripheral_Library_v2.1.16/XMCLib/src/xmc_eru.c ****   XMC_ASSERT("XMC_ERU_ETL_SetSource:Invalid Channel Number", (channel < 4U));
 179:/opt/XMClib/XMC_Peripheral_Library_v2.1.16/XMCLib/src/xmc_eru.c ****   XMC_ASSERT("XMC_ERU_ETL_SetSource:Invalid Source", XMC_ERU_ETL_CHECK_EVENT_SOURCE(source));
 180:/opt/XMClib/XMC_Peripheral_Library_v2.1.16/XMCLib/src/xmc_eru.c **** 
 181:/opt/XMClib/XMC_Peripheral_Library_v2.1.16/XMCLib/src/xmc_eru.c ****   eru->EXICON_b[channel].SS = (uint8_t)source;
 246              		.loc 1 181 0
 247 0010 FB78     		ldrb	r3, [r7, #3]	@ zero_extendqisi2
 248 0012 BA78     		ldrb	r2, [r7, #2]
 249 0014 02F00F02 		and	r2, r2, #15
 250 0018 D0B2     		uxtb	r0, r2
 251 001a 7A68     		ldr	r2, [r7, #4]
 252 001c 191D     		adds	r1, r3, #4
 253 001e 52F82130 		ldr	r3, [r2, r1, lsl #2]
 254 0022 60F30B23 		bfi	r3, r0, #8, #4
 255 0026 42F82130 		str	r3, [r2, r1, lsl #2]
 182:/opt/XMClib/XMC_Peripheral_Library_v2.1.16/XMCLib/src/xmc_eru.c **** }
 256              		.loc 1 182 0
 257 002a 00BF     		nop
 258 002c 0C37     		adds	r7, r7, #12
 259              	.LCFI19:
 260              		.cfi_def_cfa_offset 4
 261 002e BD46     		mov	sp, r7
 262              	.LCFI20:
 263              		.cfi_def_cfa_register 13
 264              		@ sp needed
 265 0030 5DF8047B 		ldr	r7, [sp], #4
 266              	.LCFI21:
 267              		.cfi_restore 7
 268              		.cfi_def_cfa_offset 0
 269 0034 7047     		bx	lr
 270              		.cfi_endproc
 271              	.LFE135:
 273              		.section	.text.XMC_ERU_ETL_SetEdgeDetection,"ax",%progbits
 274              		.align	1
 275              		.global	XMC_ERU_ETL_SetEdgeDetection
 276              		.syntax unified
 277              		.thumb
 278              		.thumb_func
 279              		.fpu fpv4-sp-d16
 281              	XMC_ERU_ETL_SetEdgeDetection:
 282              	.LFB136:
 183:/opt/XMClib/XMC_Peripheral_Library_v2.1.16/XMCLib/src/xmc_eru.c **** 
 184:/opt/XMClib/XMC_Peripheral_Library_v2.1.16/XMCLib/src/xmc_eru.c **** /* Configure event trigger edge/s by setting (RE, FE) bits of EXICONx(x = [0 to 3]) register.*/
 185:/opt/XMClib/XMC_Peripheral_Library_v2.1.16/XMCLib/src/xmc_eru.c **** void XMC_ERU_ETL_SetEdgeDetection(XMC_ERU_t *const eru,
 186:/opt/XMClib/XMC_Peripheral_Library_v2.1.16/XMCLib/src/xmc_eru.c ****                                   const uint8_t channel,
 187:/opt/XMClib/XMC_Peripheral_Library_v2.1.16/XMCLib/src/xmc_eru.c ****                                   const XMC_ERU_ETL_EDGE_DETECTION_t edge_detection)
 188:/opt/XMClib/XMC_Peripheral_Library_v2.1.16/XMCLib/src/xmc_eru.c **** {
 283              		.loc 1 188 0
 284              		.cfi_startproc
 285              		@ args = 0, pretend = 0, frame = 8
 286              		@ frame_needed = 1, uses_anonymous_args = 0
 287              		@ link register save eliminated.
 288 0000 80B4     		push	{r7}
 289              	.LCFI22:
 290              		.cfi_def_cfa_offset 4
 291              		.cfi_offset 7, -4
 292 0002 83B0     		sub	sp, sp, #12
 293              	.LCFI23:
 294              		.cfi_def_cfa_offset 16
 295 0004 00AF     		add	r7, sp, #0
 296              	.LCFI24:
 297              		.cfi_def_cfa_register 7
 298 0006 7860     		str	r0, [r7, #4]
 299 0008 0B46     		mov	r3, r1
 300 000a FB70     		strb	r3, [r7, #3]
 301 000c 1346     		mov	r3, r2
 302 000e BB70     		strb	r3, [r7, #2]
 189:/opt/XMClib/XMC_Peripheral_Library_v2.1.16/XMCLib/src/xmc_eru.c ****   XMC_ASSERT("XMC_ERU_ETL_SetEdgeDetection:Invalid Module Pointer", XMC_ERU_CHECK_MODULE_PTR(eru));
 190:/opt/XMClib/XMC_Peripheral_Library_v2.1.16/XMCLib/src/xmc_eru.c ****   XMC_ASSERT("XMC_ERU_ETL_SetEdgeDetection:Invalid Channel Number", (channel < 4U));
 191:/opt/XMClib/XMC_Peripheral_Library_v2.1.16/XMCLib/src/xmc_eru.c ****   XMC_ASSERT("XMC_ERU_ETL_SetEdgeDetection:Invalid Trigger Edge", XMC_ERU_ETL_CHECK_TRIGGER_EDGE(ed
 192:/opt/XMClib/XMC_Peripheral_Library_v2.1.16/XMCLib/src/xmc_eru.c **** 
 193:/opt/XMClib/XMC_Peripheral_Library_v2.1.16/XMCLib/src/xmc_eru.c ****   eru->EXICON_b[channel].ED = (uint8_t)edge_detection;
 303              		.loc 1 193 0
 304 0010 FB78     		ldrb	r3, [r7, #3]	@ zero_extendqisi2
 305 0012 BA78     		ldrb	r2, [r7, #2]
 306 0014 02F00302 		and	r2, r2, #3
 307 0018 D0B2     		uxtb	r0, r2
 308 001a 7A68     		ldr	r2, [r7, #4]
 309 001c 191D     		adds	r1, r3, #4
 310 001e 52F82130 		ldr	r3, [r2, r1, lsl #2]
 311 0022 60F38303 		bfi	r3, r0, #2, #2
 312 0026 42F82130 		str	r3, [r2, r1, lsl #2]
 194:/opt/XMClib/XMC_Peripheral_Library_v2.1.16/XMCLib/src/xmc_eru.c **** }
 313              		.loc 1 194 0
 314 002a 00BF     		nop
 315 002c 0C37     		adds	r7, r7, #12
 316              	.LCFI25:
 317              		.cfi_def_cfa_offset 4
 318 002e BD46     		mov	sp, r7
 319              	.LCFI26:
 320              		.cfi_def_cfa_register 13
 321              		@ sp needed
 322 0030 5DF8047B 		ldr	r7, [sp], #4
 323              	.LCFI27:
 324              		.cfi_restore 7
 325              		.cfi_def_cfa_offset 0
 326 0034 7047     		bx	lr
 327              		.cfi_endproc
 328              	.LFE136:
 330              		.section	.text.XMC_ERU_ETL_GetEdgeDetection,"ax",%progbits
 331              		.align	1
 332              		.global	XMC_ERU_ETL_GetEdgeDetection
 333              		.syntax unified
 334              		.thumb
 335              		.thumb_func
 336              		.fpu fpv4-sp-d16
 338              	XMC_ERU_ETL_GetEdgeDetection:
 339              	.LFB137:
 195:/opt/XMClib/XMC_Peripheral_Library_v2.1.16/XMCLib/src/xmc_eru.c **** 
 196:/opt/XMClib/XMC_Peripheral_Library_v2.1.16/XMCLib/src/xmc_eru.c **** /* Returns the configured event trigger edge/s by reading (RE, FE) bits of EXICONx(x = [0 to 3]) re
 197:/opt/XMClib/XMC_Peripheral_Library_v2.1.16/XMCLib/src/xmc_eru.c **** XMC_ERU_ETL_EDGE_DETECTION_t XMC_ERU_ETL_GetEdgeDetection(XMC_ERU_t *const eru, const uint8_t chann
 198:/opt/XMClib/XMC_Peripheral_Library_v2.1.16/XMCLib/src/xmc_eru.c **** {
 340              		.loc 1 198 0
 341              		.cfi_startproc
 342              		@ args = 0, pretend = 0, frame = 8
 343              		@ frame_needed = 1, uses_anonymous_args = 0
 344              		@ link register save eliminated.
 345 0000 80B4     		push	{r7}
 346              	.LCFI28:
 347              		.cfi_def_cfa_offset 4
 348              		.cfi_offset 7, -4
 349 0002 83B0     		sub	sp, sp, #12
 350              	.LCFI29:
 351              		.cfi_def_cfa_offset 16
 352 0004 00AF     		add	r7, sp, #0
 353              	.LCFI30:
 354              		.cfi_def_cfa_register 7
 355 0006 7860     		str	r0, [r7, #4]
 356 0008 0B46     		mov	r3, r1
 357 000a FB70     		strb	r3, [r7, #3]
 199:/opt/XMClib/XMC_Peripheral_Library_v2.1.16/XMCLib/src/xmc_eru.c ****   XMC_ASSERT("XMC_ERU_ETL_GetEdgeDetection:Invalid Module Pointer", XMC_ERU_CHECK_MODULE_PTR(eru));
 200:/opt/XMClib/XMC_Peripheral_Library_v2.1.16/XMCLib/src/xmc_eru.c ****   XMC_ASSERT("XMC_ERU_ETL_GetEdgeDetection:Invalid Channel Number", (channel < 4U));
 201:/opt/XMClib/XMC_Peripheral_Library_v2.1.16/XMCLib/src/xmc_eru.c ****   return ((XMC_ERU_ETL_EDGE_DETECTION_t)(eru->EXICON_b[channel].ED));
 358              		.loc 1 201 0
 359 000c FA78     		ldrb	r2, [r7, #3]	@ zero_extendqisi2
 360 000e 7B68     		ldr	r3, [r7, #4]
 361 0010 0432     		adds	r2, r2, #4
 362 0012 53F82230 		ldr	r3, [r3, r2, lsl #2]
 363 0016 C3F38103 		ubfx	r3, r3, #2, #2
 364 001a DBB2     		uxtb	r3, r3
 202:/opt/XMClib/XMC_Peripheral_Library_v2.1.16/XMCLib/src/xmc_eru.c **** }
 365              		.loc 1 202 0
 366 001c 1846     		mov	r0, r3
 367 001e 0C37     		adds	r7, r7, #12
 368              	.LCFI31:
 369              		.cfi_def_cfa_offset 4
 370 0020 BD46     		mov	sp, r7
 371              	.LCFI32:
 372              		.cfi_def_cfa_register 13
 373              		@ sp needed
 374 0022 5DF8047B 		ldr	r7, [sp], #4
 375              	.LCFI33:
 376              		.cfi_restore 7
 377              		.cfi_def_cfa_offset 0
 378 0026 7047     		bx	lr
 379              		.cfi_endproc
 380              	.LFE137:
 382              		.section	.text.XMC_ERU_ETL_SetStatusFlagMode,"ax",%progbits
 383              		.align	1
 384              		.global	XMC_ERU_ETL_SetStatusFlagMode
 385              		.syntax unified
 386              		.thumb
 387              		.thumb_func
 388              		.fpu fpv4-sp-d16
 390              	XMC_ERU_ETL_SetStatusFlagMode:
 391              	.LFB138:
 203:/opt/XMClib/XMC_Peripheral_Library_v2.1.16/XMCLib/src/xmc_eru.c **** 
 204:/opt/XMClib/XMC_Peripheral_Library_v2.1.16/XMCLib/src/xmc_eru.c **** /* Set the status flag bit(FL) in EXICONx(x = [0 to 3]). */
 205:/opt/XMClib/XMC_Peripheral_Library_v2.1.16/XMCLib/src/xmc_eru.c **** void XMC_ERU_ETL_SetStatusFlagMode(XMC_ERU_t *const eru,
 206:/opt/XMClib/XMC_Peripheral_Library_v2.1.16/XMCLib/src/xmc_eru.c ****                                    const uint8_t channel,
 207:/opt/XMClib/XMC_Peripheral_Library_v2.1.16/XMCLib/src/xmc_eru.c ****                                    const XMC_ERU_ETL_STATUS_FLAG_MODE_t mode)
 208:/opt/XMClib/XMC_Peripheral_Library_v2.1.16/XMCLib/src/xmc_eru.c **** {
 392              		.loc 1 208 0
 393              		.cfi_startproc
 394              		@ args = 0, pretend = 0, frame = 8
 395              		@ frame_needed = 1, uses_anonymous_args = 0
 396              		@ link register save eliminated.
 397 0000 80B4     		push	{r7}
 398              	.LCFI34:
 399              		.cfi_def_cfa_offset 4
 400              		.cfi_offset 7, -4
 401 0002 83B0     		sub	sp, sp, #12
 402              	.LCFI35:
 403              		.cfi_def_cfa_offset 16
 404 0004 00AF     		add	r7, sp, #0
 405              	.LCFI36:
 406              		.cfi_def_cfa_register 7
 407 0006 7860     		str	r0, [r7, #4]
 408 0008 0B46     		mov	r3, r1
 409 000a FB70     		strb	r3, [r7, #3]
 410 000c 1346     		mov	r3, r2
 411 000e BB70     		strb	r3, [r7, #2]
 209:/opt/XMClib/XMC_Peripheral_Library_v2.1.16/XMCLib/src/xmc_eru.c ****   XMC_ASSERT("XMC_ERU_ETL_SetStatusFlagMode:Invalid Module Pointer", XMC_ERU_CHECK_MODULE_PTR(eru))
 210:/opt/XMClib/XMC_Peripheral_Library_v2.1.16/XMCLib/src/xmc_eru.c ****   XMC_ASSERT("XMC_ERU_ETL_SetStatusFlagMode:Invalid Channel Number", (channel < 4U));
 211:/opt/XMClib/XMC_Peripheral_Library_v2.1.16/XMCLib/src/xmc_eru.c ****   XMC_ASSERT("XMC_ERU_ETL_SetStatusFlagMode:Invalid Status Flag Mode", XMC_ERU_ETL_CHECK_STATUS_FLA
 212:/opt/XMClib/XMC_Peripheral_Library_v2.1.16/XMCLib/src/xmc_eru.c **** 
 213:/opt/XMClib/XMC_Peripheral_Library_v2.1.16/XMCLib/src/xmc_eru.c ****   eru->EXICON_b[channel].LD = (uint8_t)mode;
 412              		.loc 1 213 0
 413 0010 FB78     		ldrb	r3, [r7, #3]	@ zero_extendqisi2
 414 0012 BA78     		ldrb	r2, [r7, #2]
 415 0014 02F00102 		and	r2, r2, #1
 416 0018 D0B2     		uxtb	r0, r2
 417 001a 7A68     		ldr	r2, [r7, #4]
 418 001c 191D     		adds	r1, r3, #4
 419 001e 52F82130 		ldr	r3, [r2, r1, lsl #2]
 420 0022 60F34103 		bfi	r3, r0, #1, #1
 421 0026 42F82130 		str	r3, [r2, r1, lsl #2]
 214:/opt/XMClib/XMC_Peripheral_Library_v2.1.16/XMCLib/src/xmc_eru.c **** }
 422              		.loc 1 214 0
 423 002a 00BF     		nop
 424 002c 0C37     		adds	r7, r7, #12
 425              	.LCFI37:
 426              		.cfi_def_cfa_offset 4
 427 002e BD46     		mov	sp, r7
 428              	.LCFI38:
 429              		.cfi_def_cfa_register 13
 430              		@ sp needed
 431 0030 5DF8047B 		ldr	r7, [sp], #4
 432              	.LCFI39:
 433              		.cfi_restore 7
 434              		.cfi_def_cfa_offset 0
 435 0034 7047     		bx	lr
 436              		.cfi_endproc
 437              	.LFE138:
 439              		.section	.text.XMC_ERU_ETL_EnableOutputTrigger,"ax",%progbits
 440              		.align	1
 441              		.global	XMC_ERU_ETL_EnableOutputTrigger
 442              		.syntax unified
 443              		.thumb
 444              		.thumb_func
 445              		.fpu fpv4-sp-d16
 447              	XMC_ERU_ETL_EnableOutputTrigger:
 448              	.LFB139:
 215:/opt/XMClib/XMC_Peripheral_Library_v2.1.16/XMCLib/src/xmc_eru.c **** 
 216:/opt/XMClib/XMC_Peripheral_Library_v2.1.16/XMCLib/src/xmc_eru.c **** /* Configure which Channel of OGUy(Output gating unit y = [0 to 3]) to be mapped by the trigger pul
 217:/opt/XMClib/XMC_Peripheral_Library_v2.1.16/XMCLib/src/xmc_eru.c ****  * ETLx(Event Trigger Logic, x = [0 to 3]) by setting (OCS and PE) bit fields. */
 218:/opt/XMClib/XMC_Peripheral_Library_v2.1.16/XMCLib/src/xmc_eru.c **** void XMC_ERU_ETL_EnableOutputTrigger(XMC_ERU_t *const eru,
 219:/opt/XMClib/XMC_Peripheral_Library_v2.1.16/XMCLib/src/xmc_eru.c ****                                      const uint8_t channel,
 220:/opt/XMClib/XMC_Peripheral_Library_v2.1.16/XMCLib/src/xmc_eru.c ****                                      const XMC_ERU_ETL_OUTPUT_TRIGGER_CHANNEL_t trigger)
 221:/opt/XMClib/XMC_Peripheral_Library_v2.1.16/XMCLib/src/xmc_eru.c **** {
 449              		.loc 1 221 0
 450              		.cfi_startproc
 451              		@ args = 0, pretend = 0, frame = 8
 452              		@ frame_needed = 1, uses_anonymous_args = 0
 453              		@ link register save eliminated.
 454 0000 80B4     		push	{r7}
 455              	.LCFI40:
 456              		.cfi_def_cfa_offset 4
 457              		.cfi_offset 7, -4
 458 0002 83B0     		sub	sp, sp, #12
 459              	.LCFI41:
 460              		.cfi_def_cfa_offset 16
 461 0004 00AF     		add	r7, sp, #0
 462              	.LCFI42:
 463              		.cfi_def_cfa_register 7
 464 0006 7860     		str	r0, [r7, #4]
 465 0008 0B46     		mov	r3, r1
 466 000a FB70     		strb	r3, [r7, #3]
 467 000c 1346     		mov	r3, r2
 468 000e BB70     		strb	r3, [r7, #2]
 222:/opt/XMClib/XMC_Peripheral_Library_v2.1.16/XMCLib/src/xmc_eru.c ****   XMC_ASSERT("XMC_ERU_ETL_EnableOutputTrigger:Invalid Module Pointer", XMC_ERU_CHECK_MODULE_PTR(eru
 223:/opt/XMClib/XMC_Peripheral_Library_v2.1.16/XMCLib/src/xmc_eru.c ****   XMC_ASSERT("XMC_ERU_ETL_EnableOutputTrigger:Invalid Channel Number", (channel < 4U));
 224:/opt/XMClib/XMC_Peripheral_Library_v2.1.16/XMCLib/src/xmc_eru.c ****   XMC_ASSERT("XMC_ERU_ETL_EnableOutputTrigger:Invalid Output Channel", XMC_ERU_ETL_CHECK_TRIGGER_CH
 225:/opt/XMClib/XMC_Peripheral_Library_v2.1.16/XMCLib/src/xmc_eru.c **** 
 226:/opt/XMClib/XMC_Peripheral_Library_v2.1.16/XMCLib/src/xmc_eru.c ****   eru->EXICON_b[channel].OCS = (uint8_t)trigger;
 469              		.loc 1 226 0
 470 0010 FB78     		ldrb	r3, [r7, #3]	@ zero_extendqisi2
 471 0012 BA78     		ldrb	r2, [r7, #2]
 472 0014 02F00702 		and	r2, r2, #7
 473 0018 D0B2     		uxtb	r0, r2
 474 001a 7A68     		ldr	r2, [r7, #4]
 475 001c 191D     		adds	r1, r3, #4
 476 001e 52F82130 		ldr	r3, [r2, r1, lsl #2]
 477 0022 60F30613 		bfi	r3, r0, #4, #3
 478 0026 42F82130 		str	r3, [r2, r1, lsl #2]
 227:/opt/XMClib/XMC_Peripheral_Library_v2.1.16/XMCLib/src/xmc_eru.c ****   eru->EXICON_b[channel].PE = (uint8_t)true;
 479              		.loc 1 227 0
 480 002a FB78     		ldrb	r3, [r7, #3]	@ zero_extendqisi2
 481 002c 7A68     		ldr	r2, [r7, #4]
 482 002e 191D     		adds	r1, r3, #4
 483 0030 52F82130 		ldr	r3, [r2, r1, lsl #2]
 484 0034 43F00103 		orr	r3, r3, #1
 485 0038 42F82130 		str	r3, [r2, r1, lsl #2]
 228:/opt/XMClib/XMC_Peripheral_Library_v2.1.16/XMCLib/src/xmc_eru.c **** }
 486              		.loc 1 228 0
 487 003c 00BF     		nop
 488 003e 0C37     		adds	r7, r7, #12
 489              	.LCFI43:
 490              		.cfi_def_cfa_offset 4
 491 0040 BD46     		mov	sp, r7
 492              	.LCFI44:
 493              		.cfi_def_cfa_register 13
 494              		@ sp needed
 495 0042 5DF8047B 		ldr	r7, [sp], #4
 496              	.LCFI45:
 497              		.cfi_restore 7
 498              		.cfi_def_cfa_offset 0
 499 0046 7047     		bx	lr
 500              		.cfi_endproc
 501              	.LFE139:
 503              		.section	.text.XMC_ERU_ETL_DisableOutputTrigger,"ax",%progbits
 504              		.align	1
 505              		.global	XMC_ERU_ETL_DisableOutputTrigger
 506              		.syntax unified
 507              		.thumb
 508              		.thumb_func
 509              		.fpu fpv4-sp-d16
 511              	XMC_ERU_ETL_DisableOutputTrigger:
 512              	.LFB140:
 229:/opt/XMClib/XMC_Peripheral_Library_v2.1.16/XMCLib/src/xmc_eru.c **** 
 230:/opt/XMClib/XMC_Peripheral_Library_v2.1.16/XMCLib/src/xmc_eru.c **** /* Disables the trigger pulse generation by clearing the (PE) of the EXICONx(x = [0 to 3]). */
 231:/opt/XMClib/XMC_Peripheral_Library_v2.1.16/XMCLib/src/xmc_eru.c **** void XMC_ERU_ETL_DisableOutputTrigger(XMC_ERU_t *const eru, const uint8_t channel)
 232:/opt/XMClib/XMC_Peripheral_Library_v2.1.16/XMCLib/src/xmc_eru.c **** {
 513              		.loc 1 232 0
 514              		.cfi_startproc
 515              		@ args = 0, pretend = 0, frame = 8
 516              		@ frame_needed = 1, uses_anonymous_args = 0
 517              		@ link register save eliminated.
 518 0000 80B4     		push	{r7}
 519              	.LCFI46:
 520              		.cfi_def_cfa_offset 4
 521              		.cfi_offset 7, -4
 522 0002 83B0     		sub	sp, sp, #12
 523              	.LCFI47:
 524              		.cfi_def_cfa_offset 16
 525 0004 00AF     		add	r7, sp, #0
 526              	.LCFI48:
 527              		.cfi_def_cfa_register 7
 528 0006 7860     		str	r0, [r7, #4]
 529 0008 0B46     		mov	r3, r1
 530 000a FB70     		strb	r3, [r7, #3]
 233:/opt/XMClib/XMC_Peripheral_Library_v2.1.16/XMCLib/src/xmc_eru.c ****   XMC_ASSERT("XMC_ERU_ETL_DisableOutputTrigger:Invalid Module Pointer", XMC_ERU_CHECK_MODULE_PTR(er
 234:/opt/XMClib/XMC_Peripheral_Library_v2.1.16/XMCLib/src/xmc_eru.c ****   XMC_ASSERT("XMC_ERU_ETL_DisableOutputTrigger:Invalid Channel Number", (channel < 4U));
 235:/opt/XMClib/XMC_Peripheral_Library_v2.1.16/XMCLib/src/xmc_eru.c **** 
 236:/opt/XMClib/XMC_Peripheral_Library_v2.1.16/XMCLib/src/xmc_eru.c ****   eru->EXICON_b[channel].PE = false;
 531              		.loc 1 236 0
 532 000c FB78     		ldrb	r3, [r7, #3]	@ zero_extendqisi2
 533 000e 7A68     		ldr	r2, [r7, #4]
 534 0010 191D     		adds	r1, r3, #4
 535 0012 52F82130 		ldr	r3, [r2, r1, lsl #2]
 536 0016 6FF30003 		bfc	r3, #0, #1
 537 001a 42F82130 		str	r3, [r2, r1, lsl #2]
 237:/opt/XMClib/XMC_Peripheral_Library_v2.1.16/XMCLib/src/xmc_eru.c **** }
 538              		.loc 1 237 0
 539 001e 00BF     		nop
 540 0020 0C37     		adds	r7, r7, #12
 541              	.LCFI49:
 542              		.cfi_def_cfa_offset 4
 543 0022 BD46     		mov	sp, r7
 544              	.LCFI50:
 545              		.cfi_def_cfa_register 13
 546              		@ sp needed
 547 0024 5DF8047B 		ldr	r7, [sp], #4
 548              	.LCFI51:
 549              		.cfi_restore 7
 550              		.cfi_def_cfa_offset 0
 551 0028 7047     		bx	lr
 552              		.cfi_endproc
 553              	.LFE140:
 555              		.section	.text.XMC_ERU_OGU_EnablePatternDetection,"ax",%progbits
 556              		.align	1
 557              		.global	XMC_ERU_OGU_EnablePatternDetection
 558              		.syntax unified
 559              		.thumb
 560              		.thumb_func
 561              		.fpu fpv4-sp-d16
 563              	XMC_ERU_OGU_EnablePatternDetection:
 564              	.LFB141:
 238:/opt/XMClib/XMC_Peripheral_Library_v2.1.16/XMCLib/src/xmc_eru.c **** 
 239:/opt/XMClib/XMC_Peripheral_Library_v2.1.16/XMCLib/src/xmc_eru.c **** /* Configures ERU_ETLx(x = [0 to 3]) for pattern match detection by setting IPENx(x = [0 to 3) and 
 240:/opt/XMClib/XMC_Peripheral_Library_v2.1.16/XMCLib/src/xmc_eru.c **** void XMC_ERU_OGU_EnablePatternDetection(XMC_ERU_t *const eru,
 241:/opt/XMClib/XMC_Peripheral_Library_v2.1.16/XMCLib/src/xmc_eru.c ****                                         const uint8_t channel,
 242:/opt/XMClib/XMC_Peripheral_Library_v2.1.16/XMCLib/src/xmc_eru.c ****                                         const XMC_ERU_OGU_PATTERN_DETECTION_INPUT_t input)
 243:/opt/XMClib/XMC_Peripheral_Library_v2.1.16/XMCLib/src/xmc_eru.c **** {
 565              		.loc 1 243 0
 566              		.cfi_startproc
 567              		@ args = 0, pretend = 0, frame = 8
 568              		@ frame_needed = 1, uses_anonymous_args = 0
 569              		@ link register save eliminated.
 570 0000 80B4     		push	{r7}
 571              	.LCFI52:
 572              		.cfi_def_cfa_offset 4
 573              		.cfi_offset 7, -4
 574 0002 83B0     		sub	sp, sp, #12
 575              	.LCFI53:
 576              		.cfi_def_cfa_offset 16
 577 0004 00AF     		add	r7, sp, #0
 578              	.LCFI54:
 579              		.cfi_def_cfa_register 7
 580 0006 7860     		str	r0, [r7, #4]
 581 0008 0B46     		mov	r3, r1
 582 000a FB70     		strb	r3, [r7, #3]
 583 000c 1346     		mov	r3, r2
 584 000e BB70     		strb	r3, [r7, #2]
 244:/opt/XMClib/XMC_Peripheral_Library_v2.1.16/XMCLib/src/xmc_eru.c ****   XMC_ASSERT("XMC_ERU_OGU_EnablePatternDetection:Invalid Module Pointer", XMC_ERU_CHECK_MODULE_PTR(
 245:/opt/XMClib/XMC_Peripheral_Library_v2.1.16/XMCLib/src/xmc_eru.c ****   XMC_ASSERT("XMC_ERU_OGU_EnablePatternDetection:Invalid Channel Number", (channel < 4U));
 246:/opt/XMClib/XMC_Peripheral_Library_v2.1.16/XMCLib/src/xmc_eru.c ****   XMC_ASSERT("XMC_ERU_OGU_EnablePatternDetection:Invalid Pattern input", XMC_ERU_OGU_CHECK_PATTERN_
 247:/opt/XMClib/XMC_Peripheral_Library_v2.1.16/XMCLib/src/xmc_eru.c **** 
 248:/opt/XMClib/XMC_Peripheral_Library_v2.1.16/XMCLib/src/xmc_eru.c ****   eru->EXOCON_b[channel].IPEN = (uint8_t)input;
 585              		.loc 1 248 0
 586 0010 FB78     		ldrb	r3, [r7, #3]	@ zero_extendqisi2
 587 0012 BA78     		ldrb	r2, [r7, #2]
 588 0014 02F00F02 		and	r2, r2, #15
 589 0018 D0B2     		uxtb	r0, r2
 590 001a 7A68     		ldr	r2, [r7, #4]
 591 001c 03F10801 		add	r1, r3, #8
 592 0020 52F82130 		ldr	r3, [r2, r1, lsl #2]
 593 0024 60F30F33 		bfi	r3, r0, #12, #4
 594 0028 42F82130 		str	r3, [r2, r1, lsl #2]
 249:/opt/XMClib/XMC_Peripheral_Library_v2.1.16/XMCLib/src/xmc_eru.c ****   eru->EXOCON_b[channel].GEEN = true;
 595              		.loc 1 249 0
 596 002c FB78     		ldrb	r3, [r7, #3]	@ zero_extendqisi2
 597 002e 7A68     		ldr	r2, [r7, #4]
 598 0030 03F10801 		add	r1, r3, #8
 599 0034 52F82130 		ldr	r3, [r2, r1, lsl #2]
 600 0038 43F00403 		orr	r3, r3, #4
 601 003c 42F82130 		str	r3, [r2, r1, lsl #2]
 250:/opt/XMClib/XMC_Peripheral_Library_v2.1.16/XMCLib/src/xmc_eru.c **** }
 602              		.loc 1 250 0
 603 0040 00BF     		nop
 604 0042 0C37     		adds	r7, r7, #12
 605              	.LCFI55:
 606              		.cfi_def_cfa_offset 4
 607 0044 BD46     		mov	sp, r7
 608              	.LCFI56:
 609              		.cfi_def_cfa_register 13
 610              		@ sp needed
 611 0046 5DF8047B 		ldr	r7, [sp], #4
 612              	.LCFI57:
 613              		.cfi_restore 7
 614              		.cfi_def_cfa_offset 0
 615 004a 7047     		bx	lr
 616              		.cfi_endproc
 617              	.LFE141:
 619              		.section	.text.XMC_ERU_OGU_DisablePatternDetection,"ax",%progbits
 620              		.align	1
 621              		.global	XMC_ERU_OGU_DisablePatternDetection
 622              		.syntax unified
 623              		.thumb
 624              		.thumb_func
 625              		.fpu fpv4-sp-d16
 627              	XMC_ERU_OGU_DisablePatternDetection:
 628              	.LFB142:
 251:/opt/XMClib/XMC_Peripheral_Library_v2.1.16/XMCLib/src/xmc_eru.c **** 
 252:/opt/XMClib/XMC_Peripheral_Library_v2.1.16/XMCLib/src/xmc_eru.c **** /* Disable the pattern detection by clearing (GEEN) bit. */
 253:/opt/XMClib/XMC_Peripheral_Library_v2.1.16/XMCLib/src/xmc_eru.c **** void XMC_ERU_OGU_DisablePatternDetection(XMC_ERU_t *const eru, const uint8_t channel)
 254:/opt/XMClib/XMC_Peripheral_Library_v2.1.16/XMCLib/src/xmc_eru.c **** {
 629              		.loc 1 254 0
 630              		.cfi_startproc
 631              		@ args = 0, pretend = 0, frame = 8
 632              		@ frame_needed = 1, uses_anonymous_args = 0
 633              		@ link register save eliminated.
 634 0000 80B4     		push	{r7}
 635              	.LCFI58:
 636              		.cfi_def_cfa_offset 4
 637              		.cfi_offset 7, -4
 638 0002 83B0     		sub	sp, sp, #12
 639              	.LCFI59:
 640              		.cfi_def_cfa_offset 16
 641 0004 00AF     		add	r7, sp, #0
 642              	.LCFI60:
 643              		.cfi_def_cfa_register 7
 644 0006 7860     		str	r0, [r7, #4]
 645 0008 0B46     		mov	r3, r1
 646 000a FB70     		strb	r3, [r7, #3]
 255:/opt/XMClib/XMC_Peripheral_Library_v2.1.16/XMCLib/src/xmc_eru.c ****   XMC_ASSERT("XMC_ERU_OGU_DisablePatternDetection:Invalid Module Pointer", XMC_ERU_CHECK_MODULE_PTR
 256:/opt/XMClib/XMC_Peripheral_Library_v2.1.16/XMCLib/src/xmc_eru.c ****   XMC_ASSERT("XMC_ERU_OGU_DisablePatternDetection:Invalid Channel Number", (channel < 4U));
 257:/opt/XMClib/XMC_Peripheral_Library_v2.1.16/XMCLib/src/xmc_eru.c **** 
 258:/opt/XMClib/XMC_Peripheral_Library_v2.1.16/XMCLib/src/xmc_eru.c ****   eru->EXOCON_b[channel].GEEN = false;
 647              		.loc 1 258 0
 648 000c FB78     		ldrb	r3, [r7, #3]	@ zero_extendqisi2
 649 000e 7A68     		ldr	r2, [r7, #4]
 650 0010 03F10801 		add	r1, r3, #8
 651 0014 52F82130 		ldr	r3, [r2, r1, lsl #2]
 652 0018 6FF38203 		bfc	r3, #2, #1
 653 001c 42F82130 		str	r3, [r2, r1, lsl #2]
 259:/opt/XMClib/XMC_Peripheral_Library_v2.1.16/XMCLib/src/xmc_eru.c **** }
 654              		.loc 1 259 0
 655 0020 00BF     		nop
 656 0022 0C37     		adds	r7, r7, #12
 657              	.LCFI61:
 658              		.cfi_def_cfa_offset 4
 659 0024 BD46     		mov	sp, r7
 660              	.LCFI62:
 661              		.cfi_def_cfa_register 13
 662              		@ sp needed
 663 0026 5DF8047B 		ldr	r7, [sp], #4
 664              	.LCFI63:
 665              		.cfi_restore 7
 666              		.cfi_def_cfa_offset 0
 667 002a 7047     		bx	lr
 668              		.cfi_endproc
 669              	.LFE142:
 671              		.section	.text.XMC_ERU_OGU_EnablePeripheralTrigger,"ax",%progbits
 672              		.align	1
 673              		.global	XMC_ERU_OGU_EnablePeripheralTrigger
 674              		.syntax unified
 675              		.thumb
 676              		.thumb_func
 677              		.fpu fpv4-sp-d16
 679              	XMC_ERU_OGU_EnablePeripheralTrigger:
 680              	.LFB143:
 260:/opt/XMClib/XMC_Peripheral_Library_v2.1.16/XMCLib/src/xmc_eru.c **** 
 261:/opt/XMClib/XMC_Peripheral_Library_v2.1.16/XMCLib/src/xmc_eru.c **** /* Configures peripheral trigger input, by setting (ISS) bit. */
 262:/opt/XMClib/XMC_Peripheral_Library_v2.1.16/XMCLib/src/xmc_eru.c **** void XMC_ERU_OGU_EnablePeripheralTrigger(XMC_ERU_t *const eru,
 263:/opt/XMClib/XMC_Peripheral_Library_v2.1.16/XMCLib/src/xmc_eru.c ****                                          const uint8_t channel,
 264:/opt/XMClib/XMC_Peripheral_Library_v2.1.16/XMCLib/src/xmc_eru.c ****                                          const XMC_ERU_OGU_PERIPHERAL_TRIGGER_t peripheral_trigger)
 265:/opt/XMClib/XMC_Peripheral_Library_v2.1.16/XMCLib/src/xmc_eru.c **** {
 681              		.loc 1 265 0
 682              		.cfi_startproc
 683              		@ args = 0, pretend = 0, frame = 8
 684              		@ frame_needed = 1, uses_anonymous_args = 0
 685              		@ link register save eliminated.
 686 0000 80B4     		push	{r7}
 687              	.LCFI64:
 688              		.cfi_def_cfa_offset 4
 689              		.cfi_offset 7, -4
 690 0002 83B0     		sub	sp, sp, #12
 691              	.LCFI65:
 692              		.cfi_def_cfa_offset 16
 693 0004 00AF     		add	r7, sp, #0
 694              	.LCFI66:
 695              		.cfi_def_cfa_register 7
 696 0006 7860     		str	r0, [r7, #4]
 697 0008 0B46     		mov	r3, r1
 698 000a FB70     		strb	r3, [r7, #3]
 699 000c 1346     		mov	r3, r2
 700 000e BB70     		strb	r3, [r7, #2]
 266:/opt/XMClib/XMC_Peripheral_Library_v2.1.16/XMCLib/src/xmc_eru.c ****   XMC_ASSERT("XMC_ERU_OGU_EnablePeripheralTrigger:Invalid Module Pointer", XMC_ERU_CHECK_MODULE_PTR
 267:/opt/XMClib/XMC_Peripheral_Library_v2.1.16/XMCLib/src/xmc_eru.c ****   XMC_ASSERT("XMC_ERU_OGU_EnablePeripheralTrigger:Invalid Channel Number", (channel < 4U));
 268:/opt/XMClib/XMC_Peripheral_Library_v2.1.16/XMCLib/src/xmc_eru.c ****   XMC_ASSERT("XMC_ERU_OGU_EnablePeripheralTrigger:Invalid Peripheral Trigger Input", 
 269:/opt/XMClib/XMC_Peripheral_Library_v2.1.16/XMCLib/src/xmc_eru.c ****               XMC_ERU_OGU_CHECK_PERIPHERAL_TRIGGER(peripheral_trigger));
 270:/opt/XMClib/XMC_Peripheral_Library_v2.1.16/XMCLib/src/xmc_eru.c **** 
 271:/opt/XMClib/XMC_Peripheral_Library_v2.1.16/XMCLib/src/xmc_eru.c ****   eru->EXOCON_b[channel].ISS = (uint8_t)peripheral_trigger;
 701              		.loc 1 271 0
 702 0010 FB78     		ldrb	r3, [r7, #3]	@ zero_extendqisi2
 703 0012 BA78     		ldrb	r2, [r7, #2]
 704 0014 02F00302 		and	r2, r2, #3
 705 0018 D0B2     		uxtb	r0, r2
 706 001a 7A68     		ldr	r2, [r7, #4]
 707 001c 03F10801 		add	r1, r3, #8
 708 0020 52F82130 		ldr	r3, [r2, r1, lsl #2]
 709 0024 60F30103 		bfi	r3, r0, #0, #2
 710 0028 42F82130 		str	r3, [r2, r1, lsl #2]
 272:/opt/XMClib/XMC_Peripheral_Library_v2.1.16/XMCLib/src/xmc_eru.c **** }
 711              		.loc 1 272 0
 712 002c 00BF     		nop
 713 002e 0C37     		adds	r7, r7, #12
 714              	.LCFI67:
 715              		.cfi_def_cfa_offset 4
 716 0030 BD46     		mov	sp, r7
 717              	.LCFI68:
 718              		.cfi_def_cfa_register 13
 719              		@ sp needed
 720 0032 5DF8047B 		ldr	r7, [sp], #4
 721              	.LCFI69:
 722              		.cfi_restore 7
 723              		.cfi_def_cfa_offset 0
 724 0036 7047     		bx	lr
 725              		.cfi_endproc
 726              	.LFE143:
 728              		.section	.text.XMC_ERU_OGU_DisablePeripheralTrigger,"ax",%progbits
 729              		.align	1
 730              		.global	XMC_ERU_OGU_DisablePeripheralTrigger
 731              		.syntax unified
 732              		.thumb
 733              		.thumb_func
 734              		.fpu fpv4-sp-d16
 736              	XMC_ERU_OGU_DisablePeripheralTrigger:
 737              	.LFB144:
 273:/opt/XMClib/XMC_Peripheral_Library_v2.1.16/XMCLib/src/xmc_eru.c **** 
 274:/opt/XMClib/XMC_Peripheral_Library_v2.1.16/XMCLib/src/xmc_eru.c **** /* Disables event generation based on peripheral trigger by clearing (ISS) bit. */
 275:/opt/XMClib/XMC_Peripheral_Library_v2.1.16/XMCLib/src/xmc_eru.c **** void XMC_ERU_OGU_DisablePeripheralTrigger(XMC_ERU_t *const eru,
 276:/opt/XMClib/XMC_Peripheral_Library_v2.1.16/XMCLib/src/xmc_eru.c ****                                           const uint8_t channel)
 277:/opt/XMClib/XMC_Peripheral_Library_v2.1.16/XMCLib/src/xmc_eru.c **** {
 738              		.loc 1 277 0
 739              		.cfi_startproc
 740              		@ args = 0, pretend = 0, frame = 8
 741              		@ frame_needed = 1, uses_anonymous_args = 0
 742              		@ link register save eliminated.
 743 0000 80B4     		push	{r7}
 744              	.LCFI70:
 745              		.cfi_def_cfa_offset 4
 746              		.cfi_offset 7, -4
 747 0002 83B0     		sub	sp, sp, #12
 748              	.LCFI71:
 749              		.cfi_def_cfa_offset 16
 750 0004 00AF     		add	r7, sp, #0
 751              	.LCFI72:
 752              		.cfi_def_cfa_register 7
 753 0006 7860     		str	r0, [r7, #4]
 754 0008 0B46     		mov	r3, r1
 755 000a FB70     		strb	r3, [r7, #3]
 278:/opt/XMClib/XMC_Peripheral_Library_v2.1.16/XMCLib/src/xmc_eru.c ****   XMC_ASSERT("XMC_ERU_OGU_DisablePeripheralTrigger:Invalid Module Pointer", XMC_ERU_CHECK_MODULE_PT
 279:/opt/XMClib/XMC_Peripheral_Library_v2.1.16/XMCLib/src/xmc_eru.c ****   XMC_ASSERT("XMC_ERU_OGU_DisablePeripheralTrigger:Invalid Channel Number", (channel < 4U));
 280:/opt/XMClib/XMC_Peripheral_Library_v2.1.16/XMCLib/src/xmc_eru.c **** 
 281:/opt/XMClib/XMC_Peripheral_Library_v2.1.16/XMCLib/src/xmc_eru.c ****   eru->EXOCON_b[channel].ISS = (uint8_t)0;
 756              		.loc 1 281 0
 757 000c FB78     		ldrb	r3, [r7, #3]	@ zero_extendqisi2
 758 000e 7A68     		ldr	r2, [r7, #4]
 759 0010 03F10801 		add	r1, r3, #8
 760 0014 52F82130 		ldr	r3, [r2, r1, lsl #2]
 761 0018 6FF30103 		bfc	r3, #0, #2
 762 001c 42F82130 		str	r3, [r2, r1, lsl #2]
 282:/opt/XMClib/XMC_Peripheral_Library_v2.1.16/XMCLib/src/xmc_eru.c **** }
 763              		.loc 1 282 0
 764 0020 00BF     		nop
 765 0022 0C37     		adds	r7, r7, #12
 766              	.LCFI73:
 767              		.cfi_def_cfa_offset 4
 768 0024 BD46     		mov	sp, r7
 769              	.LCFI74:
 770              		.cfi_def_cfa_register 13
 771              		@ sp needed
 772 0026 5DF8047B 		ldr	r7, [sp], #4
 773              	.LCFI75:
 774              		.cfi_restore 7
 775              		.cfi_def_cfa_offset 0
 776 002a 7047     		bx	lr
 777              		.cfi_endproc
 778              	.LFE144:
 780              		.section	.text.XMC_ERU_OGU_SetServiceRequestMode,"ax",%progbits
 781              		.align	1
 782              		.global	XMC_ERU_OGU_SetServiceRequestMode
 783              		.syntax unified
 784              		.thumb
 785              		.thumb_func
 786              		.fpu fpv4-sp-d16
 788              	XMC_ERU_OGU_SetServiceRequestMode:
 789              	.LFB145:
 283:/opt/XMClib/XMC_Peripheral_Library_v2.1.16/XMCLib/src/xmc_eru.c **** 
 284:/opt/XMClib/XMC_Peripheral_Library_v2.1.16/XMCLib/src/xmc_eru.c **** /* Configures the gating scheme for service request generation by setting (GP) bit. */
 285:/opt/XMClib/XMC_Peripheral_Library_v2.1.16/XMCLib/src/xmc_eru.c **** void XMC_ERU_OGU_SetServiceRequestMode(XMC_ERU_t *const eru,
 286:/opt/XMClib/XMC_Peripheral_Library_v2.1.16/XMCLib/src/xmc_eru.c ****                                        const uint8_t channel,
 287:/opt/XMClib/XMC_Peripheral_Library_v2.1.16/XMCLib/src/xmc_eru.c ****                                        const XMC_ERU_OGU_SERVICE_REQUEST_t mode)
 288:/opt/XMClib/XMC_Peripheral_Library_v2.1.16/XMCLib/src/xmc_eru.c **** {
 790              		.loc 1 288 0
 791              		.cfi_startproc
 792              		@ args = 0, pretend = 0, frame = 8
 793              		@ frame_needed = 1, uses_anonymous_args = 0
 794              		@ link register save eliminated.
 795 0000 80B4     		push	{r7}
 796              	.LCFI76:
 797              		.cfi_def_cfa_offset 4
 798              		.cfi_offset 7, -4
 799 0002 83B0     		sub	sp, sp, #12
 800              	.LCFI77:
 801              		.cfi_def_cfa_offset 16
 802 0004 00AF     		add	r7, sp, #0
 803              	.LCFI78:
 804              		.cfi_def_cfa_register 7
 805 0006 7860     		str	r0, [r7, #4]
 806 0008 0B46     		mov	r3, r1
 807 000a FB70     		strb	r3, [r7, #3]
 808 000c 1346     		mov	r3, r2
 809 000e BB70     		strb	r3, [r7, #2]
 289:/opt/XMClib/XMC_Peripheral_Library_v2.1.16/XMCLib/src/xmc_eru.c ****   XMC_ASSERT("XMC_ERU_OGU_SetServiceRequestMode:Invalid Module Pointer", XMC_ERU_CHECK_MODULE_PTR(e
 290:/opt/XMClib/XMC_Peripheral_Library_v2.1.16/XMCLib/src/xmc_eru.c ****   XMC_ASSERT("XMC_ERU_OGU_SetServiceRequestMode:Invalid Channel Number", (channel < 4U));
 291:/opt/XMClib/XMC_Peripheral_Library_v2.1.16/XMCLib/src/xmc_eru.c ****   XMC_ASSERT("XMC_ERU_OGU_SetServiceRequestMode:Invalid Service Request Mode", XMC_ERU_OGU_CHECK_SE
 292:/opt/XMClib/XMC_Peripheral_Library_v2.1.16/XMCLib/src/xmc_eru.c **** 
 293:/opt/XMClib/XMC_Peripheral_Library_v2.1.16/XMCLib/src/xmc_eru.c ****   eru->EXOCON_b[channel].GP = (uint8_t)mode;
 810              		.loc 1 293 0
 811 0010 FB78     		ldrb	r3, [r7, #3]	@ zero_extendqisi2
 812 0012 BA78     		ldrb	r2, [r7, #2]
 813 0014 02F00302 		and	r2, r2, #3
 814 0018 D0B2     		uxtb	r0, r2
 815 001a 7A68     		ldr	r2, [r7, #4]
 816 001c 03F10801 		add	r1, r3, #8
 817 0020 52F82130 		ldr	r3, [r2, r1, lsl #2]
 818 0024 60F30513 		bfi	r3, r0, #4, #2
 819 0028 42F82130 		str	r3, [r2, r1, lsl #2]
 294:/opt/XMClib/XMC_Peripheral_Library_v2.1.16/XMCLib/src/xmc_eru.c **** 
 295:/opt/XMClib/XMC_Peripheral_Library_v2.1.16/XMCLib/src/xmc_eru.c **** }
 820              		.loc 1 295 0
 821 002c 00BF     		nop
 822 002e 0C37     		adds	r7, r7, #12
 823              	.LCFI79:
 824              		.cfi_def_cfa_offset 4
 825 0030 BD46     		mov	sp, r7
 826              	.LCFI80:
 827              		.cfi_def_cfa_register 13
 828              		@ sp needed
 829 0032 5DF8047B 		ldr	r7, [sp], #4
 830              	.LCFI81:
 831              		.cfi_restore 7
 832              		.cfi_def_cfa_offset 0
 833 0036 7047     		bx	lr
 834              		.cfi_endproc
 835              	.LFE145:
 837              		.text
 838              	.Letext0:
 839              		.file 2 "/usr/arm-none-eabi/include/machine/_default_types.h"
 840              		.file 3 "/usr/arm-none-eabi/include/sys/_stdint.h"
 841              		.file 4 "/usr/arm-none-eabi/include/sys/lock.h"
 842              		.file 5 "/usr/arm-none-eabi/include/sys/_types.h"
 843              		.file 6 "/usr/lib/gcc/arm-none-eabi/7.3.1/include/stddef.h"
 844              		.file 7 "/usr/arm-none-eabi/include/sys/reent.h"
 845              		.file 8 "/opt/XMClib/XMC_Peripheral_Library_v2.1.16/CMSIS/Include/core_cm4.h"
 846              		.file 9 "/opt/XMClib/XMC_Peripheral_Library_v2.1.16/CMSIS/Infineon/XMC4500_series/Include/system_X
 847              		.file 10 "/opt/XMClib/XMC_Peripheral_Library_v2.1.16/XMCLib/inc/xmc_eru.h"
DEFINED SYMBOLS
                            *ABS*:0000000000000000 xmc_eru.c
     /tmp/ccoMFckJ.s:17     .text.XMC_ERU_ETL_Init:0000000000000000 $t
     /tmp/ccoMFckJ.s:24     .text.XMC_ERU_ETL_Init:0000000000000000 XMC_ERU_ETL_Init
     /tmp/ccoMFckJ.s:92     .text.XMC_ERU_OGU_Init:0000000000000000 $t
     /tmp/ccoMFckJ.s:99     .text.XMC_ERU_OGU_Init:0000000000000000 XMC_ERU_OGU_Init
     /tmp/ccoMFckJ.s:144    .text.XMC_ERU_ETL_SetInput:0000000000000000 $t
     /tmp/ccoMFckJ.s:151    .text.XMC_ERU_ETL_SetInput:0000000000000000 XMC_ERU_ETL_SetInput
     /tmp/ccoMFckJ.s:217    .text.XMC_ERU_ETL_SetSource:0000000000000000 $t
     /tmp/ccoMFckJ.s:224    .text.XMC_ERU_ETL_SetSource:0000000000000000 XMC_ERU_ETL_SetSource
     /tmp/ccoMFckJ.s:274    .text.XMC_ERU_ETL_SetEdgeDetection:0000000000000000 $t
     /tmp/ccoMFckJ.s:281    .text.XMC_ERU_ETL_SetEdgeDetection:0000000000000000 XMC_ERU_ETL_SetEdgeDetection
     /tmp/ccoMFckJ.s:331    .text.XMC_ERU_ETL_GetEdgeDetection:0000000000000000 $t
     /tmp/ccoMFckJ.s:338    .text.XMC_ERU_ETL_GetEdgeDetection:0000000000000000 XMC_ERU_ETL_GetEdgeDetection
     /tmp/ccoMFckJ.s:383    .text.XMC_ERU_ETL_SetStatusFlagMode:0000000000000000 $t
     /tmp/ccoMFckJ.s:390    .text.XMC_ERU_ETL_SetStatusFlagMode:0000000000000000 XMC_ERU_ETL_SetStatusFlagMode
     /tmp/ccoMFckJ.s:440    .text.XMC_ERU_ETL_EnableOutputTrigger:0000000000000000 $t
     /tmp/ccoMFckJ.s:447    .text.XMC_ERU_ETL_EnableOutputTrigger:0000000000000000 XMC_ERU_ETL_EnableOutputTrigger
     /tmp/ccoMFckJ.s:504    .text.XMC_ERU_ETL_DisableOutputTrigger:0000000000000000 $t
     /tmp/ccoMFckJ.s:511    .text.XMC_ERU_ETL_DisableOutputTrigger:0000000000000000 XMC_ERU_ETL_DisableOutputTrigger
     /tmp/ccoMFckJ.s:556    .text.XMC_ERU_OGU_EnablePatternDetection:0000000000000000 $t
     /tmp/ccoMFckJ.s:563    .text.XMC_ERU_OGU_EnablePatternDetection:0000000000000000 XMC_ERU_OGU_EnablePatternDetection
     /tmp/ccoMFckJ.s:620    .text.XMC_ERU_OGU_DisablePatternDetection:0000000000000000 $t
     /tmp/ccoMFckJ.s:627    .text.XMC_ERU_OGU_DisablePatternDetection:0000000000000000 XMC_ERU_OGU_DisablePatternDetection
     /tmp/ccoMFckJ.s:672    .text.XMC_ERU_OGU_EnablePeripheralTrigger:0000000000000000 $t
     /tmp/ccoMFckJ.s:679    .text.XMC_ERU_OGU_EnablePeripheralTrigger:0000000000000000 XMC_ERU_OGU_EnablePeripheralTrigger
     /tmp/ccoMFckJ.s:729    .text.XMC_ERU_OGU_DisablePeripheralTrigger:0000000000000000 $t
     /tmp/ccoMFckJ.s:736    .text.XMC_ERU_OGU_DisablePeripheralTrigger:0000000000000000 XMC_ERU_OGU_DisablePeripheralTrigger
     /tmp/ccoMFckJ.s:781    .text.XMC_ERU_OGU_SetServiceRequestMode:0000000000000000 $t
     /tmp/ccoMFckJ.s:788    .text.XMC_ERU_OGU_SetServiceRequestMode:0000000000000000 XMC_ERU_OGU_SetServiceRequestMode
                           .group:0000000000000000 wm4.0.7a9f4dea188ccacb7d502cdcabb040c1
                           .group:0000000000000000 wm4.stddef.h.39.99b5021e28f91cdb161c889e07266673
                           .group:0000000000000000 wm4._newlib_version.h.4.875b979a44719054cd750d0952ad3fd6
                           .group:0000000000000000 wm4.features.h.33.5bd1eea2d80518b50f7af0b5ce6750e0
                           .group:0000000000000000 wm4._default_types.h.15.247e5cd201eca3442cbf5404108c4935
                           .group:0000000000000000 wm4._intsup.h.10.cce27fed8484c08a33f522034c30d2b5
                           .group:0000000000000000 wm4._stdint.h.10.c24fa3af3bc1706662bb5593a907e841
                           .group:0000000000000000 wm4.stdint.h.23.d53047a68f4a85177f80b422d52785ed
                           .group:0000000000000000 wm4.stdbool.h.29.07dce69c3b78884144b7f7bd19483461
                           .group:0000000000000000 wm4.newlib.h.8.f6e543eac3f2f65163ba2ffe3b04987b
                           .group:0000000000000000 wm4.ieeefp.h.77.220d9cccac42cd58761758bee2df4ce6
                           .group:0000000000000000 wm4.config.h.220.6cac6a9685cfce5e83c17784171638d9
                           .group:0000000000000000 wm4._ansi.h.31.de524f58584151836e90d8620a16f8e8
                           .group:0000000000000000 wm4.lock.h.2.1461d1fff82dffe8bfddc23307f6484f
                           .group:0000000000000000 wm4._types.h.125.5cf8a495f1f7ef36777ad868a1e32068
                           .group:0000000000000000 wm4.stddef.h.161.5349cb105733e8777bfb0cf53c4e3f34
                           .group:0000000000000000 wm4._types.h.184.03611d4f6b5bec9997bcf4279eceba07
                           .group:0000000000000000 wm4.reent.h.17.90c2574d4acdcfce933db5cb09ff35fe
                           .group:0000000000000000 wm4.cdefs.h.47.14fad0b327eb9dcf106599b738d85132
                           .group:0000000000000000 wm4.string.h.15.dab3980bf35408a4c507182805e2de3a
                           .group:0000000000000000 wm4.stddef.h.161.19e15733342b50ead2919490b095303e
                           .group:0000000000000000 wm4.xmc_device.h.61.ba2d082e12f51240746cffdd60d42b81
                           .group:0000000000000000 wm4.XMC4500.h.55.9aa45b9b5790506b2dcb963e4e7adeaf
                           .group:0000000000000000 wm4.core_cm4.h.32.6c6eb1c8daeca23ce7ba79c8e8120d52
                           .group:0000000000000000 wm4.cmsis_gcc.h.26.91b63349961c35637933e4fba51b867b
                           .group:0000000000000000 wm4.core_cm4.h.172.fdd5a388a160bb6ff767b7d7ee212268
                           .group:0000000000000000 wm4.system_XMC4500.h.42.99124977c10ca8844a71949adbeabd70
                           .group:0000000000000000 wm4.XMC4500.h.208.b340195df97f067735c4c769ba59985a
                           .group:0000000000000000 wm4.xmc_device.h.1460.8860499b404961ffcfbb8d1fefcb2146
                           .group:0000000000000000 wm4.xmc_common.h.92.3f4336a80569affab05a81145b87c2fc
                           .group:0000000000000000 wm4.xmc_eru.h.106.a3cf8ffd1ed81795507a0e5515e61c9f
                           .group:0000000000000000 wm4.xmc4_eru_map.h.52.8e49f278b9c05a3381adfb852b367c5c

UNDEFINED SYMBOLS
XMC_ERU_Enable
